#
# A fatal error has been detected by the Java Runtime Environment:
#
#  EXCEPTION_ACCESS_VIOLATION (0xc0000005) at pc=0x00007fffd29e6a28, pid=6580, tid=8252
#
# JRE version: Java(TM) SE Runtime Environment (17.0.12+8) (build 17.0.12+8-LTS-286)
# Java VM: Java HotSpot(TM) 64-Bit Server VM (17.0.12+8-LTS-286, mixed mode, sharing, tiered, compressed oops, compressed class ptrs, g1 gc, windows-amd64)
# Problematic frame:
# V  [jvm.dll+0x366a28]
#
# No core dump will be written. Minidumps are not enabled by default on client versions of Windows
#
# If you would like to submit a bug report, please visit:
#   https://bugreport.java.com/bugreport/crash.jsp
#

---------------  S U M M A R Y ------------

Command Line: -XX:MaxMetaspaceSize=4G -XX:ReservedCodeCacheSize=512m -XX:+HeapDumpOnOutOfMemoryError --add-opens=java.base/java.util=ALL-UNNAMED --add-opens=java.base/java.lang=ALL-UNNAMED --add-opens=java.base/java.lang.invoke=ALL-UNNAMED --add-opens=java.prefs/java.util.prefs=ALL-UNNAMED --add-exports=jdk.compiler/com.sun.tools.javac.api=ALL-UNNAMED --add-exports=jdk.compiler/com.sun.tools.javac.util=ALL-UNNAMED --add-opens=java.base/java.nio.charset=ALL-UNNAMED --add-opens=java.base/java.net=ALL-UNNAMED --add-opens=java.base/java.util.concurrent.atomic=ALL-UNNAMED -Xmx8G -Dfile.encoding=windows-1256 -Duser.country=US -Duser.language=en -Duser.variant -javaagent:C:\Users\FAST\.gradle\wrapper\dists\gradle-8.10.2-all\7iv73wktx1xtkvlq19urqw1wm\gradle-8.10.2\lib\agents\gradle-instrumentation-agent-8.10.2.jar org.gradle.launcher.daemon.bootstrap.GradleDaemon 8.10.2

Host: Intel(R) Core(TM) i5-5300U CPU @ 2.30GHz, 4 cores, 7G,  Windows 10 , 64 bit Build 19041 (10.0.19041.5794)
Time: Mon May  5 00:06:15 2025 Arab Standard Time elapsed time: 150.161952 seconds (0d 0h 2m 30s)

---------------  T H R E A D  ---------------

Current thread (0x00000249cb617c50):  JavaThread "C2 CompilerThread0" daemon [_thread_in_native, id=8252, stack(0x000000f668800000,0x000000f668900000)]


Current CompileTask:
C2: 150185 15554       4       org.gradle.internal.snapshot.impl.DirectorySnapshotterStatistics$CollectingFileVisitor::preVisitDirectory (10 bytes)

Stack: [0x000000f668800000,0x000000f668900000],  sp=0x000000f6688fbdd0,  free space=1007k
Native frames: (J=compiled Java code, j=interpreted, Vv=VM code, C=native code)
V  [jvm.dll+0x366a28]
V  [jvm.dll+0x366a64]
V  [jvm.dll+0x5637dd]
V  [jvm.dll+0x1ba470]
V  [jvm.dll+0x216997]
V  [jvm.dll+0x215c6f]
V  [jvm.dll+0x1a2960]
V  [jvm.dll+0x22610b]
V  [jvm.dll+0x2242ab]
V  [jvm.dll+0x79075c]
V  [jvm.dll+0x78abea]
V  [jvm.dll+0x678f35]
C  [ucrtbase.dll+0x21bb2]
C  [KERNEL32.DLL+0x17374]
C  [ntdll.dll+0x4cc91]


siginfo: EXCEPTION_ACCESS_VIOLATION (0xc0000005), reading address 0xffffffffffffffff


Registers:
RAX=0x11080000024a1310, RBX=0x000000f6688fecc0, RCX=0x000000f6688ff7c0, RDX=0x00000000000001e6
RSP=0x000000f6688fbdd0, RBP=0x000002498e4d89d0, RSI=0x00000000000001e6, RDI=0x0000024a147da7a0
R8 =0x00007fffd31898e8, R9 =0x0000000000000003, R10=0x00007fffd31898e8, R11=0x000000f6688fbe28
R12=0x0000000000000001, R13=0x0000024a16274a00, R14=0x0000024a16798968, R15=0x0000024a147da7a0
RIP=0x00007fffd29e6a28, EFLAGS=0x0000000000010202


Register to memory mapping:

RIP=0x00007fffd29e6a28 jvm.dll
RAX=0x11080000024a1310 is an unknown value
RBX=0x000000f6688fecc0 is pointing into the stack for thread: 0x00000249cb617c50
RCX=0x000000f6688ff7c0 is pointing into the stack for thread: 0x00000249cb617c50
RDX=0x00000000000001e6 is an unknown value
RSP=0x000000f6688fbdd0 is pointing into the stack for thread: 0x00000249cb617c50
RBP=0x000002498e4d89d0 points into unknown readable memory: 0x8000000800000001 | 01 00 00 00 08 00 00 80
RSI=0x00000000000001e6 is an unknown value
RDI=0x0000024a147da7a0 points into unknown readable memory: 0x0000000300000001 | 01 00 00 00 03 00 00 00
R8 =0x00007fffd31898e8 jvm.dll
R9 =0x0000000000000003 is an unknown value
R10=0x00007fffd31898e8 jvm.dll
R11=0x000000f6688fbe28 is pointing into the stack for thread: 0x00000249cb617c50
R12=0x0000000000000001 is an unknown value
R13=0x0000024a16274a00 points into unknown readable memory: 0x000000060000000c | 0c 00 00 00 06 00 00 00
R14=0x0000024a16798968 points into unknown readable memory: 0x00007fffd2edf848 | 48 f8 ed d2 ff 7f 00 00
R15=0x0000024a147da7a0 points into unknown readable memory: 0x0000000300000001 | 01 00 00 00 03 00 00 00


Top of Stack: (sp=0x000000f6688fbdd0)
0x000000f6688fbdd0:   0000024a162746e0 000002498e4d89d0
0x000000f6688fbde0:   00000000000005a5 0000000000000002
0x000000f6688fbdf0:   00000000000001e6 00007fffd29e6a64
0x000000f6688fbe00:   0000024a16274280 0000024a162746e0
0x000000f6688fbe10:   0000000000000003 0000000000000002
0x000000f6688fbe20:   00000000000001e6 00007fffd2be37dd
0x000000f6688fbe30:   000000f6688fc040 0000024a175e44e0
0x000000f6688fbe40:   0000024a147dff20 0000000000000000
0x000000f6688fbe50:   000002498e4d89a0 0000024a16274a00
0x000000f6688fbe60:   00000249cb613df0 0000024a15d4e080
0x000000f6688fbe70:   00000000000b5940 0000024a15d53790
0x000000f6688fbe80:   0000024a15d56068 00007fff00000008
0x000000f6688fbe90:   0000024a16274aa0 000000f600000008
0x000000f6688fbea0:   00000249cb613df0 0000000000000000
0x000000f6688fbeb0:   000000000003f4b0 0000024a1480fc30
0x000000f6688fbec0:   000000f6688fc460 00000000000003d8 

Instructions: (pc=0x00007fffd29e6a28)
0x00007fffd29e6928:   48 8b 4f 28 48 85 c9 74 07 8b d3 e8 58 01 00 00
0x00007fffd29e6938:   ff c3 3b 5f 14 72 b1 33 c0 48 8b 5c 24 30 48 8b
0x00007fffd29e6948:   6c 24 38 48 8b 74 24 40 48 83 c4 20 5f c3 8b 47
0x00007fffd29e6958:   10 48 8b 74 24 40 44 8d 04 82 41 c1 e0 06 41 81
0x00007fffd29e6968:   c0 00 ff ff ff 44 89 47 08 49 8b 12 48 0f bc c2
0x00007fffd29e6978:   44 89 4f 0c 8b c8 48 d3 ea 48 ff ca 41 03 c0 48
0x00007fffd29e6988:   89 17 89 47 08 48 83 c4 20 5f c3 8b c8 44 8d 04
0x00007fffd29e6998:   98 41 c1 e0 06 8d 43 01 44 89 47 08 48 8b 14 ca
0x00007fffd29e69a8:   89 47 10 48 0f bc c2 44 89 4f 0c 8b c8 48 d3 ea
0x00007fffd29e69b8:   48 ff ca 41 03 c0 48 89 17 89 47 08 e9 78 ff ff
0x00007fffd29e69c8:   ff cc cc cc cc cc cc cc 40 53 48 83 ec 20 65 48
0x00007fffd29e69d8:   8b 04 25 58 00 00 00 8b 0d 93 18 7e 00 48 8b 1c
0x00007fffd29e69e8:   c8 b8 50 00 00 00 80 3c 18 00 75 05 e8 b3 fa 4c
0x00007fffd29e69f8:   00 b8 20 00 00 00 48 8b 04 18 48 8b 88 d8 04 00
0x00007fffd29e6a08:   00 48 8b 99 80 00 00 00 48 8b 83 d0 08 00 00 48
0x00007fffd29e6a18:   85 c0 75 0c e8 7f 07 00 00 48 8b 83 d0 08 00 00
0x00007fffd29e6a28:   48 8b 08 0f 57 c0 48 89 8b d0 08 00 00 0f 11 00
0x00007fffd29e6a38:   0f 11 40 10 48 83 c4 20 5b c3 cc cc cc cc cc cc
0x00007fffd29e6a48:   cc cc cc cc cc cc cc cc 48 89 5c 24 08 57 48 83
0x00007fffd29e6a58:   ec 20 8b da 48 8b f9 e8 6c ff ff ff c1 eb 08 3b
0x00007fffd29e6a68:   5f 04 72 08 44 8d 43 01 44 89 47 04 48 8b 4f 08
0x00007fffd29e6a78:   48 89 04 d9 48 8b 5c 24 30 48 83 c4 20 5f c3 cc
0x00007fffd29e6a88:   cc cc cc cc cc cc cc cc 48 89 5c 24 08 48 89 6c
0x00007fffd29e6a98:   24 10 48 89 74 24 18 57 41 56 41 57 48 83 ec 20
0x00007fffd29e6aa8:   8b c2 48 8b f9 8b 15 c5 17 7e 00 41 be 50 00 00
0x00007fffd29e6ab8:   00 48 8d 34 c5 00 00 00 00 48 8b 41 08 48 8b 1c
0x00007fffd29e6ac8:   06 65 48 8b 04 25 58 00 00 00 48 8b 2c d0 41 80
0x00007fffd29e6ad8:   3c 2e 00 75 05 e8 ca f9 4c 00 41 bf 20 00 00 00
0x00007fffd29e6ae8:   49 8b 04 2f 48 8b 88 d8 04 00 00 48 8b 81 80 00
0x00007fffd29e6af8:   00 00 48 8b 88 d0 08 00 00 48 89 0b 41 80 3c 2e
0x00007fffd29e6b08:   00 75 05 e8 9c f9 4c 00 49 8b 04 2f 48 8b 6c 24
0x00007fffd29e6b18:   48 48 8b 88 d8 04 00 00 48 8b 81 80 00 00 00 48 


Stack slot to memory mapping:
stack at sp + 0 slots: 0x0000024a162746e0 points into unknown readable memory: 0x000000060000000b | 0b 00 00 00 06 00 00 00
stack at sp + 1 slots: 0x000002498e4d89d0 points into unknown readable memory: 0x8000000800000001 | 01 00 00 00 08 00 00 80
stack at sp + 2 slots: 0x00000000000005a5 is an unknown value
stack at sp + 3 slots: 0x0000000000000002 is an unknown value
stack at sp + 4 slots: 0x00000000000001e6 is an unknown value
stack at sp + 5 slots: 0x00007fffd29e6a64 jvm.dll
stack at sp + 6 slots: 0x0000024a16274280 points into unknown readable memory: 0x000000060000000c | 0c 00 00 00 06 00 00 00
stack at sp + 7 slots: 0x0000024a162746e0 points into unknown readable memory: 0x000000060000000b | 0b 00 00 00 06 00 00 00


---------------  P R O C E S S  ---------------

Threads class SMR info:
_java_thread_list=0x0000024a12de52a0, length=85, elements={
0x000002498e4eb1c0, 0x00000249cb3e47c0, 0x00000249cb3e5640, 0x00000249cb3fd340,
0x00000249cb3fdf00, 0x00000249cb3fe8c0, 0x00000249cb612480, 0x00000249cb617c50,
0x00000249cb620710, 0x00000249cb62d140, 0x00000249cb71c970, 0x00000249cb7d4b30,
0x0000024a11195e70, 0x0000024a122ec5a0, 0x0000024a122ea740, 0x0000024a122eac50,
0x0000024a122eb160, 0x0000024a122ebb80, 0x0000024a122ec090, 0x0000024a122ecab0,
0x0000024a122ecfc0, 0x0000024a122ed4d0, 0x0000024a122e9d20, 0x0000024a122ea230,
0x0000024a122eb670, 0x0000024a12b72a70, 0x0000024a12b76c40, 0x0000024a12b77150,
0x0000024a12b77660, 0x0000024a12b78aa0, 0x0000024a12b748d0, 0x0000024a12b72f80,
0x0000024a12b76220, 0x0000024a12b78fb0, 0x0000024a12b752f0, 0x0000024a12b75800,
0x0000024a12b79ee0, 0x0000024a12b77b70, 0x0000024a12b73eb0, 0x0000024a12b7a3f0,
0x0000024a12b73490, 0x0000024a12b794c0, 0x0000024a12b799d0, 0x0000024a12b75d10,
0x0000024a12b78080, 0x0000024a12b739a0, 0x0000024a12b743c0, 0x0000024a14d9d030,
0x0000024a14d99880, 0x0000024a14d9c610, 0x0000024a14d9b6e0, 0x0000024a14d99d90,
0x0000024a14d9acc0, 0x0000024a14d9a7b0, 0x0000024a14d9a2a0, 0x0000024a14d9cb20,
0x0000024a14d9bbf0, 0x0000024a14d9b1d0, 0x0000024a14d9c100, 0x0000024a15710740,
0x0000024a15716260, 0x0000024a15714910, 0x0000024a157139e0, 0x0000024a1570f810,
0x0000024a15710c50, 0x0000024a15714e20, 0x0000024a15711160, 0x0000024a15712fc0,
0x0000024a15710230, 0x0000024a15715330, 0x0000024a15711670, 0x0000024a157125a0,
0x0000024a15713ef0, 0x0000024a15715d50, 0x0000024a15716770, 0x0000024a1570f300,
0x0000024a14be8ce0, 0x0000024a14be91f0, 0x0000024a14be7390, 0x0000024a14be9700,
0x0000024a14bea120, 0x0000024a14be9c10, 0x0000024a14be5a40, 0x0000024a14beb050,
0x0000024a145da180
}

Java Threads: ( => current thread )
  0x000002498e4eb1c0 JavaThread "main" [_thread_blocked, id=6712, stack(0x000000f667b00000,0x000000f667c00000)]
  0x00000249cb3e47c0 JavaThread "Reference Handler" daemon [_thread_blocked, id=8484, stack(0x000000f668200000,0x000000f668300000)]
  0x00000249cb3e5640 JavaThread "Finalizer" daemon [_thread_blocked, id=10596, stack(0x000000f668300000,0x000000f668400000)]
  0x00000249cb3fd340 JavaThread "Signal Dispatcher" daemon [_thread_blocked, id=11724, stack(0x000000f668400000,0x000000f668500000)]
  0x00000249cb3fdf00 JavaThread "Attach Listener" daemon [_thread_blocked, id=11240, stack(0x000000f668500000,0x000000f668600000)]
  0x00000249cb3fe8c0 JavaThread "Service Thread" daemon [_thread_blocked, id=11588, stack(0x000000f668600000,0x000000f668700000)]
  0x00000249cb612480 JavaThread "Monitor Deflation Thread" daemon [_thread_blocked, id=9728, stack(0x000000f668700000,0x000000f668800000)]
=>0x00000249cb617c50 JavaThread "C2 CompilerThread0" daemon [_thread_in_native, id=8252, stack(0x000000f668800000,0x000000f668900000)]
  0x00000249cb620710 JavaThread "C1 CompilerThread0" daemon [_thread_blocked, id=5356, stack(0x000000f668900000,0x000000f668a00000)]
  0x00000249cb62d140 JavaThread "Sweeper thread" daemon [_thread_blocked, id=10344, stack(0x000000f668a00000,0x000000f668b00000)]
  0x00000249cb71c970 JavaThread "Common-Cleaner" daemon [_thread_blocked, id=10372, stack(0x000000f668b00000,0x000000f668c00000)]
  0x00000249cb7d4b30 JavaThread "Notification Thread" daemon [_thread_blocked, id=7164, stack(0x000000f668c00000,0x000000f668d00000)]
  0x0000024a11195e70 JavaThread "Daemon health stats" [_thread_blocked, id=11660, stack(0x000000f669100000,0x000000f669200000)]
  0x0000024a122ec5a0 JavaThread "Incoming local TCP Connector on port 42444" [_thread_in_native, id=3364, stack(0x000000f669200000,0x000000f669300000)]
  0x0000024a122ea740 JavaThread "Daemon periodic checks" [_thread_blocked, id=1844, stack(0x000000f669300000,0x000000f669400000)]
  0x0000024a122eac50 JavaThread "Daemon" [_thread_blocked, id=7528, stack(0x000000f669400000,0x000000f669500000)]
  0x0000024a122eb160 JavaThread "Handler for socket connection from /127.0.0.1:42444 to /127.0.0.1:42445" [_thread_in_native, id=12012, stack(0x000000f669500000,0x000000f669600000)]
  0x0000024a122ebb80 JavaThread "Cancel handler" [_thread_blocked, id=8944, stack(0x000000f669600000,0x000000f669700000)]
  0x0000024a122ec090 JavaThread "Daemon worker" [_thread_in_native, id=2796, stack(0x000000f669700000,0x000000f669800000)]
  0x0000024a122ecab0 JavaThread "Asynchronous log dispatcher for DefaultDaemonConnection: socket connection from /127.0.0.1:42444 to /127.0.0.1:42445" [_thread_blocked, id=6996, stack(0x000000f669800000,0x000000f669900000)]
  0x0000024a122ecfc0 JavaThread "Stdin handler" [_thread_blocked, id=7380, stack(0x000000f669900000,0x000000f669a00000)]
  0x0000024a122ed4d0 JavaThread "Daemon client event forwarder" [_thread_blocked, id=11536, stack(0x000000f669a00000,0x000000f669b00000)]
  0x0000024a122e9d20 JavaThread "Cache worker for journal cache (C:\Users\FAST\.gradle\caches\journal-1)" [_thread_blocked, id=1240, stack(0x000000f669b00000,0x000000f669c00000)]
  0x0000024a122ea230 JavaThread "File lock request listener" [_thread_in_native, id=8136, stack(0x000000f669c00000,0x000000f669d00000)]
  0x0000024a122eb670 JavaThread "Cache worker for file hash cache (C:\Users\FAST\.gradle\caches\8.10.2\fileHashes)" [_thread_blocked, id=8380, stack(0x000000f669d00000,0x000000f669e00000)]
  0x0000024a12b72a70 JavaThread "Cache worker for file hash cache (C:\Users\FAST\Desktop\flutterapp\kem\android\.gradle\8.10.2\fileHashes)" [_thread_blocked, id=11780, stack(0x000000f669e00000,0x000000f669f00000)]
  0x0000024a12b76c40 JavaThread "Cache worker for Build Output Cleanup Cache (C:\Users\FAST\Desktop\flutterapp\kem\android\.gradle\buildOutputCleanup)" [_thread_blocked, id=248, stack(0x000000f669f00000,0x000000f66a000000)]
  0x0000024a12b77150 JavaThread "File watcher server" daemon [_thread_in_native, id=9604, stack(0x000000f66a000000,0x000000f66a100000)]
  0x0000024a12b77660 JavaThread "File watcher consumer" daemon [_thread_blocked, id=6220, stack(0x000000f66a100000,0x000000f66a200000)]
  0x0000024a12b78aa0 JavaThread "Cache worker for checksums cache (C:\Users\FAST\Desktop\flutterapp\kem\android\.gradle\8.10.2\checksums)" [_thread_blocked, id=7112, stack(0x000000f66a300000,0x000000f66a400000)]
  0x0000024a12b748d0 JavaThread "Cache worker for file content cache (C:\Users\FAST\.gradle\caches\8.10.2\fileContent)" [_thread_blocked, id=6420, stack(0x000000f66a400000,0x000000f66a500000)]
  0x0000024a12b72f80 JavaThread "Cache worker for cache directory md-rule (C:\Users\FAST\.gradle\caches\8.10.2\md-rule)" [_thread_blocked, id=2708, stack(0x000000f66a500000,0x000000f66a600000)]
  0x0000024a12b76220 JavaThread "Cache worker for cache directory md-supplier (C:\Users\FAST\.gradle\caches\8.10.2\md-supplier)" [_thread_blocked, id=6952, stack(0x000000f66a600000,0x000000f66a700000)]
  0x0000024a12b78fb0 JavaThread "Cache worker for Build Output Cleanup Cache (C:\flutter\packages\flutter_tools\gradle\.gradle\buildOutputCleanup)" [_thread_blocked, id=11776, stack(0x000000f66a700000,0x000000f66a800000)]
  0x0000024a12b752f0 JavaThread "Unconstrained build operations" [_thread_blocked, id=12100, stack(0x000000f66a800000,0x000000f66a900000)]
  0x0000024a12b75800 JavaThread "Unconstrained build operations Thread 2" [_thread_blocked, id=2716, stack(0x000000f66a900000,0x000000f66aa00000)]
  0x0000024a12b79ee0 JavaThread "Unconstrained build operations Thread 3" [_thread_blocked, id=11736, stack(0x000000f66aa00000,0x000000f66ab00000)]
  0x0000024a12b77b70 JavaThread "Unconstrained build operations Thread 4" [_thread_in_Java, id=6540, stack(0x000000f66ab00000,0x000000f66ac00000)]
  0x0000024a12b73eb0 JavaThread "Unconstrained build operations Thread 5" [_thread_blocked, id=4784, stack(0x000000f66ac00000,0x000000f66ad00000)]
  0x0000024a12b7a3f0 JavaThread "Unconstrained build operations Thread 6" [_thread_in_Java, id=10308, stack(0x000000f66ad00000,0x000000f66ae00000)]
  0x0000024a12b73490 JavaThread "Unconstrained build operations Thread 7" [_thread_blocked, id=8996, stack(0x000000f66ae00000,0x000000f66af00000)]
  0x0000024a12b794c0 JavaThread "Unconstrained build operations Thread 8" [_thread_blocked, id=5040, stack(0x000000f66af00000,0x000000f66b000000)]
  0x0000024a12b799d0 JavaThread "Unconstrained build operations Thread 9" [_thread_blocked, id=10524, stack(0x000000f66b000000,0x000000f66b100000)]
  0x0000024a12b75d10 JavaThread "Memory manager" [_thread_blocked, id=4388, stack(0x000000f66b100000,0x000000f66b200000)]
  0x0000024a12b78080 JavaThread "build event listener" [_thread_blocked, id=5476, stack(0x000000f66b200000,0x000000f66b300000)]
  0x0000024a12b739a0 JavaThread "Execution worker" [_thread_blocked, id=10260, stack(0x000000f66b700000,0x000000f66b800000)]
  0x0000024a12b743c0 JavaThread "Execution worker Thread 2" [_thread_blocked, id=10644, stack(0x000000f66b800000,0x000000f66b900000)]
  0x0000024a14d9d030 JavaThread "Execution worker Thread 3" [_thread_blocked, id=10060, stack(0x000000f66b900000,0x000000f66ba00000)]
  0x0000024a14d99880 JavaThread "Cache worker for execution history cache (C:\flutter\packages\flutter_tools\gradle\.gradle\8.10.2\executionHistory)" [_thread_blocked, id=7776, stack(0x000000f66ba00000,0x000000f66bb00000)]
  0x0000024a14d9c610 JavaThread "Unconstrained build operations Thread 10" [_thread_blocked, id=1176, stack(0x000000f66b500000,0x000000f66b600000)]
  0x0000024a14d9b6e0 JavaThread "Unconstrained build operations Thread 11" [_thread_blocked, id=10768, stack(0x000000f66bb00000,0x000000f66bc00000)]
  0x0000024a14d99d90 JavaThread "Unconstrained build operations Thread 12" [_thread_blocked, id=8040, stack(0x000000f66bc00000,0x000000f66bd00000)]
  0x0000024a14d9acc0 JavaThread "Unconstrained build operations Thread 13" [_thread_blocked, id=6160, stack(0x000000f66bd00000,0x000000f66be00000)]
  0x0000024a14d9a7b0 JavaThread "Unconstrained build operations Thread 14" [_thread_blocked, id=9156, stack(0x000000f66be00000,0x000000f66bf00000)]
  0x0000024a14d9a2a0 JavaThread "Unconstrained build operations Thread 15" [_thread_blocked, id=9848, stack(0x000000f66bf00000,0x000000f66c000000)]
  0x0000024a14d9cb20 JavaThread "Unconstrained build operations Thread 16" [_thread_blocked, id=1800, stack(0x000000f66c100000,0x000000f66c200000)]
  0x0000024a14d9bbf0 JavaThread "Unconstrained build operations Thread 17" [_thread_blocked, id=11004, stack(0x000000f66c200000,0x000000f66c300000)]
  0x0000024a14d9b1d0 JavaThread "Unconstrained build operations Thread 18" [_thread_blocked, id=6436, stack(0x000000f66c300000,0x000000f66c400000)]
  0x0000024a14d9c100 JavaThread "Unconstrained build operations Thread 19" [_thread_blocked, id=12204, stack(0x000000f66c400000,0x000000f66c500000)]
  0x0000024a15710740 JavaThread "Unconstrained build operations Thread 20" [_thread_blocked, id=11680, stack(0x000000f66c500000,0x000000f66c600000)]
  0x0000024a15716260 JavaThread "Unconstrained build operations Thread 21" [_thread_blocked, id=11392, stack(0x000000f66c600000,0x000000f66c700000)]
  0x0000024a15714910 JavaThread "Unconstrained build operations Thread 22" [_thread_blocked, id=10704, stack(0x000000f66c000000,0x000000f66c100000)]
  0x0000024a157139e0 JavaThread "Unconstrained build operations Thread 23" [_thread_blocked, id=1380, stack(0x000000f66c700000,0x000000f66c800000)]
  0x0000024a1570f810 JavaThread "Unconstrained build operations Thread 24" [_thread_blocked, id=3680, stack(0x000000f66c800000,0x000000f66c900000)]
  0x0000024a15710c50 JavaThread "Unconstrained build operations Thread 25" [_thread_blocked, id=2464, stack(0x000000f66c900000,0x000000f66ca00000)]
  0x0000024a15714e20 JavaThread "Unconstrained build operations Thread 26" [_thread_blocked, id=6924, stack(0x000000f66ca00000,0x000000f66cb00000)]
  0x0000024a15711160 JavaThread "Unconstrained build operations Thread 27" [_thread_blocked, id=4508, stack(0x000000f66cb00000,0x000000f66cc00000)]
  0x0000024a15712fc0 JavaThread "Unconstrained build operations Thread 28" [_thread_blocked, id=7096, stack(0x000000f66cc00000,0x000000f66cd00000)]
  0x0000024a15710230 JavaThread "Unconstrained build operations Thread 29" [_thread_blocked, id=6688, stack(0x000000f66cd00000,0x000000f66ce00000)]
  0x0000024a15715330 JavaThread "Unconstrained build operations Thread 30" [_thread_blocked, id=6196, stack(0x000000f66ce00000,0x000000f66cf00000)]
  0x0000024a15711670 JavaThread "jar transforms" [_thread_blocked, id=3700, stack(0x000000f66cf00000,0x000000f66d000000)]
  0x0000024a157125a0 JavaThread "jar transforms Thread 2" [_thread_blocked, id=7952, stack(0x000000f66d000000,0x000000f66d100000)]
  0x0000024a15713ef0 JavaThread "jar transforms Thread 3" [_thread_blocked, id=5924, stack(0x000000f667900000,0x000000f667a00000)]
  0x0000024a15715d50 JavaThread "jar transforms Thread 4" [_thread_blocked, id=9504, stack(0x000000f667a00000,0x000000f667b00000)]
  0x0000024a15716770 JavaThread "Unconstrained build operations Thread 31" [_thread_blocked, id=12236, stack(0x000000f667800000,0x000000f667900000)]
  0x0000024a1570f300 JavaThread "Unconstrained build operations Thread 32" [_thread_blocked, id=12132, stack(0x000000f66d200000,0x000000f66d300000)]
  0x0000024a14be8ce0 JavaThread "Unconstrained build operations Thread 33" [_thread_blocked, id=10496, stack(0x000000f66d300000,0x000000f66d400000)]
  0x0000024a14be91f0 JavaThread "Unconstrained build operations Thread 34" [_thread_blocked, id=6380, stack(0x000000f66d400000,0x000000f66d500000)]
  0x0000024a14be7390 JavaThread "Unconstrained build operations Thread 35" [_thread_blocked, id=1512, stack(0x000000f66d500000,0x000000f66d600000)]
  0x0000024a14be9700 JavaThread "Unconstrained build operations Thread 36" [_thread_blocked, id=12072, stack(0x000000f66d600000,0x000000f66d700000)]
  0x0000024a14bea120 JavaThread "Unconstrained build operations Thread 37" [_thread_blocked, id=10648, stack(0x000000f66d700000,0x000000f66d800000)]
  0x0000024a14be9c10 JavaThread "Unconstrained build operations Thread 38" [_thread_blocked, id=10868, stack(0x000000f66d800000,0x000000f66d900000)]
  0x0000024a14be5a40 JavaThread "Unconstrained build operations Thread 39" [_thread_blocked, id=4692, stack(0x000000f66d900000,0x000000f66da00000)]
  0x0000024a14beb050 JavaThread "Unconstrained build operations Thread 40" [_thread_blocked, id=10600, stack(0x000000f66da00000,0x000000f66db00000)]
  0x0000024a145da180 JavaThread "C2 CompilerThread1" daemon [_thread_in_native, id=11940, stack(0x000000f66b600000,0x000000f66b700000)]

Other Threads:
  0x00000249cb3e0bc0 VMThread "VM Thread" [stack: 0x000000f668100000,0x000000f668200000] [id=9080]
  0x00000249cb7d5010 WatcherThread [stack: 0x000000f668d00000,0x000000f668e00000] [id=8892]
  0x000002498e596850 GCTaskThread "GC Thread#0" [stack: 0x000000f667c00000,0x000000f667d00000] [id=11268]
  0x00000249cb8c3c50 GCTaskThread "GC Thread#1" [stack: 0x000000f668e00000,0x000000f668f00000] [id=10564]
  0x00000249cb8c7c30 GCTaskThread "GC Thread#2" [stack: 0x000000f668f00000,0x000000f669000000] [id=4000]
  0x00000249cb84c060 GCTaskThread "GC Thread#3" [stack: 0x000000f669000000,0x000000f669100000] [id=5816]
  0x000002498e5a77a0 ConcurrentGCThread "G1 Main Marker" [stack: 0x000000f667d00000,0x000000f667e00000] [id=3528]
  0x000002498e5a8950 ConcurrentGCThread "G1 Conc#0" [stack: 0x000000f667e00000,0x000000f667f00000] [id=11168]
  0x00000249cb27bb20 ConcurrentGCThread "G1 Refine#0" [stack: 0x000000f667f00000,0x000000f668000000] [id=2108]
  0x0000024a13bc50b0 ConcurrentGCThread "G1 Refine#1" [stack: 0x000000f66a200000,0x000000f66a300000] [id=10300]
  0x0000024a15d61760 ConcurrentGCThread "G1 Refine#2" [stack: 0x000000f66db00000,0x000000f66dc00000] [id=11796]
  0x0000024a15d60e90 ConcurrentGCThread "G1 Refine#3" [stack: 0x000000f66dc00000,0x000000f66dd00000] [id=2508]
  0x000002498e5be780 ConcurrentGCThread "G1 Service" [stack: 0x000000f668000000,0x000000f668100000] [id=3124]

Threads with active compile tasks:
C2 CompilerThread0   150393 15554       4       org.gradle.internal.snapshot.impl.DirectorySnapshotterStatistics$CollectingFileVisitor::preVisitDirectory (10 bytes)
C2 CompilerThread1   150393 15573       4       org.gradle.cache.internal.btree.BTreePersistentIndexedCache$DataBlock::write (33 bytes)

VM state: not at safepoint (normal execution)

VM Mutex/Monitor currently owned by a thread: None

Heap address: 0x0000000600000000, size: 8192 MB, Compressed Oops mode: Zero based, Oop shift amount: 3

CDS archive(s) mapped at: [0x00000249cc000000-0x00000249ccbd0000-0x00000249ccbd0000), size 12386304, SharedBaseAddress: 0x00000249cc000000, ArchiveRelocationMode: 1.
Compressed class space mapped at: 0x00000249cd000000-0x0000024a0d000000, reserved size: 1073741824
Narrow klass base: 0x00000249cc000000, Narrow klass shift: 0, Narrow klass range: 0x100000000

GC Precious Log:
 CPUs: 4 total, 4 available
 Memory: 8067M
 Large Page Support: Disabled
 NUMA Support: Disabled
 Compressed Oops: Enabled (Zero based)
 Heap Region Size: 4M
 Heap Min Capacity: 8M
 Heap Initial Capacity: 128M
 Heap Max Capacity: 8G
 Pre-touch: Disabled
 Parallel Workers: 4
 Concurrent Workers: 1
 Concurrent Refinement Workers: 4
 Periodic GC: Disabled

Heap:
 garbage-first heap   total 794624K, used 503159K [0x0000000600000000, 0x0000000800000000)
  region size 4096K, 75 young (307200K), 7 survivors (28672K)
 Metaspace       used 92280K, committed 93184K, reserved 1179648K
  class space    used 12460K, committed 12928K, reserved 1048576K

Heap Regions: E=young(eden), S=young(survivor), O=old, HS=humongous(starts), HC=humongous(continues), CS=collection set, F=free, OA=open archive, CA=closed archive, TAMS=top-at-mark-start (previous, next)
|   0|0x0000000600000000, 0x0000000600400000, 0x0000000600400000|100%|HS|  |TAMS 0x0000000600400000, 0x0000000600000000| Complete 
|   1|0x0000000600400000, 0x0000000600800000, 0x0000000600800000|100%| O|  |TAMS 0x0000000600800000, 0x0000000600400000| Untracked 
|   2|0x0000000600800000, 0x0000000600c00000, 0x0000000600c00000|100%| O|  |TAMS 0x0000000600c00000, 0x0000000600800000| Untracked 
|   3|0x0000000600c00000, 0x0000000601000000, 0x0000000601000000|100%| O|  |TAMS 0x0000000601000000, 0x0000000600c00000| Untracked 
|   4|0x0000000601000000, 0x0000000601400000, 0x0000000601400000|100%| O|  |TAMS 0x0000000601400000, 0x0000000601000000| Untracked 
|   5|0x0000000601400000, 0x0000000601800000, 0x0000000601800000|100%| O|  |TAMS 0x0000000601800000, 0x0000000601400000| Untracked 
|   6|0x0000000601800000, 0x0000000601c00000, 0x0000000601c00000|100%| O|  |TAMS 0x0000000601c00000, 0x0000000601800000| Untracked 
|   7|0x0000000601c00000, 0x0000000602000000, 0x0000000602000000|100%| O|  |TAMS 0x0000000602000000, 0x0000000601c00000| Untracked 
|   8|0x0000000602000000, 0x0000000602400000, 0x0000000602400000|100%| O|  |TAMS 0x0000000602400000, 0x0000000602000000| Untracked 
|   9|0x0000000602400000, 0x0000000602800000, 0x0000000602800000|100%|HS|  |TAMS 0x0000000602800000, 0x0000000602400000| Complete 
|  10|0x0000000602800000, 0x0000000602c00000, 0x0000000602c00000|100%| O|  |TAMS 0x0000000602c00000, 0x0000000602800000| Untracked 
|  11|0x0000000602c00000, 0x0000000603000000, 0x0000000603000000|100%|HS|  |TAMS 0x0000000603000000, 0x0000000602c00000| Complete 
|  12|0x0000000603000000, 0x0000000603400000, 0x0000000603400000|100%| O|  |TAMS 0x0000000603400000, 0x0000000603000000| Untracked 
|  13|0x0000000603400000, 0x0000000603800000, 0x0000000603800000|100%| O|  |TAMS 0x0000000603800000, 0x0000000603400000| Untracked 
|  14|0x0000000603800000, 0x0000000603c00000, 0x0000000603c00000|100%|HS|  |TAMS 0x0000000603c00000, 0x0000000603800000| Complete 
|  15|0x0000000603c00000, 0x0000000604000000, 0x0000000604000000|100%| O|  |TAMS 0x0000000604000000, 0x0000000603c00000| Untracked 
|  16|0x0000000604000000, 0x0000000604400000, 0x0000000604400000|100%| O|  |TAMS 0x0000000604400000, 0x0000000604000000| Untracked 
|  17|0x0000000604400000, 0x0000000604800000, 0x0000000604800000|100%| O|  |TAMS 0x0000000604800000, 0x0000000604400000| Untracked 
|  18|0x0000000604800000, 0x0000000604c00000, 0x0000000604c00000|100%| O|  |TAMS 0x0000000604c00000, 0x0000000604800000| Untracked 
|  19|0x0000000604c00000, 0x0000000605000000, 0x0000000605000000|100%| O|  |TAMS 0x0000000605000000, 0x0000000604c00000| Untracked 
|  20|0x0000000605000000, 0x0000000605400000, 0x0000000605400000|100%| O|  |TAMS 0x0000000605400000, 0x0000000605000000| Untracked 
|  21|0x0000000605400000, 0x0000000605800000, 0x0000000605800000|100%| O|  |TAMS 0x0000000605800000, 0x0000000605400000| Untracked 
|  22|0x0000000605800000, 0x0000000605c00000, 0x0000000605c00000|100%| O|  |TAMS 0x0000000605c00000, 0x0000000605800000| Untracked 
|  23|0x0000000605c00000, 0x0000000606000000, 0x0000000606000000|100%| O|  |TAMS 0x0000000606000000, 0x0000000605c00000| Untracked 
|  24|0x0000000606000000, 0x0000000606400000, 0x0000000606400000|100%|HS|  |TAMS 0x0000000606400000, 0x0000000606000000| Complete 
|  25|0x0000000606400000, 0x0000000606800000, 0x0000000606800000|100%| O|  |TAMS 0x0000000606800000, 0x0000000606400000| Untracked 
|  26|0x0000000606800000, 0x0000000606c00000, 0x0000000606c00000|100%| O|  |TAMS 0x00000006068d9200, 0x0000000606800000| Untracked 
|  27|0x0000000606c00000, 0x0000000607000000, 0x0000000607000000|100%| O|  |TAMS 0x0000000606c00000, 0x0000000606c00000| Untracked 
|  28|0x0000000607000000, 0x0000000607400000, 0x0000000607400000|100%| O|  |TAMS 0x0000000607000000, 0x0000000607000000| Untracked 
|  29|0x0000000607400000, 0x0000000607800000, 0x0000000607800000|100%| O|  |TAMS 0x0000000607400000, 0x0000000607400000| Untracked 
|  30|0x0000000607800000, 0x0000000607c00000, 0x0000000607c00000|100%| O|  |TAMS 0x0000000607800000, 0x0000000607800000| Untracked 
|  31|0x0000000607c00000, 0x0000000608000000, 0x0000000608000000|100%| O|  |TAMS 0x0000000607c00000, 0x0000000607c00000| Untracked 
|  32|0x0000000608000000, 0x0000000608400000, 0x0000000608400000|100%| O|  |TAMS 0x0000000608000000, 0x0000000608000000| Untracked 
|  33|0x0000000608400000, 0x0000000608800000, 0x0000000608800000|100%| O|  |TAMS 0x0000000608400000, 0x0000000608400000| Untracked 
|  34|0x0000000608800000, 0x0000000608c00000, 0x0000000608c00000|100%| O|  |TAMS 0x0000000608800000, 0x0000000608800000| Untracked 
|  35|0x0000000608c00000, 0x0000000609000000, 0x0000000609000000|100%| O|  |TAMS 0x0000000608c00000, 0x0000000608c00000| Untracked 
|  36|0x0000000609000000, 0x0000000609400000, 0x0000000609400000|100%| O|  |TAMS 0x0000000609000000, 0x0000000609000000| Untracked 
|  37|0x0000000609400000, 0x0000000609800000, 0x0000000609800000|100%| O|  |TAMS 0x0000000609400000, 0x0000000609400000| Untracked 
|  38|0x0000000609800000, 0x0000000609c00000, 0x0000000609c00000|100%| O|  |TAMS 0x0000000609800000, 0x0000000609800000| Untracked 
|  39|0x0000000609c00000, 0x000000060a000000, 0x000000060a000000|100%| O|  |TAMS 0x0000000609c00000, 0x0000000609c00000| Untracked 
|  40|0x000000060a000000, 0x000000060a400000, 0x000000060a400000|100%| O|  |TAMS 0x000000060a000000, 0x000000060a000000| Untracked 
|  41|0x000000060a400000, 0x000000060a800000, 0x000000060a800000|100%| O|  |TAMS 0x000000060a400000, 0x000000060a400000| Untracked 
|  42|0x000000060a800000, 0x000000060ac00000, 0x000000060ac00000|100%| O|  |TAMS 0x000000060a800000, 0x000000060a800000| Untracked 
|  43|0x000000060ac00000, 0x000000060b000000, 0x000000060b000000|100%| O|  |TAMS 0x000000060ac00000, 0x000000060ac00000| Untracked 
|  44|0x000000060b000000, 0x000000060b400000, 0x000000060b400000|100%| O|  |TAMS 0x000000060b000000, 0x000000060b000000| Untracked 
|  45|0x000000060b400000, 0x000000060b800000, 0x000000060b800000|100%| O|  |TAMS 0x000000060b400000, 0x000000060b400000| Untracked 
|  46|0x000000060b800000, 0x000000060bc00000, 0x000000060bc00000|100%| O|  |TAMS 0x000000060b800000, 0x000000060b800000| Untracked 
|  47|0x000000060bc00000, 0x000000060c000000, 0x000000060c000000|100%| O|  |TAMS 0x000000060bc00000, 0x000000060bc00000| Untracked 
|  48|0x000000060c000000, 0x000000060c400000, 0x000000060c400000|100%|HS|  |TAMS 0x000000060c000000, 0x000000060c000000| Complete 
|  49|0x000000060c400000, 0x000000060c64f400, 0x000000060c800000| 57%| O|  |TAMS 0x000000060c400000, 0x000000060c400000| Untracked 
|  50|0x000000060c800000, 0x000000060c800000, 0x000000060cc00000|  0%| F|  |TAMS 0x000000060c800000, 0x000000060c800000| Untracked 
|  51|0x000000060cc00000, 0x000000060cc00000, 0x000000060d000000|  0%| F|  |TAMS 0x000000060cc00000, 0x000000060cc00000| Untracked 
|  52|0x000000060d000000, 0x000000060d000000, 0x000000060d400000|  0%| F|  |TAMS 0x000000060d000000, 0x000000060d000000| Untracked 
|  53|0x000000060d400000, 0x000000060d400000, 0x000000060d800000|  0%| F|  |TAMS 0x000000060d400000, 0x000000060d400000| Untracked 
|  54|0x000000060d800000, 0x000000060d800000, 0x000000060dc00000|  0%| F|  |TAMS 0x000000060d800000, 0x000000060d800000| Untracked 
|  55|0x000000060dc00000, 0x000000060dc00000, 0x000000060e000000|  0%| F|  |TAMS 0x000000060dc00000, 0x000000060dc00000| Untracked 
|  56|0x000000060e000000, 0x000000060e000000, 0x000000060e400000|  0%| F|  |TAMS 0x000000060e000000, 0x000000060e000000| Untracked 
|  57|0x000000060e400000, 0x000000060e400000, 0x000000060e800000|  0%| F|  |TAMS 0x000000060e400000, 0x000000060e400000| Untracked 
|  58|0x000000060e800000, 0x000000060e800000, 0x000000060ec00000|  0%| F|  |TAMS 0x000000060e800000, 0x000000060e800000| Untracked 
|  59|0x000000060ec00000, 0x000000060ec00000, 0x000000060f000000|  0%| F|  |TAMS 0x000000060ec00000, 0x000000060ec00000| Untracked 
|  60|0x000000060f000000, 0x000000060f000000, 0x000000060f400000|  0%| F|  |TAMS 0x000000060f000000, 0x000000060f000000| Untracked 
|  61|0x000000060f400000, 0x000000060f400000, 0x000000060f800000|  0%| F|  |TAMS 0x000000060f400000, 0x000000060f400000| Untracked 
|  62|0x000000060f800000, 0x000000060f800000, 0x000000060fc00000|  0%| F|  |TAMS 0x000000060f800000, 0x000000060f800000| Untracked 
|  63|0x000000060fc00000, 0x000000060fc00000, 0x0000000610000000|  0%| F|  |TAMS 0x000000060fc00000, 0x000000060fc00000| Untracked 
|  64|0x0000000610000000, 0x0000000610000000, 0x0000000610400000|  0%| F|  |TAMS 0x0000000610000000, 0x0000000610000000| Untracked 
|  65|0x0000000610400000, 0x0000000610400000, 0x0000000610800000|  0%| F|  |TAMS 0x0000000610400000, 0x0000000610400000| Untracked 
|  66|0x0000000610800000, 0x000000061090e910, 0x0000000610c00000| 26%| S|CS|TAMS 0x0000000610800000, 0x0000000610800000| Complete 
|  67|0x0000000610c00000, 0x0000000611000000, 0x0000000611000000|100%| S|CS|TAMS 0x0000000610c00000, 0x0000000610c00000| Complete 
|  68|0x0000000611000000, 0x0000000611400000, 0x0000000611400000|100%| S|CS|TAMS 0x0000000611000000, 0x0000000611000000| Complete 
|  69|0x0000000611400000, 0x0000000611800000, 0x0000000611800000|100%| S|CS|TAMS 0x0000000611400000, 0x0000000611400000| Complete 
|  70|0x0000000611800000, 0x0000000611c00000, 0x0000000611c00000|100%| S|CS|TAMS 0x0000000611800000, 0x0000000611800000| Complete 
|  71|0x0000000611c00000, 0x0000000612000000, 0x0000000612000000|100%| S|CS|TAMS 0x0000000611c00000, 0x0000000611c00000| Complete 
|  72|0x0000000612000000, 0x0000000612400000, 0x0000000612400000|100%| S|CS|TAMS 0x0000000612000000, 0x0000000612000000| Complete 
|  73|0x0000000612400000, 0x0000000612400000, 0x0000000612800000|  0%| F|  |TAMS 0x0000000612400000, 0x0000000612400000| Untracked 
|  74|0x0000000612800000, 0x0000000612800000, 0x0000000612c00000|  0%| F|  |TAMS 0x0000000612800000, 0x0000000612800000| Untracked 
|  75|0x0000000612c00000, 0x0000000612c00000, 0x0000000613000000|  0%| F|  |TAMS 0x0000000612c00000, 0x0000000612c00000| Untracked 
|  76|0x0000000613000000, 0x0000000613000000, 0x0000000613400000|  0%| F|  |TAMS 0x0000000613000000, 0x0000000613000000| Untracked 
|  77|0x0000000613400000, 0x0000000613400000, 0x0000000613800000|  0%| F|  |TAMS 0x0000000613400000, 0x0000000613400000| Untracked 
|  78|0x0000000613800000, 0x0000000613800000, 0x0000000613c00000|  0%| F|  |TAMS 0x0000000613800000, 0x0000000613800000| Untracked 
|  79|0x0000000613c00000, 0x0000000613c00000, 0x0000000614000000|  0%| F|  |TAMS 0x0000000613c00000, 0x0000000613c00000| Untracked 
|  80|0x0000000614000000, 0x0000000614000000, 0x0000000614400000|  0%| F|  |TAMS 0x0000000614000000, 0x0000000614000000| Untracked 
|  81|0x0000000614400000, 0x0000000614400000, 0x0000000614800000|  0%| F|  |TAMS 0x0000000614400000, 0x0000000614400000| Untracked 
|  82|0x0000000614800000, 0x0000000614800000, 0x0000000614c00000|  0%| F|  |TAMS 0x0000000614800000, 0x0000000614800000| Untracked 
|  83|0x0000000614c00000, 0x0000000614c00000, 0x0000000615000000|  0%| F|  |TAMS 0x0000000614c00000, 0x0000000614c00000| Untracked 
|  84|0x0000000615000000, 0x0000000615000000, 0x0000000615400000|  0%| F|  |TAMS 0x0000000615000000, 0x0000000615000000| Untracked 
|  85|0x0000000615400000, 0x0000000615400000, 0x0000000615800000|  0%| F|  |TAMS 0x0000000615400000, 0x0000000615400000| Untracked 
|  86|0x0000000615800000, 0x0000000615800000, 0x0000000615c00000|  0%| F|  |TAMS 0x0000000615800000, 0x0000000615800000| Untracked 
|  87|0x0000000615c00000, 0x0000000615c00000, 0x0000000616000000|  0%| F|  |TAMS 0x0000000615c00000, 0x0000000615c00000| Untracked 
|  88|0x0000000616000000, 0x0000000616000000, 0x0000000616400000|  0%| F|  |TAMS 0x0000000616000000, 0x0000000616000000| Untracked 
|  89|0x0000000616400000, 0x0000000616400000, 0x0000000616800000|  0%| F|  |TAMS 0x0000000616400000, 0x0000000616400000| Untracked 
|  90|0x0000000616800000, 0x0000000616800000, 0x0000000616c00000|  0%| F|  |TAMS 0x0000000616800000, 0x0000000616800000| Untracked 
|  91|0x0000000616c00000, 0x0000000616c00000, 0x0000000617000000|  0%| F|  |TAMS 0x0000000616c00000, 0x0000000616c00000| Untracked 
|  92|0x0000000617000000, 0x0000000617000000, 0x0000000617400000|  0%| F|  |TAMS 0x0000000617000000, 0x0000000617000000| Untracked 
|  93|0x0000000617400000, 0x0000000617400000, 0x0000000617800000|  0%| F|  |TAMS 0x0000000617400000, 0x0000000617400000| Untracked 
|  94|0x0000000617800000, 0x0000000617800000, 0x0000000617c00000|  0%| F|  |TAMS 0x0000000617800000, 0x0000000617800000| Untracked 
|  95|0x0000000617c00000, 0x0000000617c00000, 0x0000000618000000|  0%| F|  |TAMS 0x0000000617c00000, 0x0000000617c00000| Untracked 
|  96|0x0000000618000000, 0x0000000618000000, 0x0000000618400000|  0%| F|  |TAMS 0x0000000618000000, 0x0000000618000000| Untracked 
|  97|0x0000000618400000, 0x0000000618400000, 0x0000000618800000|  0%| F|  |TAMS 0x0000000618400000, 0x0000000618400000| Untracked 
|  98|0x0000000618800000, 0x0000000618800000, 0x0000000618c00000|  0%| F|  |TAMS 0x0000000618800000, 0x0000000618800000| Untracked 
|  99|0x0000000618c00000, 0x0000000618c00000, 0x0000000619000000|  0%| F|  |TAMS 0x0000000618c00000, 0x0000000618c00000| Untracked 
| 100|0x0000000619000000, 0x0000000619000000, 0x0000000619400000|  0%| F|  |TAMS 0x0000000619000000, 0x0000000619000000| Untracked 
| 101|0x0000000619400000, 0x0000000619400000, 0x0000000619800000|  0%| F|  |TAMS 0x0000000619400000, 0x0000000619400000| Untracked 
| 102|0x0000000619800000, 0x0000000619800000, 0x0000000619c00000|  0%| F|  |TAMS 0x0000000619800000, 0x0000000619800000| Untracked 
| 103|0x0000000619c00000, 0x0000000619c00000, 0x000000061a000000|  0%| F|  |TAMS 0x0000000619c00000, 0x0000000619c00000| Untracked 
| 104|0x000000061a000000, 0x000000061a000000, 0x000000061a400000|  0%| F|  |TAMS 0x000000061a000000, 0x000000061a000000| Untracked 
| 105|0x000000061a400000, 0x000000061a400000, 0x000000061a800000|  0%| F|  |TAMS 0x000000061a400000, 0x000000061a400000| Untracked 
| 106|0x000000061a800000, 0x000000061a800000, 0x000000061ac00000|  0%| F|  |TAMS 0x000000061a800000, 0x000000061a800000| Untracked 
| 107|0x000000061ac00000, 0x000000061ac00000, 0x000000061b000000|  0%| F|  |TAMS 0x000000061ac00000, 0x000000061ac00000| Untracked 
| 108|0x000000061b000000, 0x000000061b000000, 0x000000061b400000|  0%| F|  |TAMS 0x000000061b000000, 0x000000061b000000| Untracked 
| 109|0x000000061b400000, 0x000000061b400000, 0x000000061b800000|  0%| F|  |TAMS 0x000000061b400000, 0x000000061b400000| Untracked 
| 110|0x000000061b800000, 0x000000061b800000, 0x000000061bc00000|  0%| F|  |TAMS 0x000000061b800000, 0x000000061b800000| Untracked 
| 111|0x000000061bc00000, 0x000000061bc00000, 0x000000061c000000|  0%| F|  |TAMS 0x000000061bc00000, 0x000000061bc00000| Untracked 
| 112|0x000000061c000000, 0x000000061c000000, 0x000000061c400000|  0%| F|  |TAMS 0x000000061c000000, 0x000000061c000000| Untracked 
| 113|0x000000061c400000, 0x000000061c400000, 0x000000061c800000|  0%| F|  |TAMS 0x000000061c400000, 0x000000061c400000| Untracked 
| 114|0x000000061c800000, 0x000000061c800000, 0x000000061cc00000|  0%| F|  |TAMS 0x000000061c800000, 0x000000061c800000| Untracked 
| 115|0x000000061cc00000, 0x000000061cc00000, 0x000000061d000000|  0%| F|  |TAMS 0x000000061cc00000, 0x000000061cc00000| Untracked 
| 116|0x000000061d000000, 0x000000061d000000, 0x000000061d400000|  0%| F|  |TAMS 0x000000061d000000, 0x000000061d000000| Untracked 
| 117|0x000000061d400000, 0x000000061d400000, 0x000000061d800000|  0%| F|  |TAMS 0x000000061d400000, 0x000000061d400000| Untracked 
| 118|0x000000061d800000, 0x000000061d800000, 0x000000061dc00000|  0%| F|  |TAMS 0x000000061d800000, 0x000000061d800000| Untracked 
| 119|0x000000061dc00000, 0x000000061dc00000, 0x000000061e000000|  0%| F|  |TAMS 0x000000061dc00000, 0x000000061dc00000| Untracked 
| 120|0x000000061e000000, 0x000000061e000000, 0x000000061e400000|  0%| F|  |TAMS 0x000000061e000000, 0x000000061e000000| Untracked 
| 121|0x000000061e400000, 0x000000061e400000, 0x000000061e800000|  0%| F|  |TAMS 0x000000061e400000, 0x000000061e400000| Untracked 
| 122|0x000000061e800000, 0x000000061e800000, 0x000000061ec00000|  0%| F|  |TAMS 0x000000061e800000, 0x000000061e800000| Untracked 
| 123|0x000000061ec00000, 0x000000061ec00000, 0x000000061f000000|  0%| F|  |TAMS 0x000000061ec00000, 0x000000061ec00000| Untracked 
| 124|0x000000061f000000, 0x000000061f000000, 0x000000061f400000|  0%| F|  |TAMS 0x000000061f000000, 0x000000061f000000| Untracked 
| 125|0x000000061f400000, 0x000000061f600800, 0x000000061f800000| 50%| E|  |TAMS 0x000000061f400000, 0x000000061f400000| Complete 
| 126|0x000000061f800000, 0x000000061fc00000, 0x000000061fc00000|100%| E|CS|TAMS 0x000000061f800000, 0x000000061f800000| Complete 
| 127|0x000000061fc00000, 0x0000000620000000, 0x0000000620000000|100%| E|CS|TAMS 0x000000061fc00000, 0x000000061fc00000| Complete 
| 128|0x0000000620000000, 0x0000000620400000, 0x0000000620400000|100%| E|CS|TAMS 0x0000000620000000, 0x0000000620000000| Complete 
| 129|0x0000000620400000, 0x0000000620800000, 0x0000000620800000|100%| E|CS|TAMS 0x0000000620400000, 0x0000000620400000| Complete 
| 130|0x0000000620800000, 0x0000000620c00000, 0x0000000620c00000|100%| E|CS|TAMS 0x0000000620800000, 0x0000000620800000| Complete 
| 131|0x0000000620c00000, 0x0000000621000000, 0x0000000621000000|100%| E|CS|TAMS 0x0000000620c00000, 0x0000000620c00000| Complete 
| 132|0x0000000621000000, 0x0000000621400000, 0x0000000621400000|100%| E|CS|TAMS 0x0000000621000000, 0x0000000621000000| Complete 
| 133|0x0000000621400000, 0x0000000621800000, 0x0000000621800000|100%| E|CS|TAMS 0x0000000621400000, 0x0000000621400000| Complete 
| 134|0x0000000621800000, 0x0000000621c00000, 0x0000000621c00000|100%| E|CS|TAMS 0x0000000621800000, 0x0000000621800000| Complete 
| 135|0x0000000621c00000, 0x0000000622000000, 0x0000000622000000|100%| E|CS|TAMS 0x0000000621c00000, 0x0000000621c00000| Complete 
| 136|0x0000000622000000, 0x0000000622400000, 0x0000000622400000|100%| E|CS|TAMS 0x0000000622000000, 0x0000000622000000| Complete 
| 137|0x0000000622400000, 0x0000000622800000, 0x0000000622800000|100%| E|CS|TAMS 0x0000000622400000, 0x0000000622400000| Complete 
| 138|0x0000000622800000, 0x0000000622c00000, 0x0000000622c00000|100%| E|CS|TAMS 0x0000000622800000, 0x0000000622800000| Complete 
| 139|0x0000000622c00000, 0x0000000623000000, 0x0000000623000000|100%| E|CS|TAMS 0x0000000622c00000, 0x0000000622c00000| Complete 
| 140|0x0000000623000000, 0x0000000623400000, 0x0000000623400000|100%| E|CS|TAMS 0x0000000623000000, 0x0000000623000000| Complete 
| 141|0x0000000623400000, 0x0000000623800000, 0x0000000623800000|100%| E|CS|TAMS 0x0000000623400000, 0x0000000623400000| Complete 
| 142|0x0000000623800000, 0x0000000623c00000, 0x0000000623c00000|100%| E|CS|TAMS 0x0000000623800000, 0x0000000623800000| Complete 
| 143|0x0000000623c00000, 0x0000000624000000, 0x0000000624000000|100%| E|CS|TAMS 0x0000000623c00000, 0x0000000623c00000| Complete 
| 144|0x0000000624000000, 0x0000000624400000, 0x0000000624400000|100%| E|CS|TAMS 0x0000000624000000, 0x0000000624000000| Complete 
| 145|0x0000000624400000, 0x0000000624800000, 0x0000000624800000|100%| E|CS|TAMS 0x0000000624400000, 0x0000000624400000| Complete 
| 146|0x0000000624800000, 0x0000000624c00000, 0x0000000624c00000|100%| E|CS|TAMS 0x0000000624800000, 0x0000000624800000| Complete 
| 147|0x0000000624c00000, 0x0000000625000000, 0x0000000625000000|100%| E|CS|TAMS 0x0000000624c00000, 0x0000000624c00000| Complete 
| 148|0x0000000625000000, 0x0000000625400000, 0x0000000625400000|100%| E|CS|TAMS 0x0000000625000000, 0x0000000625000000| Complete 
| 149|0x0000000625400000, 0x0000000625800000, 0x0000000625800000|100%| E|CS|TAMS 0x0000000625400000, 0x0000000625400000| Complete 
| 150|0x0000000625800000, 0x0000000625c00000, 0x0000000625c00000|100%| E|CS|TAMS 0x0000000625800000, 0x0000000625800000| Complete 
| 151|0x0000000625c00000, 0x0000000626000000, 0x0000000626000000|100%| E|CS|TAMS 0x0000000625c00000, 0x0000000625c00000| Complete 
| 152|0x0000000626000000, 0x0000000626400000, 0x0000000626400000|100%| E|CS|TAMS 0x0000000626000000, 0x0000000626000000| Complete 
| 153|0x0000000626400000, 0x0000000626800000, 0x0000000626800000|100%| E|CS|TAMS 0x0000000626400000, 0x0000000626400000| Complete 
| 154|0x0000000626800000, 0x0000000626c00000, 0x0000000626c00000|100%| E|CS|TAMS 0x0000000626800000, 0x0000000626800000| Complete 
| 155|0x0000000626c00000, 0x0000000627000000, 0x0000000627000000|100%| E|CS|TAMS 0x0000000626c00000, 0x0000000626c00000| Complete 
| 156|0x0000000627000000, 0x0000000627400000, 0x0000000627400000|100%| E|CS|TAMS 0x0000000627000000, 0x0000000627000000| Complete 
| 157|0x0000000627400000, 0x0000000627800000, 0x0000000627800000|100%| E|CS|TAMS 0x0000000627400000, 0x0000000627400000| Complete 
| 158|0x0000000627800000, 0x0000000627c00000, 0x0000000627c00000|100%| E|CS|TAMS 0x0000000627800000, 0x0000000627800000| Complete 
| 159|0x0000000627c00000, 0x0000000628000000, 0x0000000628000000|100%| E|CS|TAMS 0x0000000627c00000, 0x0000000627c00000| Complete 
| 160|0x0000000628000000, 0x0000000628400000, 0x0000000628400000|100%| E|CS|TAMS 0x0000000628000000, 0x0000000628000000| Complete 
| 161|0x0000000628400000, 0x0000000628800000, 0x0000000628800000|100%| E|CS|TAMS 0x0000000628400000, 0x0000000628400000| Complete 
| 162|0x0000000628800000, 0x0000000628c00000, 0x0000000628c00000|100%| E|CS|TAMS 0x0000000628800000, 0x0000000628800000| Complete 
| 163|0x0000000628c00000, 0x0000000629000000, 0x0000000629000000|100%| E|CS|TAMS 0x0000000628c00000, 0x0000000628c00000| Complete 
| 164|0x0000000629000000, 0x0000000629400000, 0x0000000629400000|100%| E|CS|TAMS 0x0000000629000000, 0x0000000629000000| Complete 
| 165|0x0000000629400000, 0x0000000629800000, 0x0000000629800000|100%| E|CS|TAMS 0x0000000629400000, 0x0000000629400000| Complete 
| 166|0x0000000629800000, 0x0000000629c00000, 0x0000000629c00000|100%| E|CS|TAMS 0x0000000629800000, 0x0000000629800000| Complete 
| 167|0x0000000629c00000, 0x000000062a000000, 0x000000062a000000|100%| E|CS|TAMS 0x0000000629c00000, 0x0000000629c00000| Complete 
| 168|0x000000062a000000, 0x000000062a400000, 0x000000062a400000|100%| E|CS|TAMS 0x000000062a000000, 0x000000062a000000| Complete 
| 169|0x000000062a400000, 0x000000062a800000, 0x000000062a800000|100%| E|CS|TAMS 0x000000062a400000, 0x000000062a400000| Complete 
| 170|0x000000062a800000, 0x000000062ac00000, 0x000000062ac00000|100%| E|CS|TAMS 0x000000062a800000, 0x000000062a800000| Complete 
| 171|0x000000062ac00000, 0x000000062b000000, 0x000000062b000000|100%| E|CS|TAMS 0x000000062ac00000, 0x000000062ac00000| Complete 
| 172|0x000000062b000000, 0x000000062b400000, 0x000000062b400000|100%| E|CS|TAMS 0x000000062b000000, 0x000000062b000000| Complete 
| 173|0x000000062b400000, 0x000000062b800000, 0x000000062b800000|100%| E|CS|TAMS 0x000000062b400000, 0x000000062b400000| Complete 
| 174|0x000000062b800000, 0x000000062bc00000, 0x000000062bc00000|100%| E|CS|TAMS 0x000000062b800000, 0x000000062b800000| Complete 
| 175|0x000000062bc00000, 0x000000062c000000, 0x000000062c000000|100%| E|CS|TAMS 0x000000062bc00000, 0x000000062bc00000| Complete 
| 176|0x000000062c000000, 0x000000062c400000, 0x000000062c400000|100%| E|CS|TAMS 0x000000062c000000, 0x000000062c000000| Complete 
| 177|0x000000062c400000, 0x000000062c800000, 0x000000062c800000|100%| E|CS|TAMS 0x000000062c400000, 0x000000062c400000| Complete 
| 178|0x000000062c800000, 0x000000062cc00000, 0x000000062cc00000|100%| E|CS|TAMS 0x000000062c800000, 0x000000062c800000| Complete 
| 179|0x000000062cc00000, 0x000000062d000000, 0x000000062d000000|100%| E|CS|TAMS 0x000000062cc00000, 0x000000062cc00000| Complete 
| 180|0x000000062d000000, 0x000000062d400000, 0x000000062d400000|100%| E|CS|TAMS 0x000000062d000000, 0x000000062d000000| Complete 
| 181|0x000000062d400000, 0x000000062d800000, 0x000000062d800000|100%| E|CS|TAMS 0x000000062d400000, 0x000000062d400000| Complete 
| 182|0x000000062d800000, 0x000000062dc00000, 0x000000062dc00000|100%| E|CS|TAMS 0x000000062d800000, 0x000000062d800000| Complete 
| 183|0x000000062dc00000, 0x000000062e000000, 0x000000062e000000|100%| E|CS|TAMS 0x000000062dc00000, 0x000000062dc00000| Complete 
| 184|0x000000062e000000, 0x000000062e400000, 0x000000062e400000|100%| E|CS|TAMS 0x000000062e000000, 0x000000062e000000| Complete 
| 185|0x000000062e400000, 0x000000062e800000, 0x000000062e800000|100%| E|CS|TAMS 0x000000062e400000, 0x000000062e400000| Complete 
| 186|0x000000062e800000, 0x000000062ec00000, 0x000000062ec00000|100%| E|CS|TAMS 0x000000062e800000, 0x000000062e800000| Complete 
| 187|0x000000062ec00000, 0x000000062f000000, 0x000000062f000000|100%| E|CS|TAMS 0x000000062ec00000, 0x000000062ec00000| Complete 
| 188|0x000000062f000000, 0x000000062f400000, 0x000000062f400000|100%| E|CS|TAMS 0x000000062f000000, 0x000000062f000000| Complete 
| 189|0x000000062f400000, 0x000000062f800000, 0x000000062f800000|100%| E|CS|TAMS 0x000000062f400000, 0x000000062f400000| Complete 
| 190|0x000000062f800000, 0x000000062fc00000, 0x000000062fc00000|100%| E|CS|TAMS 0x000000062f800000, 0x000000062f800000| Complete 
| 191|0x000000062fc00000, 0x0000000630000000, 0x0000000630000000|100%| E|CS|TAMS 0x000000062fc00000, 0x000000062fc00000| Complete 
| 192|0x0000000630000000, 0x0000000630400000, 0x0000000630400000|100%| E|CS|TAMS 0x0000000630000000, 0x0000000630000000| Complete 
| 193|0x0000000630400000, 0x0000000630800000, 0x0000000630800000|100%| E|CS|TAMS 0x0000000630400000, 0x0000000630400000| Complete 

Card table byte_map: [0x00000249b6ec0000,0x00000249b7ec0000] _byte_map_base: 0x00000249b3ec0000

Marking Bits (Prev, Next): (CMBitMap*) 0x000002498e596eb0, (CMBitMap*) 0x000002498e596e70
 Prev Bits: [0x00000249c0ec0000, 0x00000249c8ec0000)
 Next Bits: [0x00000249b8ec0000, 0x00000249c0ec0000)

Polling page: 0x000002498c380000

Metaspace:

Usage:
  Non-class:     77.95 MB used.
      Class:     12.17 MB used.
       Both:     90.12 MB used.

Virtual space:
  Non-class space:      128.00 MB reserved,      78.38 MB ( 61%) committed,  2 nodes.
      Class space:        1.00 GB reserved,      12.62 MB (  1%) committed,  1 nodes.
             Both:        1.12 GB reserved,      91.00 MB (  8%) committed. 

Chunk freelists:
   Non-Class:  1.02 MB
       Class:  3.43 MB
        Both:  4.45 MB

MaxMetaspaceSize: 4.00 GB
CompressedClassSpaceSize: 1.00 GB
Initial GC threshold: 21.00 MB
Current GC threshold: 134.06 MB
CDS: on
MetaspaceReclaimPolicy: balanced
 - commit_granule_bytes: 65536.
 - commit_granule_words: 8192.
 - virtual_space_node_default_size: 8388608.
 - enlarge_chunks_in_place: 1.
 - new_chunks_are_fully_committed: 0.
 - uncommit_free_chunks: 1.
 - use_allocation_guard: 0.
 - handle_deallocations: 1.


Internal statistics:

num_allocs_failed_limit: 6.
num_arena_births: 1024.
num_arena_deaths: 0.
num_vsnodes_births: 3.
num_vsnodes_deaths: 0.
num_space_committed: 1456.
num_space_uncommitted: 0.
num_chunks_returned_to_freelist: 6.
num_chunks_taken_from_freelist: 4791.
num_chunk_merges: 6.
num_chunk_splits: 3089.
num_chunks_enlarged: 2012.
num_inconsistent_stats: 0.

CodeHeap 'non-profiled nmethods': size=259264Kb used=11138Kb max_used=11357Kb free=248125Kb
 bounds [0x00000249a6080000, 0x00000249a6ba0000, 0x00000249b5db0000]
CodeHeap 'profiled nmethods': size=259264Kb used=23585Kb max_used=25021Kb free=235678Kb
 bounds [0x0000024995db0000, 0x0000024997640000, 0x00000249a5ae0000]
CodeHeap 'non-nmethods': size=5760Kb used=2430Kb max_used=2532Kb free=3329Kb
 bounds [0x00000249a5ae0000, 0x00000249a5d70000, 0x00000249a6080000]
 total_blobs=13213 nmethods=12245 adapters=880
 compilation: enabled
              stopped_count=0, restarted_count=0
 full_count=0

Compilation events (20 events):
Event: 149.971 Thread 0x00000249cb620710 15552       3       org.apache.commons.compress.archivers.zip.ZipArchiveOutputStream::writeCentralDirectoryInChunks (96 bytes)
Event: 149.972 Thread 0x00000249cb620710 nmethod 15552 0x0000024995e57090 code [0x0000024995e57320, 0x0000024995e58538]
Event: 150.003 Thread 0x00000249cb617c50 15553       4       org.objectweb.asm.tree.LocalVariableNode::<init> (38 bytes)
Event: 150.012 Thread 0x00000249cb617c50 nmethod 15553 0x00000249a6b92f90 code [0x00000249a6b93100, 0x00000249a6b93618]
Event: 150.012 Thread 0x00000249cb617c50 15554       4       org.gradle.internal.snapshot.impl.DirectorySnapshotterStatistics$CollectingFileVisitor::preVisitDirectory (10 bytes)
Event: 150.109 Thread 0x00000249cb620710 15557       3       org.objectweb.asm.tree.MethodNode::visitIincInsn (17 bytes)
Event: 150.110 Thread 0x00000249cb620710 nmethod 15557 0x00000249974ef010 code [0x00000249974ef1c0, 0x00000249974ef4a8]
Event: 150.110 Thread 0x00000249cb620710 15558       3       org.objectweb.asm.tree.IincInsnNode::<init> (18 bytes)
Event: 150.110 Thread 0x00000249cb620710 nmethod 15558 0x0000024996b73390 code [0x0000024996b73540, 0x0000024996b73718]
Event: 150.112 Thread 0x00000249cb620710 15559       3       org.gradle.internal.classpath.transforms.InstrumentingClassTransform$InstrumentingVisitor$$Lambda$2047/0x00000249cdc85ec0::test (20 bytes)
Event: 150.112 Thread 0x00000249cb620710 nmethod 15559 0x000002499644f290 code [0x000002499644f440, 0x000002499644f6a8]
Event: 150.112 Thread 0x00000249cb620710 15560       3       org.gradle.internal.classpath.transforms.InstrumentingClassTransform$InstrumentingVisitor::lambda$visitMethod$0 (39 bytes)
Event: 150.113 Thread 0x00000249cb620710 nmethod 15560 0x00000249962ceb10 code [0x00000249962ced00, 0x00000249962cf348]
Event: 150.117 Thread 0x00000249cb620710 15563       3       org.gradle.internal.classpath.transforms.InstrumentingClassTransform$InstrumentingVisitor$$Lambda$2042/0x00000249cdc3cda8::get (20 bytes)
Event: 150.118 Thread 0x00000249cb620710 nmethod 15563 0x00000249965fc090 code [0x00000249965fc240, 0x00000249965fc3a8]
Event: 150.118 Thread 0x00000249cb620710 15564       3       org.gradle.internal.classpath.transforms.InstrumentingClassTransform$InstrumentingVisitor::lambda$visitMethod$2 (51 bytes)
Event: 150.118 Thread 0x0000024a145da180 15562       4       java.lang.String::replace (42 bytes)
Event: 150.120 Thread 0x00000249cb620710 nmethod 15564 0x0000024997188a10 code [0x0000024997188d20, 0x000002499718a388]
Event: 150.120 Thread 0x00000249cb620710 15565       3       org.gradle.internal.classpath.transforms.InstrumentingClassTransform$InstrumentingVisitor$$Lambda$2048/0x00000249cdc86110::<init> (15 bytes)
Event: 150.120 Thread 0x00000249cb620710 nmethod 15565 0x0000024996cd8410 code [0x0000024996cd85c0, 0x0000024996cd87f8]

GC Heap History (20 events):
Event: 130.901 GC heap before
{Heap before GC invocations=82 (full 0):
 garbage-first heap   total 548864K, used 465812K [0x0000000600000000, 0x0000000800000000)
  region size 4096K, 67 young (274432K), 2 survivors (8192K)
 Metaspace       used 92134K, committed 92992K, reserved 1179648K
  class space    used 12459K, committed 12928K, reserved 1048576K
}
Event: 130.918 GC heap after
{Heap after GC invocations=83 (full 0):
 garbage-first heap   total 548864K, used 204296K [0x0000000600000000, 0x0000000800000000)
  region size 4096K, 3 young (12288K), 3 survivors (12288K)
 Metaspace       used 92134K, committed 92992K, reserved 1179648K
  class space    used 12459K, committed 12928K, reserved 1048576K
}
Event: 131.552 GC heap before
{Heap before GC invocations=83 (full 0):
 garbage-first heap   total 548864K, used 462344K [0x0000000600000000, 0x0000000800000000)
  region size 4096K, 67 young (274432K), 3 survivors (12288K)
 Metaspace       used 92136K, committed 92992K, reserved 1179648K
  class space    used 12459K, committed 12928K, reserved 1048576K
}
Event: 131.569 GC heap after
{Heap after GC invocations=84 (full 0):
 garbage-first heap   total 548864K, used 202778K [0x0000000600000000, 0x0000000800000000)
  region size 4096K, 3 young (12288K), 3 survivors (12288K)
 Metaspace       used 92136K, committed 92992K, reserved 1179648K
  class space    used 12459K, committed 12928K, reserved 1048576K
}
Event: 136.808 GC heap before
{Heap before GC invocations=84 (full 0):
 garbage-first heap   total 548864K, used 469018K [0x0000000600000000, 0x0000000800000000)
  region size 4096K, 68 young (278528K), 3 survivors (12288K)
 Metaspace       used 92185K, committed 93120K, reserved 1179648K
  class space    used 12459K, committed 12928K, reserved 1048576K
}
Event: 136.821 GC heap after
{Heap after GC invocations=85 (full 0):
 garbage-first heap   total 548864K, used 200998K [0x0000000600000000, 0x0000000800000000)
  region size 4096K, 2 young (8192K), 2 survivors (8192K)
 Metaspace       used 92185K, committed 93120K, reserved 1179648K
  class space    used 12459K, committed 12928K, reserved 1048576K
}
Event: 139.472 GC heap before
{Heap before GC invocations=85 (full 0):
 garbage-first heap   total 548864K, used 475430K [0x0000000600000000, 0x0000000800000000)
  region size 4096K, 69 young (282624K), 2 survivors (8192K)
 Metaspace       used 92193K, committed 93120K, reserved 1179648K
  class space    used 12460K, committed 12928K, reserved 1048576K
}
Event: 139.495 GC heap after
{Heap after GC invocations=86 (full 0):
 garbage-first heap   total 548864K, used 201559K [0x0000000600000000, 0x0000000800000000)
  region size 4096K, 3 young (12288K), 3 survivors (12288K)
 Metaspace       used 92193K, committed 93120K, reserved 1179648K
  class space    used 12460K, committed 12928K, reserved 1048576K
}
Event: 141.283 GC heap before
{Heap before GC invocations=86 (full 0):
 garbage-first heap   total 548864K, used 471895K [0x0000000600000000, 0x0000000800000000)
  region size 4096K, 69 young (282624K), 3 survivors (12288K)
 Metaspace       used 92259K, committed 93184K, reserved 1179648K
  class space    used 12460K, committed 12928K, reserved 1048576K
}
Event: 141.322 GC heap after
{Heap after GC invocations=87 (full 0):
 garbage-first heap   total 548864K, used 216119K [0x0000000600000000, 0x0000000800000000)
  region size 4096K, 5 young (20480K), 5 survivors (20480K)
 Metaspace       used 92259K, committed 93184K, reserved 1179648K
  class space    used 12460K, committed 12928K, reserved 1048576K
}
Event: 142.698 GC heap before
{Heap before GC invocations=87 (full 0):
 garbage-first heap   total 548864K, used 465975K [0x0000000600000000, 0x0000000800000000)
  region size 4096K, 66 young (270336K), 5 survivors (20480K)
 Metaspace       used 92261K, committed 93184K, reserved 1179648K
  class space    used 12460K, committed 12928K, reserved 1048576K
}
Event: 142.748 GC heap after
{Heap after GC invocations=88 (full 0):
 garbage-first heap   total 659456K, used 218313K [0x0000000600000000, 0x0000000800000000)
  region size 4096K, 6 young (24576K), 6 survivors (24576K)
 Metaspace       used 92261K, committed 93184K, reserved 1179648K
  class space    used 12460K, committed 12928K, reserved 1048576K
}
Event: 144.914 GC heap before
{Heap before GC invocations=88 (full 0):
 garbage-first heap   total 659456K, used 558281K [0x0000000600000000, 0x0000000800000000)
  region size 4096K, 89 young (364544K), 6 survivors (24576K)
 Metaspace       used 92264K, committed 93184K, reserved 1179648K
  class space    used 12460K, committed 12928K, reserved 1048576K
}
Event: 144.957 GC heap after
{Heap after GC invocations=89 (full 0):
 garbage-first heap   total 659456K, used 219308K [0x0000000600000000, 0x0000000800000000)
  region size 4096K, 6 young (24576K), 6 survivors (24576K)
 Metaspace       used 92264K, committed 93184K, reserved 1179648K
  class space    used 12460K, committed 12928K, reserved 1048576K
}
Event: 146.799 GC heap before
{Heap before GC invocations=89 (full 0):
 garbage-first heap   total 659456K, used 559276K [0x0000000600000000, 0x0000000800000000)
  region size 4096K, 89 young (364544K), 6 survivors (24576K)
 Metaspace       used 92266K, committed 93184K, reserved 1179648K
  class space    used 12460K, committed 12928K, reserved 1048576K
}
Event: 146.845 GC heap after
{Heap after GC invocations=90 (full 0):
 garbage-first heap   total 659456K, used 224703K [0x0000000600000000, 0x0000000800000000)
  region size 4096K, 7 young (28672K), 7 survivors (28672K)
 Metaspace       used 92266K, committed 93184K, reserved 1179648K
  class space    used 12460K, committed 12928K, reserved 1048576K
}
Event: 148.358 GC heap before
{Heap before GC invocations=90 (full 0):
 garbage-first heap   total 659456K, used 556479K [0x0000000600000000, 0x0000000800000000)
  region size 4096K, 88 young (360448K), 7 survivors (28672K)
 Metaspace       used 92271K, committed 93184K, reserved 1179648K
  class space    used 12460K, committed 12928K, reserved 1048576K
}
Event: 148.405 GC heap after
{Heap after GC invocations=91 (full 0):
 garbage-first heap   total 659456K, used 226306K [0x0000000600000000, 0x0000000800000000)
  region size 4096K, 6 young (24576K), 6 survivors (24576K)
 Metaspace       used 92271K, committed 93184K, reserved 1179648K
  class space    used 12460K, committed 12928K, reserved 1048576K
}
Event: 149.528 GC heap before
{Heap before GC invocations=91 (full 0):
 garbage-first heap   total 659456K, used 562178K [0x0000000600000000, 0x0000000800000000)
  region size 4096K, 88 young (360448K), 6 survivors (24576K)
 Metaspace       used 92271K, committed 93184K, reserved 1179648K
  class space    used 12460K, committed 12928K, reserved 1048576K
}
Event: 149.572 GC heap after
{Heap after GC invocations=92 (full 0):
 garbage-first heap   total 794624K, used 228727K [0x0000000600000000, 0x0000000800000000)
  region size 4096K, 7 young (28672K), 7 survivors (28672K)
 Metaspace       used 92271K, committed 93184K, reserved 1179648K
  class space    used 12460K, committed 12928K, reserved 1048576K
}

Deoptimization events (20 events):
Event: 147.437 Thread 0x0000024a12b77b70 DEOPT PACKING pc=0x000002499752cf32 sp=0x000000f66abfb040
Event: 147.437 Thread 0x0000024a12b77b70 DEOPT UNPACKING pc=0x00000249a5b32b43 sp=0x000000f66abfa750 mode 0
Event: 147.447 Thread 0x0000024a12b77b70 DEOPT PACKING pc=0x000002499752cf32 sp=0x000000f66abfb040
Event: 147.447 Thread 0x0000024a12b77b70 DEOPT UNPACKING pc=0x00000249a5b32b43 sp=0x000000f66abfa750 mode 0
Event: 147.453 Thread 0x0000024a122ec090 DEOPT PACKING pc=0x000002499752cf32 sp=0x000000f6697f0390
Event: 147.453 Thread 0x0000024a122ec090 DEOPT UNPACKING pc=0x00000249a5b32b43 sp=0x000000f6697efaa0 mode 0
Event: 147.455 Thread 0x0000024a122ec090 DEOPT PACKING pc=0x000002499752cf32 sp=0x000000f6697f0390
Event: 147.456 Thread 0x0000024a122ec090 DEOPT UNPACKING pc=0x00000249a5b32b43 sp=0x000000f6697efaa0 mode 0
Event: 147.460 Thread 0x0000024a122ec090 DEOPT PACKING pc=0x000002499752d5c7 sp=0x000000f6697f0390
Event: 147.460 Thread 0x0000024a122ec090 DEOPT UNPACKING pc=0x00000249a5b32b43 sp=0x000000f6697efaa0 mode 0
Event: 147.466 Thread 0x0000024a12b77b70 DEOPT PACKING pc=0x000002499752cf32 sp=0x000000f66abfb040
Event: 147.466 Thread 0x0000024a12b77b70 DEOPT UNPACKING pc=0x00000249a5b32b43 sp=0x000000f66abfa750 mode 0
Event: 147.468 Thread 0x0000024a122ec090 DEOPT PACKING pc=0x000002499752cf32 sp=0x000000f6697f0390
Event: 147.468 Thread 0x0000024a122ec090 DEOPT UNPACKING pc=0x00000249a5b32b43 sp=0x000000f6697efaa0 mode 0
Event: 147.472 Thread 0x0000024a122ec090 DEOPT PACKING pc=0x000002499752cf32 sp=0x000000f6697f0390
Event: 147.472 Thread 0x0000024a122ec090 DEOPT UNPACKING pc=0x00000249a5b32b43 sp=0x000000f6697efaa0 mode 0
Event: 147.872 Thread 0x0000024a12b7a3f0 DEOPT PACKING pc=0x0000024997449f55 sp=0x000000f66adfb7b0
Event: 147.872 Thread 0x0000024a12b7a3f0 DEOPT UNPACKING pc=0x00000249a5b32b43 sp=0x000000f66adfacd0 mode 0
Event: 148.799 Thread 0x0000024a12b73eb0 DEOPT PACKING pc=0x000002499648cbd1 sp=0x000000f66acfb430
Event: 148.799 Thread 0x0000024a12b73eb0 DEOPT UNPACKING pc=0x00000249a5b32b43 sp=0x000000f66acfa8c8 mode 0

Classes unloaded (0 events):
No events

Classes redefined (0 events):
No events

Internal exceptions (20 events):
Event: 145.813 Thread 0x0000024a12b73eb0 Exception <a 'sun/nio/fs/WindowsException'{0x0000000622b6b288}> (0x0000000622b6b288) 
thrown [s\open\src\hotspot\share\prims\jni.cpp, line 516]
Event: 146.038 Thread 0x0000024a12b7a3f0 Exception <a 'sun/nio/fs/WindowsException'{0x000000061d08c5d8}> (0x000000061d08c5d8) 
thrown [s\open\src\hotspot\share\prims\jni.cpp, line 516]
Event: 146.078 Thread 0x0000024a12b77b70 Exception <a 'sun/nio/fs/WindowsException'{0x000000061bfa80c8}> (0x000000061bfa80c8) 
thrown [s\open\src\hotspot\share\prims\jni.cpp, line 516]
Event: 146.177 Thread 0x0000024a12b73eb0 Exception <a 'sun/nio/fs/WindowsException'{0x000000061ba8a000}> (0x000000061ba8a000) 
thrown [s\open\src\hotspot\share\prims\jni.cpp, line 516]
Event: 146.452 Thread 0x0000024a12b7a3f0 Exception <a 'sun/nio/fs/WindowsException'{0x0000000617d25d38}> (0x0000000617d25d38) 
thrown [s\open\src\hotspot\share\prims\jni.cpp, line 516]
Event: 147.052 Thread 0x0000024a12b7a3f0 Exception <a 'sun/nio/fs/WindowsException'{0x0000000626644a80}> (0x0000000626644a80) 
thrown [s\open\src\hotspot\share\prims\jni.cpp, line 516]
Event: 147.435 Thread 0x0000024a12b73eb0 Exception <a 'sun/nio/fs/WindowsException'{0x00000006283fcfb0}> (0x00000006283fcfb0) 
thrown [s\open\src\hotspot\share\prims\jni.cpp, line 516]
Event: 147.667 Thread 0x0000024a12b7a3f0 Exception <a 'sun/nio/fs/WindowsException'{0x000000061e5678c0}> (0x000000061e5678c0) 
thrown [s\open\src\hotspot\share\prims\jni.cpp, line 516]
Event: 147.829 Thread 0x0000024a12b73eb0 Exception <a 'sun/nio/fs/WindowsException'{0x000000061e65f960}> (0x000000061e65f960) 
thrown [s\open\src\hotspot\share\prims\jni.cpp, line 516]
Event: 148.419 Thread 0x0000024a12b73eb0 Exception <a 'sun/nio/fs/WindowsException'{0x0000000628260320}> (0x0000000628260320) 
thrown [s\open\src\hotspot\share\prims\jni.cpp, line 516]
Event: 148.880 Thread 0x0000024a12b7a3f0 Exception <a 'sun/nio/fs/WindowsException'{0x000000062408c7c8}> (0x000000062408c7c8) 
thrown [s\open\src\hotspot\share\prims\jni.cpp, line 516]
Event: 148.922 Thread 0x0000024a12b73eb0 Exception <a 'sun/nio/fs/WindowsException'{0x00000006213564e0}> (0x00000006213564e0) 
thrown [s\open\src\hotspot\share\prims\jni.cpp, line 516]
Event: 149.104 Thread 0x0000024a12b7a3f0 Exception <a 'sun/nio/fs/WindowsException'{0x000000061de11a80}> (0x000000061de11a80) 
thrown [s\open\src\hotspot\share\prims\jni.cpp, line 516]
Event: 149.274 Thread 0x0000024a12b73eb0 Exception <a 'sun/nio/fs/WindowsException'{0x0000000619210b30}> (0x0000000619210b30) 
thrown [s\open\src\hotspot\share\prims\jni.cpp, line 516]
Event: 149.356 Thread 0x0000024a12b7a3f0 Exception <a 'sun/nio/fs/WindowsException'{0x00000006183d2ad0}> (0x00000006183d2ad0) 
thrown [s\open\src\hotspot\share\prims\jni.cpp, line 516]
Event: 149.421 Thread 0x0000024a12b73eb0 Exception <a 'sun/nio/fs/WindowsException'{0x0000000617345ef8}> (0x0000000617345ef8) 
thrown [s\open\src\hotspot\share\prims\jni.cpp, line 516]
Event: 149.837 Thread 0x0000024a12b73eb0 Exception <a 'sun/nio/fs/WindowsException'{0x000000062e6d9040}> (0x000000062e6d9040) 
thrown [s\open\src\hotspot\share\prims\jni.cpp, line 516]
Event: 149.901 Thread 0x0000024a12b7a3f0 Exception <a 'sun/nio/fs/WindowsException'{0x000000062bcee778}> (0x000000062bcee778) 
thrown [s\open\src\hotspot\share\prims\jni.cpp, line 516]
Event: 149.978 Thread 0x0000024a12b73eb0 Exception <a 'sun/nio/fs/WindowsException'{0x000000062886a6e0}> (0x000000062886a6e0) 
thrown [s\open\src\hotspot\share\prims\jni.cpp, line 516]
Event: 150.066 Thread 0x0000024a12b7a3f0 Exception <a 'sun/nio/fs/WindowsException'{0x000000062624a250}> (0x000000062624a250) 
thrown [s\open\src\hotspot\share\prims\jni.cpp, line 516]

VM Operations (20 events):
Event: 141.854 Executing VM operation: HandshakeAllThreads
Event: 141.855 Executing VM operation: HandshakeAllThreads done
Event: 142.698 Executing VM operation: G1CollectForAllocation
Event: 142.763 Executing VM operation: G1CollectForAllocation done
Event: 143.776 Executing VM operation: Cleanup
Event: 143.776 Executing VM operation: Cleanup done
Event: 144.790 Executing VM operation: Cleanup
Event: 144.795 Executing VM operation: Cleanup done
Event: 144.914 Executing VM operation: G1CollectForAllocation
Event: 144.957 Executing VM operation: G1CollectForAllocation done
Event: 146.798 Executing VM operation: G1CollectForAllocation
Event: 146.845 Executing VM operation: G1CollectForAllocation done
Event: 147.850 Executing VM operation: Cleanup
Event: 147.889 Executing VM operation: Cleanup done
Event: 148.358 Executing VM operation: G1CollectForAllocation
Event: 148.405 Executing VM operation: G1CollectForAllocation done
Event: 149.405 Executing VM operation: Cleanup
Event: 149.411 Executing VM operation: Cleanup done
Event: 149.528 Executing VM operation: G1CollectForAllocation
Event: 149.578 Executing VM operation: G1CollectForAllocation done

Events (20 events):
Event: 141.883 Thread 0x00000249cb62d140 flushing nmethod 0x00000249974e6010
Event: 141.883 Thread 0x00000249cb62d140 flushing nmethod 0x00000249974e6410
Event: 141.883 Thread 0x00000249cb62d140 flushing nmethod 0x00000249974e8b10
Event: 141.883 Thread 0x00000249cb62d140 flushing nmethod 0x00000249974eaf10
Event: 141.883 Thread 0x00000249cb62d140 flushing nmethod 0x00000249974ef010
Event: 141.883 Thread 0x00000249cb62d140 flushing nmethod 0x00000249974f1510
Event: 141.883 Thread 0x00000249cb62d140 flushing nmethod 0x00000249974f7010
Event: 141.883 Thread 0x00000249cb62d140 flushing nmethod 0x0000024997510010
Event: 141.883 Thread 0x00000249cb62d140 flushing nmethod 0x0000024997510610
Event: 141.883 Thread 0x00000249cb62d140 flushing nmethod 0x0000024997514990
Event: 141.883 Thread 0x00000249cb62d140 flushing nmethod 0x000002499751c010
Event: 141.883 Thread 0x00000249cb62d140 flushing nmethod 0x000002499753ef10
Event: 141.883 Thread 0x00000249cb62d140 flushing nmethod 0x0000024997541290
Event: 141.884 Thread 0x00000249cb62d140 flushing nmethod 0x0000024997578610
Event: 141.884 Thread 0x00000249cb62d140 flushing nmethod 0x0000024997579810
Event: 141.884 Thread 0x00000249cb62d140 flushing nmethod 0x00000249975b0f10
Event: 144.064 Thread 0x0000024a145dcc00 Thread exited: 0x0000024a145dcc00
Event: 146.002 Thread 0x0000024a145d86f0 Thread added: 0x0000024a145d86f0
Event: 149.014 Thread 0x0000024a145d86f0 Thread exited: 0x0000024a145d86f0
Event: 150.118 Thread 0x0000024a145da180 Thread added: 0x0000024a145da180


Dynamic libraries:
0x00007ff727ea0000 - 0x00007ff727eb0000 	C:\Program Files\Java\jdk-17\bin\java.exe
0x00007ff81bd70000 - 0x00007ff81bf68000 	C:\WINDOWS\SYSTEM32\ntdll.dll
0x00007ff81b300000 - 0x00007ff81b3c2000 	C:\WINDOWS\System32\KERNEL32.DLL
0x00007ff819790000 - 0x00007ff819a86000 	C:\WINDOWS\System32\KERNELBASE.dll
0x00007ff819410000 - 0x00007ff819510000 	C:\WINDOWS\System32\ucrtbase.dll
0x00007fffff5f0000 - 0x00007fffff609000 	C:\Program Files\Java\jdk-17\bin\jli.dll
0x00007ff800000000 - 0x00007ff80001b000 	C:\Program Files\Java\jdk-17\bin\VCRUNTIME140.dll
0x00007ff81b840000 - 0x00007ff81b8ef000 	C:\WINDOWS\System32\ADVAPI32.dll
0x00007ff81b430000 - 0x00007ff81b4ce000 	C:\WINDOWS\System32\msvcrt.dll
0x00007ff81b7a0000 - 0x00007ff81b83f000 	C:\WINDOWS\System32\sechost.dll
0x00007ff81b530000 - 0x00007ff81b653000 	C:\WINDOWS\System32\RPCRT4.dll
0x00007ff819d70000 - 0x00007ff819d97000 	C:\WINDOWS\System32\bcrypt.dll
0x00007ff819e50000 - 0x00007ff819fed000 	C:\WINDOWS\System32\USER32.dll
0x00007ff8135a0000 - 0x00007ff81383a000 	C:\WINDOWS\WinSxS\amd64_microsoft.windows.common-controls_6595b64144ccf1df_6.0.19041.5794_none_60bcd33171f2783c\COMCTL32.dll
0x00007ff819d40000 - 0x00007ff819d62000 	C:\WINDOWS\System32\win32u.dll
0x00007ff81a0c0000 - 0x00007ff81a0eb000 	C:\WINDOWS\System32\GDI32.dll
0x00007ff819c20000 - 0x00007ff819d3a000 	C:\WINDOWS\System32\gdi32full.dll
0x00007ff819510000 - 0x00007ff8195ad000 	C:\WINDOWS\System32\msvcp_win.dll
0x00007ff80a510000 - 0x00007ff80a51a000 	C:\WINDOWS\SYSTEM32\VERSION.dll
0x00007ff81b2c0000 - 0x00007ff81b2ef000 	C:\WINDOWS\System32\IMM32.DLL
0x00007ff805060000 - 0x00007ff80506c000 	C:\Program Files\Java\jdk-17\bin\vcruntime140_1.dll
0x00007fffee020000 - 0x00007fffee0ae000 	C:\Program Files\Java\jdk-17\bin\msvcp140.dll
0x00007fffd2680000 - 0x00007fffd3260000 	C:\Program Files\Java\jdk-17\bin\server\jvm.dll
0x00007ff81ba30000 - 0x00007ff81ba38000 	C:\WINDOWS\System32\PSAPI.DLL
0x00007ff808080000 - 0x00007ff8080a7000 	C:\WINDOWS\SYSTEM32\WINMM.dll
0x00007ff804f60000 - 0x00007ff804f69000 	C:\WINDOWS\SYSTEM32\WSOCK32.dll
0x00007ff81aae0000 - 0x00007ff81ab4b000 	C:\WINDOWS\System32\WS2_32.dll
0x00007ff816f80000 - 0x00007ff816f92000 	C:\WINDOWS\SYSTEM32\kernel.appcore.dll
0x00007ff8017c0000 - 0x00007ff8017ca000 	C:\Program Files\Java\jdk-17\bin\jimage.dll
0x00007ff818e60000 - 0x00007ff819044000 	C:\WINDOWS\SYSTEM32\DBGHELP.DLL
0x00007ff818ba0000 - 0x00007ff818bd4000 	C:\WINDOWS\SYSTEM32\dbgcore.DLL
0x00007ff819ae0000 - 0x00007ff819b62000 	C:\WINDOWS\System32\bcryptPrimitives.dll
0x00007ffffdbc0000 - 0x00007ffffdbce000 	C:\Program Files\Java\jdk-17\bin\instrument.dll
0x00007ffff9270000 - 0x00007ffff9295000 	C:\Program Files\Java\jdk-17\bin\java.dll
0x00007fffe5ec0000 - 0x00007fffe5f97000 	C:\Program Files\Java\jdk-17\bin\jsvml.dll
0x00007ff81ab50000 - 0x00007ff81b2be000 	C:\WINDOWS\System32\SHELL32.dll
0x00007ff8170f0000 - 0x00007ff817893000 	C:\WINDOWS\SYSTEM32\windows.storage.dll
0x00007ff81a2a0000 - 0x00007ff81a5f3000 	C:\WINDOWS\System32\combase.dll
0x00007ff8189d0000 - 0x00007ff8189fb000 	C:\WINDOWS\SYSTEM32\Wldp.dll
0x00007ff819ff0000 - 0x00007ff81a0bd000 	C:\WINDOWS\System32\OLEAUT32.dll
0x00007ff81bbf0000 - 0x00007ff81bc9d000 	C:\WINDOWS\System32\SHCORE.dll
0x00007ff81b3d0000 - 0x00007ff81b425000 	C:\WINDOWS\System32\shlwapi.dll
0x00007ff819340000 - 0x00007ff819365000 	C:\WINDOWS\SYSTEM32\profapi.dll
0x00007ffffaf90000 - 0x00007ffffafa8000 	C:\Program Files\Java\jdk-17\bin\zip.dll
0x00007ffffce60000 - 0x00007ffffce79000 	C:\Program Files\Java\jdk-17\bin\net.dll
0x00007ff80d260000 - 0x00007ff80d36a000 	C:\WINDOWS\SYSTEM32\WINHTTP.dll
0x00007ff818750000 - 0x00007ff8187bc000 	C:\WINDOWS\system32\mswsock.dll
0x00007ffffb440000 - 0x00007ffffb456000 	C:\Program Files\Java\jdk-17\bin\nio.dll
0x00007ff801670000 - 0x00007ff801680000 	C:\Program Files\Java\jdk-17\bin\verify.dll
0x00007ffff74f0000 - 0x00007ffff7517000 	C:\Users\FAST\.gradle\native\c067742578af261105cb4f569cf0c3c89f3d7b1fecec35dd04571415982c5e48\windows-amd64\native-platform.dll
0x00007fffe0b00000 - 0x00007fffe0c44000 	C:\Users\FAST\.gradle\native\100fb08df4bc3b14c8652ba06237920a3bd2aa13389f12d3474272988ae205f9\windows-amd64\native-platform-file-events.dll
0x00007fffff970000 - 0x00007fffff97a000 	C:\Program Files\Java\jdk-17\bin\management.dll
0x00007fffff580000 - 0x00007fffff58b000 	C:\Program Files\Java\jdk-17\bin\management_ext.dll
0x00007ff819180000 - 0x00007ff819198000 	C:\WINDOWS\SYSTEM32\CRYPTSP.dll
0x00007ff818040000 - 0x00007ff818078000 	C:\WINDOWS\system32\rsaenh.dll
0x00007ff819300000 - 0x00007ff81932e000 	C:\WINDOWS\SYSTEM32\USERENV.dll
0x00007ff818940000 - 0x00007ff81894c000 	C:\WINDOWS\SYSTEM32\CRYPTBASE.dll
0x00007ff818420000 - 0x00007ff81845b000 	C:\WINDOWS\SYSTEM32\IPHLPAPI.DLL
0x00007ff81a600000 - 0x00007ff81a608000 	C:\WINDOWS\System32\NSI.dll
0x00007ff80e450000 - 0x00007ff80e467000 	C:\WINDOWS\SYSTEM32\dhcpcsvc6.DLL
0x00007ff80e520000 - 0x00007ff80e53d000 	C:\WINDOWS\SYSTEM32\dhcpcsvc.DLL
0x00007ff818460000 - 0x00007ff81852a000 	C:\WINDOWS\SYSTEM32\DNSAPI.dll
0x00007ff813480000 - 0x00007ff81348e000 	C:\Program Files\Java\jdk-17\bin\sunmscapi.dll
0x00007ff819630000 - 0x00007ff81978d000 	C:\WINDOWS\System32\CRYPT32.dll
0x00007ff818a40000 - 0x00007ff818a67000 	C:\WINDOWS\SYSTEM32\ncrypt.dll
0x00007ff818a00000 - 0x00007ff818a3b000 	C:\WINDOWS\SYSTEM32\NTASN1.dll
0x00007ff80bea0000 - 0x00007ff80bea7000 	C:\WINDOWS\system32\wshunix.dll
0x00007ff810150000 - 0x00007ff810167000 	C:\WINDOWS\system32\napinsp.dll
0x00007ff807570000 - 0x00007ff80758b000 	C:\WINDOWS\system32\pnrpnsp.dll
0x00007ff813130000 - 0x00007ff813145000 	C:\WINDOWS\system32\wshbth.dll
0x00007ff814210000 - 0x00007ff81422d000 	C:\WINDOWS\system32\NLAapi.dll
0x00007ff80c700000 - 0x00007ff80c712000 	C:\WINDOWS\System32\winrnr.dll
0x00007ff806120000 - 0x00007ff80612a000 	C:\Windows\System32\rasadhlp.dll
0x00007ff806140000 - 0x00007ff8061c0000 	C:\WINDOWS\System32\fwpuclnt.dll

dbghelp: loaded successfully - version: 4.0.5 - missing functions: none
symbol engine: initialized successfully - sym options: 0x614 - pdb path: .;C:\Program Files\Java\jdk-17\bin;C:\WINDOWS\SYSTEM32;C:\WINDOWS\WinSxS\amd64_microsoft.windows.common-controls_6595b64144ccf1df_6.0.19041.5794_none_60bcd33171f2783c;C:\Program Files\Java\jdk-17\bin\server;C:\Users\FAST\.gradle\native\c067742578af261105cb4f569cf0c3c89f3d7b1fecec35dd04571415982c5e48\windows-amd64;C:\Users\FAST\.gradle\native\100fb08df4bc3b14c8652ba06237920a3bd2aa13389f12d3474272988ae205f9\windows-amd64

VM Arguments:
jvm_args: -XX:MaxMetaspaceSize=4G -XX:ReservedCodeCacheSize=512m -XX:+HeapDumpOnOutOfMemoryError --add-opens=java.base/java.util=ALL-UNNAMED --add-opens=java.base/java.lang=ALL-UNNAMED --add-opens=java.base/java.lang.invoke=ALL-UNNAMED --add-opens=java.prefs/java.util.prefs=ALL-UNNAMED --add-exports=jdk.compiler/com.sun.tools.javac.api=ALL-UNNAMED --add-exports=jdk.compiler/com.sun.tools.javac.util=ALL-UNNAMED --add-opens=java.base/java.nio.charset=ALL-UNNAMED --add-opens=java.base/java.net=ALL-UNNAMED --add-opens=java.base/java.util.concurrent.atomic=ALL-UNNAMED -Xmx8G -Dfile.encoding=windows-1256 -Duser.country=US -Duser.language=en -Duser.variant -javaagent:C:\Users\FAST\.gradle\wrapper\dists\gradle-8.10.2-all\7iv73wktx1xtkvlq19urqw1wm\gradle-8.10.2\lib\agents\gradle-instrumentation-agent-8.10.2.jar 
java_command: org.gradle.launcher.daemon.bootstrap.GradleDaemon 8.10.2
java_class_path (initial): C:\Users\FAST\.gradle\wrapper\dists\gradle-8.10.2-all\7iv73wktx1xtkvlq19urqw1wm\gradle-8.10.2\lib\gradle-daemon-main-8.10.2.jar
Launcher Type: SUN_STANDARD

[Global flags]
     intx CICompilerCount                          = 3                                         {product} {ergonomic}
     uint ConcGCThreads                            = 1                                         {product} {ergonomic}
     uint G1ConcRefinementThreads                  = 4                                         {product} {ergonomic}
   size_t G1HeapRegionSize                         = 4194304                                   {product} {ergonomic}
    uintx GCDrainStackTargetSize                   = 64                                        {product} {ergonomic}
     bool HeapDumpOnOutOfMemoryError               = true                                   {manageable} {command line}
   size_t InitialHeapSize                          = 134217728                                 {product} {ergonomic}
   size_t MarkStackSize                            = 4194304                                   {product} {ergonomic}
   size_t MaxHeapSize                              = 8589934592                                {product} {command line}
   size_t MaxMetaspaceSize                         = 4294967296                                {product} {command line}
   size_t MaxNewSize                               = 5150605312                                {product} {ergonomic}
   size_t MinHeapDeltaBytes                        = 4194304                                   {product} {ergonomic}
   size_t MinHeapSize                              = 8388608                                   {product} {ergonomic}
    uintx NonNMethodCodeHeapSize                   = 5832780                                {pd product} {ergonomic}
    uintx NonProfiledCodeHeapSize                  = 265519066                              {pd product} {ergonomic}
    uintx ProfiledCodeHeapSize                     = 265519066                              {pd product} {ergonomic}
    uintx ReservedCodeCacheSize                    = 536870912                              {pd product} {command line}
     bool SegmentedCodeCache                       = true                                      {product} {ergonomic}
   size_t SoftMaxHeapSize                          = 8589934592                             {manageable} {ergonomic}
   double SweeperThreshold                         = 0.234375                                  {product} {ergonomic}
     bool UseCompressedClassPointers               = true                           {product lp64_product} {ergonomic}
     bool UseCompressedOops                        = true                           {product lp64_product} {ergonomic}
     bool UseG1GC                                  = true                                      {product} {ergonomic}
     bool UseLargePagesIndividualAllocation        = false                                  {pd product} {ergonomic}

Logging:
Log output configuration:
 #0: stdout all=warning uptime,level,tags
 #1: stderr all=off uptime,level,tags

Environment Variables:
JAVA_HOME=C:\Program Files\Java\jdk-17
CLASSPATH=C:\Users\FAST\Desktop\flutterapp\kem\android\\gradle\wrapper\gradle-wrapper.jar
PATH=C:\Program Files\Java\jdk-17\bin;C:\Users\FAST\AppData\Local\Programs\Python\Python313\Lib;C:\Users\FAST\AppData\Local\Programs\Python\Python313\Scripts;C:\Program Files\Java\jdk-11.0.23+9\bin;C:\Program Files\Java\jdk-17\bin;C:\Users\FAST\AppData\Local\Programs\Python\Python310\Scripts\;C:\Users\FAST\AppData\Local\Programs\Python\Python310\;C:\Program Files\Common Files\Oracle\Java\javapath;C:\WINDOWS\system32;C:\WINDOWS;C:\WINDOWS\System32\Wbem;C:\WINDOWS\System32\WindowsPowerShell\v1.0\;C:\WINDOWS\System32\OpenSSH\;C:\Program Files (x86)\NVIDIA Corporation\PhysX\Common;C:\WINDOWS\system32;C:\WINDOWS;C:\WINDOWS\System32\Wbem;C:\WINDOWS\System32\WindowsPowerShell\v1.0\;C:\WINDOWS\System32\OpenSSH\;C:\Android;C:\Windows\System32;GRADLE_HOME%\bin%;C:\Program Files\Mullvad VPN\resources;C:\Program Files\dotnet\;C:\apktool;C:\Users\FAST\AppData\Local\Programs\Python\Python310\Scripts\;C:\Users\FAST\AppData\Local\Programs\Python\Python310\;C:\Users\FAST\AppData\Local\Programs\Python\Python313\Scripts\;C:\Users\FAST\AppData\Local\Programs\Python\Python313\;C:\Users\FAST\AppData\Local\Programs\Python\Python313\Lib\site-packages;C:\Users\FAST\AppData\Local\Programs\Python\Python313\Lib\site-packages\pyarmor;C:\Program Files\Java\jdk-17\bin;C:\Users\FAST\AppData\Local\Microsoft\WindowsApps;C:\Users\FAST\AppData\Local\Programs\Microsoft VS Code\bin;C:\flutter\bin;C:\Gradle\bin;C:\flutter;C:\flutter\bin\cache\dart-sdk;C:\flutter\bin\cache\dart-sdk\bin;D:\AndroidSDK;D:\AndroidSDK\platform-tools;D:\javafx-sdk-21.0.2\lib;C:\apktool;;C:\flutter\bin\mingit\cmd
USERNAME=FAST
OS=Windows_NT
PROCESSOR_IDENTIFIER=Intel64 Family 6 Model 61 Stepping 4, GenuineIntel



---------------  S Y S T E M  ---------------

OS:
 Windows 10 , 64 bit Build 19041 (10.0.19041.5794)
OS uptime: 0 days 8:22 hours

CPU: total 4 (initial active 4) (2 cores per cpu, 2 threads per core) family 6 model 61 stepping 4 microcode 0x2d, cx8, cmov, fxsr, ht, mmx, 3dnowpref, sse, sse2, sse3, ssse3, sse4.1, sse4.2, popcnt, lzcnt, tsc, tscinvbit, avx, avx2, aes, erms, clmul, bmi1, bmi2, rtm, adx, fma, vzeroupper, clflush

Memory: 4k page, system-wide physical 8067M (3604M free)
TotalPageFile size 97219M (AvailPageFile size 91639M)
current process WorkingSet (physical memory assigned to process): 1061M, peak: 1061M
current process commit charge ("private bytes"): 1121M, peak: 1121M

vm_info: Java HotSpot(TM) 64-Bit Server VM (17.0.12+8-LTS-286) for windows-amd64 JRE (17.0.12+8-LTS-286), built on Jun  5 2024 06:46:59 by "mach5one" with MS VC++ 17.6 (VS2022)

END.
