#
# A fatal error has been detected by the Java Runtime Environment:
#
#  EXCEPTION_ACCESS_VIOLATION (0xc0000005) at pc=0x00007ffaac266a28, pid=11744, tid=5012
#
# JRE version: Java(TM) SE Runtime Environment (17.0.12+8) (build 17.0.12+8-LTS-286)
# Java VM: Java HotSpot(TM) 64-Bit Server VM (17.0.12+8-LTS-286, mixed mode, sharing, tiered, compressed oops, compressed class ptrs, g1 gc, windows-amd64)
# Problematic frame:
# V  [jvm.dll+0x366a28]
#
# No core dump will be written. Minidumps are not enabled by default on client versions of Windows
#
# If you would like to submit a bug report, please visit:
#   https://bugreport.java.com/bugreport/crash.jsp
#

---------------  S U M M A R Y ------------

Command Line: -XX:MaxMetaspaceSize=4G -XX:ReservedCodeCacheSize=512m -XX:+HeapDumpOnOutOfMemoryError --add-opens=java.base/java.util=ALL-UNNAMED --add-opens=java.base/java.lang=ALL-UNNAMED --add-opens=java.base/java.lang.invoke=ALL-UNNAMED --add-opens=java.prefs/java.util.prefs=ALL-UNNAMED --add-exports=jdk.compiler/com.sun.tools.javac.api=ALL-UNNAMED --add-exports=jdk.compiler/com.sun.tools.javac.util=ALL-UNNAMED --add-opens=java.base/java.nio.charset=ALL-UNNAMED --add-opens=java.base/java.net=ALL-UNNAMED --add-opens=java.base/java.util.concurrent.atomic=ALL-UNNAMED -Xmx8G -Dfile.encoding=windows-1256 -Duser.country=US -Duser.language=en -Duser.variant -javaagent:C:\Users\FAST\.gradle\wrapper\dists\gradle-8.10.2-all\7iv73wktx1xtkvlq19urqw1wm\gradle-8.10.2\lib\agents\gradle-instrumentation-agent-8.10.2.jar org.gradle.launcher.daemon.bootstrap.GradleDaemon 8.10.2

Host: Intel(R) Core(TM) i5-5300U CPU @ 2.30GHz, 4 cores, 7G,  Windows 10 , 64 bit Build 19041 (10.0.19041.5794)
Time: Sat May 17 10:24:19 2025 Arab Standard Time elapsed time: 170.311815 seconds (0d 0h 2m 50s)

---------------  T H R E A D  ---------------

Current thread (0x000001320dd73520):  JavaThread "C2 CompilerThread1" daemon [_thread_in_native, id=5012, stack(0x000000132b800000,0x000000132b900000)]


Current CompileTask:
C2: 170381 18180       4       org.gradle.internal.vfs.impl.DefaultFileSystemAccess$$Lambda$523/0x00000131c54aa1c8::get (12 bytes)

Stack: [0x000000132b800000,0x000000132b900000],  sp=0x000000132b8fb910,  free space=1006k
Native frames: (J=compiled Java code, j=interpreted, Vv=VM code, C=native code)
V  [jvm.dll+0x366a28]
V  [jvm.dll+0x366a64]
V  [jvm.dll+0x5632b5]
V  [jvm.dll+0x563a7b]
V  [jvm.dll+0x1ba660]
V  [jvm.dll+0x216997]
V  [jvm.dll+0x215c6f]
V  [jvm.dll+0x1a2960]
V  [jvm.dll+0x22610b]
V  [jvm.dll+0x2242ab]
V  [jvm.dll+0x79075c]
V  [jvm.dll+0x78abea]
V  [jvm.dll+0x678f35]
C  [ucrtbase.dll+0x21bb2]
C  [KERNEL32.DLL+0x17374]
C  [ntdll.dll+0x4cc91]


siginfo: EXCEPTION_ACCESS_VIOLATION (0xc0000005), reading address 0x00000000013213cc


Registers:
RAX=0x00000000013213cc, RBX=0x000000132b8fe8b0, RCX=0x000000132b8ff3b0, RDX=0x0000000000000002
RSP=0x000000132b8fb910, RBP=0x0000000000000004, RSI=0x000001320aea7fc8, RDI=0x000001320aea7fc8
R8 =0x0000013213ccaee2, R9 =0x00007ffaaca098e8, R10=0x0000000000030980, R11=0x00000000000004dc
R12=0x0000000000000000, R13=0x0000013215afdac0, R14=0x0000000000000000, R15=0x00000132146da950
RIP=0x00007ffaac266a28, EFLAGS=0x0000000000010206


Register to memory mapping:

RIP=0x00007ffaac266a28 jvm.dll
RAX=0x00000000013213cc is an unknown value
RBX=0x000000132b8fe8b0 is pointing into the stack for thread: 0x000001320dd73520
RCX=0x000000132b8ff3b0 is pointing into the stack for thread: 0x000001320dd73520
RDX=0x0000000000000002 is an unknown value
RSP=0x000000132b8fb910 is pointing into the stack for thread: 0x000001320dd73520
RBP=0x0000000000000004 is an unknown value
RSI=0x000001320aea7fc8 points into unknown readable memory: 0x0000000000000000 | 00 00 00 00 00 00 00 00
RDI=0x000001320aea7fc8 points into unknown readable memory: 0x0000000000000000 | 00 00 00 00 00 00 00 00
R8 =0x0000013213ccaee2 points into unknown readable memory: 04 00 00 00 00 00
R9 =0x00007ffaaca098e8 jvm.dll
R10=0x0000000000030980 is an unknown value
R11=0x00000000000004dc is an unknown value
R12=0x0 is NULL
R13=0x0000013215afdac0 points into unknown readable memory: 0x0000000000000000 | 00 00 00 00 00 00 00 00
R14=0x0 is NULL
R15=0x00000132146da950 points into unknown readable memory: 0x0000000100000001 | 01 00 00 00 01 00 00 00


Top of Stack: (sp=0x000000132b8fb910)
0x000000132b8fb910:   000000132b8fe8b0 0000000000000004
0x000000132b8fb920:   0000013215205ae8 0000013215205ae8
0x000000132b8fb930:   0000000000000002 00007ffaac266a64
0x000000132b8fb940:   0000000000000000 000001321443d6c0
0x000000132b8fb950:   000001320aea7fc8 00007ffaac26725f
0x000000132b8fb960:   0000000000000000 00007ffaac4632b5
0x000000132b8fb970:   0000000000000002 0000000000000000
0x000000132b8fb980:   000001320aea7fc8 00007ffaac266a21
0x000000132b8fb990:   0000000000000000 0000000000000002
0x000000132b8fb9a0:   0000000100000002 0000000e00000001
0x000000132b8fb9b0:   0000013213ccb460 0000013214b3e4d8
0x000000132b8fb9c0:   0000013215205ae8 0000000000000000
0x000000132b8fb9d0:   000000000000038f 0000000000000001
0x000000132b8fb9e0:   0000000000000008 00000131c3bb9ab0
0x000000132b8fb9f0:   0000000000000001 0000013215205ae8
0x000000132b8fba00:   00000131c3bb9c10 0000000000000000 

Instructions: (pc=0x00007ffaac266a28)
0x00007ffaac266928:   48 8b 4f 28 48 85 c9 74 07 8b d3 e8 58 01 00 00
0x00007ffaac266938:   ff c3 3b 5f 14 72 b1 33 c0 48 8b 5c 24 30 48 8b
0x00007ffaac266948:   6c 24 38 48 8b 74 24 40 48 83 c4 20 5f c3 8b 47
0x00007ffaac266958:   10 48 8b 74 24 40 44 8d 04 82 41 c1 e0 06 41 81
0x00007ffaac266968:   c0 00 ff ff ff 44 89 47 08 49 8b 12 48 0f bc c2
0x00007ffaac266978:   44 89 4f 0c 8b c8 48 d3 ea 48 ff ca 41 03 c0 48
0x00007ffaac266988:   89 17 89 47 08 48 83 c4 20 5f c3 8b c8 44 8d 04
0x00007ffaac266998:   98 41 c1 e0 06 8d 43 01 44 89 47 08 48 8b 14 ca
0x00007ffaac2669a8:   89 47 10 48 0f bc c2 44 89 4f 0c 8b c8 48 d3 ea
0x00007ffaac2669b8:   48 ff ca 41 03 c0 48 89 17 89 47 08 e9 78 ff ff
0x00007ffaac2669c8:   ff cc cc cc cc cc cc cc 40 53 48 83 ec 20 65 48
0x00007ffaac2669d8:   8b 04 25 58 00 00 00 8b 0d 93 18 7e 00 48 8b 1c
0x00007ffaac2669e8:   c8 b8 50 00 00 00 80 3c 18 00 75 05 e8 b3 fa 4c
0x00007ffaac2669f8:   00 b8 20 00 00 00 48 8b 04 18 48 8b 88 d8 04 00
0x00007ffaac266a08:   00 48 8b 99 80 00 00 00 48 8b 83 d0 08 00 00 48
0x00007ffaac266a18:   85 c0 75 0c e8 7f 07 00 00 48 8b 83 d0 08 00 00
0x00007ffaac266a28:   48 8b 08 0f 57 c0 48 89 8b d0 08 00 00 0f 11 00
0x00007ffaac266a38:   0f 11 40 10 48 83 c4 20 5b c3 cc cc cc cc cc cc
0x00007ffaac266a48:   cc cc cc cc cc cc cc cc 48 89 5c 24 08 57 48 83
0x00007ffaac266a58:   ec 20 8b da 48 8b f9 e8 6c ff ff ff c1 eb 08 3b
0x00007ffaac266a68:   5f 04 72 08 44 8d 43 01 44 89 47 04 48 8b 4f 08
0x00007ffaac266a78:   48 89 04 d9 48 8b 5c 24 30 48 83 c4 20 5f c3 cc
0x00007ffaac266a88:   cc cc cc cc cc cc cc cc 48 89 5c 24 08 48 89 6c
0x00007ffaac266a98:   24 10 48 89 74 24 18 57 41 56 41 57 48 83 ec 20
0x00007ffaac266aa8:   8b c2 48 8b f9 8b 15 c5 17 7e 00 41 be 50 00 00
0x00007ffaac266ab8:   00 48 8d 34 c5 00 00 00 00 48 8b 41 08 48 8b 1c
0x00007ffaac266ac8:   06 65 48 8b 04 25 58 00 00 00 48 8b 2c d0 41 80
0x00007ffaac266ad8:   3c 2e 00 75 05 e8 ca f9 4c 00 41 bf 20 00 00 00
0x00007ffaac266ae8:   49 8b 04 2f 48 8b 88 d8 04 00 00 48 8b 81 80 00
0x00007ffaac266af8:   00 00 48 8b 88 d0 08 00 00 48 89 0b 41 80 3c 2e
0x00007ffaac266b08:   00 75 05 e8 9c f9 4c 00 49 8b 04 2f 48 8b 6c 24
0x00007ffaac266b18:   48 48 8b 88 d8 04 00 00 48 8b 81 80 00 00 00 48 


Stack slot to memory mapping:
stack at sp + 0 slots: 0x000000132b8fe8b0 is pointing into the stack for thread: 0x000001320dd73520
stack at sp + 1 slots: 0x0000000000000004 is an unknown value
stack at sp + 2 slots: 0x0000013215205ae8 points into unknown readable memory: 0x0000000e0000000d | 0d 00 00 00 0e 00 00 00
stack at sp + 3 slots: 0x0000013215205ae8 points into unknown readable memory: 0x0000000e0000000d | 0d 00 00 00 0e 00 00 00
stack at sp + 4 slots: 0x0000000000000002 is an unknown value
stack at sp + 5 slots: 0x00007ffaac266a64 jvm.dll
stack at sp + 6 slots: 0x0 is NULL
stack at sp + 7 slots: 0x000001321443d6c0 points into unknown readable memory: 0x0000000000000000 | 00 00 00 00 00 00 00 00


---------------  P R O C E S S  ---------------

Threads class SMR info:
_java_thread_list=0x00000132160d9250, length=94, elements={
0x00000131867cbdf0, 0x00000131c3780c00, 0x00000131c3781c70, 0x00000131c3793eb0,
0x00000131c3794f90, 0x00000131c3796000, 0x00000131c3799080, 0x00000131c37a6210,
0x00000131c37a73e0, 0x00000131c37b0cd0, 0x00000131c39a4640, 0x00000131c39a3710,
0x00000131c39a5f90, 0x00000131c39a4130, 0x00000131c39a5a80, 0x00000131c39a4b50,
0x00000131c39a5570, 0x00000131c39a69b0, 0x00000131c39a6ec0, 0x000001320921d8f0,
0x0000013209220680, 0x000001320921fc60, 0x000001320921d3e0, 0x000001320921ced0,
0x000001320921de00, 0x000001320921ed30, 0x000001320921f750, 0x000001320921f240,
0x000001320921e310, 0x000001320921e820, 0x0000013209220170, 0x000001320b49e070,
0x000001320b49b2e0, 0x000001320b49bd00, 0x000001320b4a1310, 0x000001320b49fed0,
0x000001320b4a1820, 0x000001320b4a03e0, 0x000001320b49ea90, 0x000001320b49e580,
0x000001320b49d140, 0x000001320b49c210, 0x000001320b49c720, 0x000001320b4a1d30,
0x000001320b49add0, 0x000001320b4a08f0, 0x000001320b49b7f0, 0x000001320b4a2240,
0x000001320b4a2750, 0x000001320b5a37e0, 0x000001320b5a79b0, 0x000001320b5a8df0,
0x000001320b5a6060, 0x000001320b5a9300, 0x000001320b5a9810, 0x000001320b5a4c20,
0x000001320b5a3cf0, 0x000001320b5a6570, 0x000001320b5a7ec0, 0x000001320b5a5130,
0x000001320b5a6a80, 0x000001320b5a9d20, 0x000001320b5a4200, 0x000001320b5aa230,
0x000001320b5aac50, 0x000001320b5ab160, 0x000001320b5aa740, 0x000001320b5a88e0,
0x000001320b5a83d0, 0x000001320b5a5640, 0x000001320b5a5b50, 0x000001320b5a4710,
0x000001320dffb450, 0x000001320dffe6f0, 0x000001320dffc380, 0x000001320dffcda0,
0x000001320e000a60, 0x000001320dffec00, 0x000001320dffc890, 0x000001320dfff110,
0x000001320dffd2b0, 0x000001320dffa520, 0x000001320dffb960, 0x000001320e001480,
0x000001320b49d650, 0x000001321425c670, 0x000001320dffd7c0, 0x000001321612df90,
0x000001321612c130, 0x000001321612b200, 0x000001321612c640, 0x000001321612cb50,
0x000001321612f3d0, 0x000001320dd73520
}

Java Threads: ( => current thread )
  0x00000131867cbdf0 JavaThread "main" [_thread_blocked, id=9360, stack(0x0000001325100000,0x0000001325200000)]
  0x00000131c3780c00 JavaThread "Reference Handler" daemon [_thread_blocked, id=2220, stack(0x0000001325800000,0x0000001325900000)]
  0x00000131c3781c70 JavaThread "Finalizer" daemon [_thread_blocked, id=3316, stack(0x0000001325900000,0x0000001325a00000)]
  0x00000131c3793eb0 JavaThread "Signal Dispatcher" daemon [_thread_blocked, id=3252, stack(0x0000001325a00000,0x0000001325b00000)]
  0x00000131c3794f90 JavaThread "Attach Listener" daemon [_thread_blocked, id=13112, stack(0x0000001325b00000,0x0000001325c00000)]
  0x00000131c3796000 JavaThread "Service Thread" daemon [_thread_blocked, id=12584, stack(0x0000001325c00000,0x0000001325d00000)]
  0x00000131c3799080 JavaThread "Monitor Deflation Thread" daemon [_thread_blocked, id=10796, stack(0x0000001325d00000,0x0000001325e00000)]
  0x00000131c37a6210 JavaThread "C2 CompilerThread0" daemon [_thread_in_native, id=624, stack(0x0000001325e00000,0x0000001325f00000)]
  0x00000131c37a73e0 JavaThread "C1 CompilerThread0" daemon [_thread_blocked, id=10284, stack(0x0000001325f00000,0x0000001326000000)]
  0x00000131c37b0cd0 JavaThread "Sweeper thread" daemon [_thread_blocked, id=5416, stack(0x0000001326000000,0x0000001326100000)]
  0x00000131c39a4640 JavaThread "Common-Cleaner" daemon [_thread_blocked, id=12608, stack(0x0000001326100000,0x0000001326200000)]
  0x00000131c39a3710 JavaThread "Notification Thread" daemon [_thread_blocked, id=9028, stack(0x0000001326200000,0x0000001326300000)]
  0x00000131c39a5f90 JavaThread "Daemon health stats" [_thread_blocked, id=6968, stack(0x0000001326800000,0x0000001326900000)]
  0x00000131c39a4130 JavaThread "Incoming local TCP Connector on port 26070" [_thread_in_native, id=1532, stack(0x0000001326900000,0x0000001326a00000)]
  0x00000131c39a5a80 JavaThread "Daemon periodic checks" [_thread_blocked, id=12248, stack(0x0000001326a00000,0x0000001326b00000)]
  0x00000131c39a4b50 JavaThread "Daemon" [_thread_blocked, id=2148, stack(0x0000001326700000,0x0000001326800000)]
  0x00000131c39a5570 JavaThread "Handler for socket connection from /127.0.0.1:26070 to /127.0.0.1:26071" [_thread_in_native, id=1776, stack(0x0000001326b00000,0x0000001326c00000)]
  0x00000131c39a69b0 JavaThread "Cancel handler" [_thread_blocked, id=7804, stack(0x0000001326c00000,0x0000001326d00000)]
  0x00000131c39a6ec0 JavaThread "Daemon worker" [_thread_blocked, id=11076, stack(0x0000001326d00000,0x0000001326e00000)]
  0x000001320921d8f0 JavaThread "Asynchronous log dispatcher for DefaultDaemonConnection: socket connection from /127.0.0.1:26070 to /127.0.0.1:26071" [_thread_blocked, id=12756, stack(0x0000001326e00000,0x0000001326f00000)]
  0x0000013209220680 JavaThread "Stdin handler" [_thread_blocked, id=1436, stack(0x0000001326f00000,0x0000001327000000)]
  0x000001320921fc60 JavaThread "Daemon client event forwarder" [_thread_blocked, id=12016, stack(0x0000001327000000,0x0000001327100000)]
  0x000001320921d3e0 JavaThread "Cache worker for journal cache (C:\Users\FAST\.gradle\caches\journal-1)" [_thread_blocked, id=664, stack(0x0000001327100000,0x0000001327200000)]
  0x000001320921ced0 JavaThread "File lock request listener" [_thread_in_native, id=7352, stack(0x0000001327200000,0x0000001327300000)]
  0x000001320921de00 JavaThread "Cache worker for file hash cache (C:\Users\FAST\.gradle\caches\8.10.2\fileHashes)" [_thread_in_native, id=12968, stack(0x0000001327300000,0x0000001327400000)]
  0x000001320921ed30 JavaThread "Cache worker for file hash cache (C:\Users\FAST\Desktop\kem\android\.gradle\8.10.2\fileHashes)" [_thread_blocked, id=8624, stack(0x0000001327500000,0x0000001327600000)]
  0x000001320921f750 JavaThread "Cache worker for Build Output Cleanup Cache (C:\Users\FAST\Desktop\kem\android\.gradle\buildOutputCleanup)" [_thread_blocked, id=380, stack(0x0000001327600000,0x0000001327700000)]
  0x000001320921f240 JavaThread "File watcher server" daemon [_thread_in_native, id=3732, stack(0x0000001327700000,0x0000001327800000)]
  0x000001320921e310 JavaThread "File watcher consumer" daemon [_thread_blocked, id=9552, stack(0x0000001327800000,0x0000001327900000)]
  0x000001320921e820 JavaThread "Cache worker for checksums cache (C:\Users\FAST\Desktop\kem\android\.gradle\8.10.2\checksums)" [_thread_blocked, id=7336, stack(0x0000001327900000,0x0000001327a00000)]
  0x0000013209220170 JavaThread "Cache worker for file content cache (C:\Users\FAST\.gradle\caches\8.10.2\fileContent)" [_thread_blocked, id=8480, stack(0x0000001327a00000,0x0000001327b00000)]
  0x000001320b49e070 JavaThread "Cache worker for cache directory md-rule (C:\Users\FAST\.gradle\caches\8.10.2\md-rule)" [_thread_blocked, id=3188, stack(0x0000001327b00000,0x0000001327c00000)]
  0x000001320b49b2e0 JavaThread "Cache worker for cache directory md-supplier (C:\Users\FAST\.gradle\caches\8.10.2\md-supplier)" [_thread_blocked, id=11508, stack(0x0000001327400000,0x0000001327500000)]
  0x000001320b49bd00 JavaThread "Cache worker for Build Output Cleanup Cache (C:\flutter\packages\flutter_tools\gradle\.gradle\buildOutputCleanup)" [_thread_blocked, id=11136, stack(0x0000001327e00000,0x0000001327f00000)]
  0x000001320b4a1310 JavaThread "Unconstrained build operations" [_thread_blocked, id=7416, stack(0x0000001327d00000,0x0000001327e00000)]
  0x000001320b49fed0 JavaThread "Unconstrained build operations Thread 2" [_thread_blocked, id=8660, stack(0x0000001327f00000,0x0000001328000000)]
  0x000001320b4a1820 JavaThread "Unconstrained build operations Thread 3" [_thread_blocked, id=4744, stack(0x0000001328000000,0x0000001328100000)]
  0x000001320b4a03e0 JavaThread "Unconstrained build operations Thread 4" [_thread_blocked, id=3308, stack(0x0000001328100000,0x0000001328200000)]
  0x000001320b49ea90 JavaThread "Unconstrained build operations Thread 5" [_thread_blocked, id=8948, stack(0x0000001328200000,0x0000001328300000)]
  0x000001320b49e580 JavaThread "Unconstrained build operations Thread 6" [_thread_blocked, id=5144, stack(0x0000001328300000,0x0000001328400000)]
  0x000001320b49d140 JavaThread "Unconstrained build operations Thread 7" [_thread_blocked, id=11080, stack(0x0000001328500000,0x0000001328600000)]
  0x000001320b49c210 JavaThread "Unconstrained build operations Thread 8" [_thread_blocked, id=12716, stack(0x0000001328600000,0x0000001328700000)]
  0x000001320b49c720 JavaThread "Unconstrained build operations Thread 9" [_thread_blocked, id=9444, stack(0x0000001328700000,0x0000001328800000)]
  0x000001320b4a1d30 JavaThread "Memory manager" [_thread_blocked, id=10808, stack(0x0000001328800000,0x0000001328900000)]
  0x000001320b49add0 JavaThread "build event listener" [_thread_blocked, id=2680, stack(0x0000001328400000,0x0000001328500000)]
  0x000001320b4a08f0 JavaThread "Execution worker" [_thread_blocked, id=2524, stack(0x0000001328b00000,0x0000001328c00000)]
  0x000001320b49b7f0 JavaThread "Execution worker Thread 2" [_thread_blocked, id=5700, stack(0x0000001328c00000,0x0000001328d00000)]
  0x000001320b4a2240 JavaThread "Execution worker Thread 3" [_thread_blocked, id=7008, stack(0x0000001328d00000,0x0000001328e00000)]
  0x000001320b4a2750 JavaThread "Cache worker for execution history cache (C:\flutter\packages\flutter_tools\gradle\.gradle\8.10.2\executionHistory)" [_thread_blocked, id=12252, stack(0x0000001328900000,0x0000001328a00000)]
  0x000001320b5a37e0 JavaThread "Unconstrained build operations Thread 10" [_thread_blocked, id=7216, stack(0x0000001328e00000,0x0000001328f00000)]
  0x000001320b5a79b0 JavaThread "Unconstrained build operations Thread 11" [_thread_blocked, id=8128, stack(0x0000001328f00000,0x0000001329000000)]
  0x000001320b5a8df0 JavaThread "Unconstrained build operations Thread 12" [_thread_blocked, id=3860, stack(0x0000001329000000,0x0000001329100000)]
  0x000001320b5a6060 JavaThread "Unconstrained build operations Thread 13" [_thread_blocked, id=8532, stack(0x0000001329100000,0x0000001329200000)]
  0x000001320b5a9300 JavaThread "Unconstrained build operations Thread 14" [_thread_blocked, id=12204, stack(0x0000001329200000,0x0000001329300000)]
  0x000001320b5a9810 JavaThread "Unconstrained build operations Thread 15" [_thread_blocked, id=9460, stack(0x0000001329300000,0x0000001329400000)]
  0x000001320b5a4c20 JavaThread "Unconstrained build operations Thread 16" [_thread_blocked, id=7488, stack(0x0000001329400000,0x0000001329500000)]
  0x000001320b5a3cf0 JavaThread "Unconstrained build operations Thread 17" [_thread_blocked, id=10728, stack(0x0000001329500000,0x0000001329600000)]
  0x000001320b5a6570 JavaThread "Unconstrained build operations Thread 18" [_thread_blocked, id=6636, stack(0x0000001329600000,0x0000001329700000)]
  0x000001320b5a7ec0 JavaThread "Unconstrained build operations Thread 19" [_thread_blocked, id=5712, stack(0x0000001329800000,0x0000001329900000)]
  0x000001320b5a5130 JavaThread "Unconstrained build operations Thread 20" [_thread_blocked, id=6764, stack(0x0000001329900000,0x0000001329a00000)]
  0x000001320b5a6a80 JavaThread "Unconstrained build operations Thread 21" [_thread_blocked, id=8108, stack(0x0000001329a00000,0x0000001329b00000)]
  0x000001320b5a9d20 JavaThread "Unconstrained build operations Thread 22" [_thread_blocked, id=2548, stack(0x0000001329b00000,0x0000001329c00000)]
  0x000001320b5a4200 JavaThread "Unconstrained build operations Thread 23" [_thread_blocked, id=8460, stack(0x0000001329c00000,0x0000001329d00000)]
  0x000001320b5aa230 JavaThread "Unconstrained build operations Thread 24" [_thread_blocked, id=3648, stack(0x0000001329d00000,0x0000001329e00000)]
  0x000001320b5aac50 JavaThread "Unconstrained build operations Thread 25" [_thread_blocked, id=11128, stack(0x0000001329e00000,0x0000001329f00000)]
  0x000001320b5ab160 JavaThread "Unconstrained build operations Thread 26" [_thread_blocked, id=13024, stack(0x0000001329f00000,0x000000132a000000)]
  0x000001320b5aa740 JavaThread "Unconstrained build operations Thread 27" [_thread_blocked, id=8824, stack(0x000000132a000000,0x000000132a100000)]
  0x000001320b5a88e0 JavaThread "Unconstrained build operations Thread 28" [_thread_blocked, id=2776, stack(0x000000132a100000,0x000000132a200000)]
  0x000001320b5a83d0 JavaThread "Unconstrained build operations Thread 29" [_thread_blocked, id=9340, stack(0x000000132a200000,0x000000132a300000)]
  0x000001320b5a5640 JavaThread "Unconstrained build operations Thread 30" [_thread_blocked, id=3720, stack(0x000000132a300000,0x000000132a400000)]
  0x000001320b5a5b50 JavaThread "jar transforms" [_thread_blocked, id=9372, stack(0x000000132a600000,0x000000132a700000)]
  0x000001320b5a4710 JavaThread "jar transforms Thread 2" [_thread_blocked, id=6388, stack(0x000000132a700000,0x000000132a800000)]
  0x000001320dffb450 JavaThread "jar transforms Thread 3" [_thread_blocked, id=3152, stack(0x000000132a800000,0x000000132a900000)]
  0x000001320dffe6f0 JavaThread "jar transforms Thread 4" [_thread_blocked, id=10848, stack(0x000000132a900000,0x000000132aa00000)]
  0x000001320dffc380 JavaThread "Unconstrained build operations Thread 31" [_thread_blocked, id=10472, stack(0x000000132aa00000,0x000000132ab00000)]
  0x000001320dffcda0 JavaThread "Unconstrained build operations Thread 32" [_thread_blocked, id=10052, stack(0x000000132ab00000,0x000000132ac00000)]
  0x000001320e000a60 JavaThread "Unconstrained build operations Thread 33" [_thread_blocked, id=11012, stack(0x000000132ac00000,0x000000132ad00000)]
  0x000001320dffec00 JavaThread "Unconstrained build operations Thread 34" [_thread_blocked, id=12212, stack(0x000000132ad00000,0x000000132ae00000)]
  0x000001320dffc890 JavaThread "Unconstrained build operations Thread 35" [_thread_blocked, id=10648, stack(0x000000132ae00000,0x000000132af00000)]
  0x000001320dfff110 JavaThread "Unconstrained build operations Thread 36" [_thread_blocked, id=1580, stack(0x000000132af00000,0x000000132b000000)]
  0x000001320dffd2b0 JavaThread "Unconstrained build operations Thread 37" [_thread_blocked, id=3600, stack(0x000000132b000000,0x000000132b100000)]
  0x000001320dffa520 JavaThread "Unconstrained build operations Thread 38" [_thread_blocked, id=5708, stack(0x000000132b100000,0x000000132b200000)]
  0x000001320dffb960 JavaThread "Unconstrained build operations Thread 39" [_thread_blocked, id=9328, stack(0x000000132b200000,0x000000132b300000)]
  0x000001320e001480 JavaThread "Unconstrained build operations Thread 40" [_thread_blocked, id=10644, stack(0x0000001324f00000,0x0000001325000000)]
  0x000001320b49d650 JavaThread "included builds Thread 2" [_thread_blocked, id=7616, stack(0x0000001325000000,0x0000001325100000)]
  0x000001321425c670 JavaThread "Cache worker for execution history cache (C:\Users\FAST\Desktop\kem\android\.gradle\8.10.2\executionHistory)" [_thread_blocked, id=4496, stack(0x0000001328a00000,0x0000001328b00000)]
  0x000001320dffd7c0 JavaThread "Exec process" [_thread_blocked, id=10272, stack(0x0000001329700000,0x0000001329800000)]
  0x000001321612df90 JavaThread "Exec process Thread 2" [_thread_blocked, id=7308, stack(0x000000132b300000,0x000000132b400000)]
  0x000001321612c130 JavaThread "Exec process Thread 3" [_thread_blocked, id=5372, stack(0x000000132b400000,0x000000132b500000)]
  0x000001321612b200 JavaThread "WorkerExecutor Queue" [_thread_blocked, id=13156, stack(0x0000001324e00000,0x0000001324f00000)]
  0x000001321612c640 JavaThread "WorkerExecutor Queue Thread 2" [_thread_blocked, id=1880, stack(0x000000132b500000,0x000000132b600000)]
  0x000001321612cb50 JavaThread "WorkerExecutor Queue Thread 3" [_thread_blocked, id=10968, stack(0x000000132b600000,0x000000132b700000)]
  0x000001321612f3d0 JavaThread "WorkerExecutor Queue Thread 4" [_thread_blocked, id=9648, stack(0x000000132b700000,0x000000132b800000)]
=>0x000001320dd73520 JavaThread "C2 CompilerThread1" daemon [_thread_in_native, id=5012, stack(0x000000132b800000,0x000000132b900000)]

Other Threads:
  0x00000131c3777b80 VMThread "VM Thread" [stack: 0x0000001325700000,0x0000001325800000] [id=9348]
  0x00000131868916f0 WatcherThread [stack: 0x0000001326300000,0x0000001326400000] [id=9356]
  0x0000013186878e40 GCTaskThread "GC Thread#0" [stack: 0x0000001325200000,0x0000001325300000] [id=8604]
  0x00000131c3b5e980 GCTaskThread "GC Thread#1" [stack: 0x0000001326400000,0x0000001326500000] [id=11240]
  0x00000131c3b5ec40 GCTaskThread "GC Thread#2" [stack: 0x0000001326500000,0x0000001326600000] [id=10560]
  0x000001320a3c9620 GCTaskThread "GC Thread#3" [stack: 0x0000001326600000,0x0000001326700000] [id=11528]
  0x0000013186889a40 ConcurrentGCThread "G1 Main Marker" [stack: 0x0000001325300000,0x0000001325400000] [id=248]
  0x000001318688b8b0 ConcurrentGCThread "G1 Conc#0" [stack: 0x0000001325400000,0x0000001325500000] [id=9544]
  0x00000131c3633500 ConcurrentGCThread "G1 Refine#0" [stack: 0x0000001325500000,0x0000001325600000] [id=3752]
  0x00000132092a56c0 ConcurrentGCThread "G1 Refine#1" [stack: 0x0000001327c00000,0x0000001327d00000] [id=11888]
  0x00000131c3633be0 ConcurrentGCThread "G1 Service" [stack: 0x0000001325600000,0x0000001325700000] [id=10600]

Threads with active compile tasks:
C2 CompilerThread0   170566 18228       4       org.gradle.internal.execution.steps.IdentifyStep$$Lambda$520/0x00000131c54a5e98::apply (20 bytes)
C2 CompilerThread1   170567 18180       4       org.gradle.internal.vfs.impl.DefaultFileSystemAccess$$Lambda$523/0x00000131c54aa1c8::get (12 bytes)

VM state: not at safepoint (normal execution)

VM Mutex/Monitor currently owned by a thread: None

Heap address: 0x0000000600000000, size: 8192 MB, Compressed Oops mode: Zero based, Oop shift amount: 3

CDS archive(s) mapped at: [0x00000131c4000000-0x00000131c4bd0000-0x00000131c4bd0000), size 12386304, SharedBaseAddress: 0x00000131c4000000, ArchiveRelocationMode: 1.
Compressed class space mapped at: 0x00000131c5000000-0x0000013205000000, reserved size: 1073741824
Narrow klass base: 0x00000131c4000000, Narrow klass shift: 0, Narrow klass range: 0x100000000

GC Precious Log:
 CPUs: 4 total, 4 available
 Memory: 8067M
 Large Page Support: Disabled
 NUMA Support: Disabled
 Compressed Oops: Enabled (Zero based)
 Heap Region Size: 4M
 Heap Min Capacity: 8M
 Heap Initial Capacity: 128M
 Heap Max Capacity: 8G
 Pre-touch: Disabled
 Parallel Workers: 4
 Concurrent Workers: 1
 Concurrent Refinement Workers: 4
 Periodic GC: Disabled

Heap:
 garbage-first heap   total 487424K, used 284301K [0x0000000600000000, 0x0000000800000000)
  region size 4096K, 4 young (16384K), 3 survivors (12288K)
 Metaspace       used 115227K, committed 116864K, reserved 1179648K
  class space    used 15970K, committed 16704K, reserved 1048576K

Heap Regions: E=young(eden), S=young(survivor), O=old, HS=humongous(starts), HC=humongous(continues), CS=collection set, F=free, OA=open archive, CA=closed archive, TAMS=top-at-mark-start (previous, next)
|   0|0x0000000600000000, 0x0000000600400000, 0x0000000600400000|100%|HS|  |TAMS 0x0000000600400000, 0x0000000600000000| Complete 
|   1|0x0000000600400000, 0x0000000600800000, 0x0000000600800000|100%| O|  |TAMS 0x0000000600800000, 0x0000000600400000| Untracked 
|   2|0x0000000600800000, 0x0000000600c00000, 0x0000000600c00000|100%| O|  |TAMS 0x0000000600c00000, 0x0000000600800000| Untracked 
|   3|0x0000000600c00000, 0x0000000601000000, 0x0000000601000000|100%| O|  |TAMS 0x0000000601000000, 0x0000000600c00000| Untracked 
|   4|0x0000000601000000, 0x0000000601400000, 0x0000000601400000|100%| O|  |TAMS 0x0000000601400000, 0x0000000601000000| Untracked 
|   5|0x0000000601400000, 0x0000000601800000, 0x0000000601800000|100%| O|  |TAMS 0x0000000601800000, 0x0000000601400000| Untracked 
|   6|0x0000000601800000, 0x0000000601c00000, 0x0000000601c00000|100%| O|  |TAMS 0x0000000601c00000, 0x0000000601800000| Untracked 
|   7|0x0000000601c00000, 0x0000000602000000, 0x0000000602000000|100%| O|  |TAMS 0x0000000602000000, 0x0000000601c00000| Untracked 
|   8|0x0000000602000000, 0x0000000602400000, 0x0000000602400000|100%| O|  |TAMS 0x0000000602400000, 0x0000000602000000| Untracked 
|   9|0x0000000602400000, 0x0000000602800000, 0x0000000602800000|100%|HS|  |TAMS 0x0000000602800000, 0x0000000602400000| Complete 
|  10|0x0000000602800000, 0x0000000602c00000, 0x0000000602c00000|100%| O|  |TAMS 0x0000000602c00000, 0x0000000602800000| Untracked 
|  11|0x0000000602c00000, 0x0000000603000000, 0x0000000603000000|100%|HS|  |TAMS 0x0000000603000000, 0x0000000602c00000| Complete 
|  12|0x0000000603000000, 0x0000000603400000, 0x0000000603400000|100%| O|  |TAMS 0x0000000603400000, 0x0000000603000000| Untracked 
|  13|0x0000000603400000, 0x0000000603800000, 0x0000000603800000|100%| O|  |TAMS 0x0000000603800000, 0x0000000603400000| Untracked 
|  14|0x0000000603800000, 0x0000000603c00000, 0x0000000603c00000|100%| O|  |TAMS 0x0000000603c00000, 0x0000000603800000| Untracked 
|  15|0x0000000603c00000, 0x0000000604000000, 0x0000000604000000|100%| O|  |TAMS 0x0000000604000000, 0x0000000603c00000| Untracked 
|  16|0x0000000604000000, 0x0000000604400000, 0x0000000604400000|100%| O|  |TAMS 0x0000000604400000, 0x0000000604000000| Untracked 
|  17|0x0000000604400000, 0x0000000604800000, 0x0000000604800000|100%| O|  |TAMS 0x0000000604800000, 0x0000000604400000| Untracked 
|  18|0x0000000604800000, 0x0000000604c00000, 0x0000000604c00000|100%|HS|  |TAMS 0x0000000604c00000, 0x0000000604800000| Complete 
|  19|0x0000000604c00000, 0x0000000605000000, 0x0000000605000000|100%| O|  |TAMS 0x0000000604c00000, 0x0000000604c00000| Untracked 
|  20|0x0000000605000000, 0x0000000605400000, 0x0000000605400000|100%| O|  |TAMS 0x0000000605400000, 0x0000000605000000| Untracked 
|  21|0x0000000605400000, 0x0000000605800000, 0x0000000605800000|100%| O|  |TAMS 0x0000000605800000, 0x0000000605400000| Untracked 
|  22|0x0000000605800000, 0x0000000605c00000, 0x0000000605c00000|100%| O|  |TAMS 0x0000000605c00000, 0x0000000605800000| Untracked 
|  23|0x0000000605c00000, 0x0000000606000000, 0x0000000606000000|100%| O|  |TAMS 0x0000000606000000, 0x0000000605c00000| Untracked 
|  24|0x0000000606000000, 0x0000000606400000, 0x0000000606400000|100%| O|  |TAMS 0x0000000606400000, 0x0000000606000000| Untracked 
|  25|0x0000000606400000, 0x0000000606800000, 0x0000000606800000|100%| O|  |TAMS 0x0000000606800000, 0x0000000606400000| Untracked 
|  26|0x0000000606800000, 0x0000000606c00000, 0x0000000606c00000|100%|HS|  |TAMS 0x0000000606c00000, 0x0000000606800000| Complete 
|  27|0x0000000606c00000, 0x0000000607000000, 0x0000000607000000|100%| O|  |TAMS 0x0000000607000000, 0x0000000606c00000| Untracked 
|  28|0x0000000607000000, 0x0000000607400000, 0x0000000607400000|100%| O|  |TAMS 0x0000000607400000, 0x0000000607000000| Untracked 
|  29|0x0000000607400000, 0x0000000607800000, 0x0000000607800000|100%| O|  |TAMS 0x0000000607800000, 0x0000000607400000| Untracked 
|  30|0x0000000607800000, 0x0000000607c00000, 0x0000000607c00000|100%|HS|  |TAMS 0x0000000607c00000, 0x0000000607800000| Complete 
|  31|0x0000000607c00000, 0x0000000608000000, 0x0000000608000000|100%| O|  |TAMS 0x0000000608000000, 0x0000000607c00000| Untracked 
|  32|0x0000000608000000, 0x0000000608400000, 0x0000000608400000|100%| O|  |TAMS 0x0000000608400000, 0x0000000608000000| Untracked 
|  33|0x0000000608400000, 0x0000000608800000, 0x0000000608800000|100%|HS|  |TAMS 0x0000000608400000, 0x0000000608400000| Complete 
|  34|0x0000000608800000, 0x0000000608c00000, 0x0000000608c00000|100%| O|  |TAMS 0x0000000608c00000, 0x0000000608800000| Untracked 
|  35|0x0000000608c00000, 0x0000000609000000, 0x0000000609000000|100%| O|  |TAMS 0x0000000609000000, 0x0000000608c00000| Untracked 
|  36|0x0000000609000000, 0x0000000609400000, 0x0000000609400000|100%| O|  |TAMS 0x0000000609400000, 0x0000000609000000| Untracked 
|  37|0x0000000609400000, 0x0000000609800000, 0x0000000609800000|100%| O|  |TAMS 0x0000000609800000, 0x0000000609400000| Untracked 
|  38|0x0000000609800000, 0x0000000609c00000, 0x0000000609c00000|100%| O|  |TAMS 0x0000000609c00000, 0x0000000609800000| Untracked 
|  39|0x0000000609c00000, 0x000000060a000000, 0x000000060a000000|100%| O|  |TAMS 0x000000060a000000, 0x0000000609c00000| Untracked 
|  40|0x000000060a000000, 0x000000060a400000, 0x000000060a400000|100%| O|  |TAMS 0x000000060a400000, 0x000000060a000000| Untracked 
|  41|0x000000060a400000, 0x000000060a800000, 0x000000060a800000|100%| O|  |TAMS 0x000000060a6acc00, 0x000000060a400000| Untracked 
|  42|0x000000060a800000, 0x000000060ac00000, 0x000000060ac00000|100%| O|  |TAMS 0x000000060a800000, 0x000000060a800000| Untracked 
|  43|0x000000060ac00000, 0x000000060b000000, 0x000000060b000000|100%| O|  |TAMS 0x000000060ac00000, 0x000000060ac00000| Untracked 
|  44|0x000000060b000000, 0x000000060b400000, 0x000000060b400000|100%| O|  |TAMS 0x000000060b000000, 0x000000060b000000| Untracked 
|  45|0x000000060b400000, 0x000000060b800000, 0x000000060b800000|100%| O|  |TAMS 0x000000060b400000, 0x000000060b400000| Untracked 
|  46|0x000000060b800000, 0x000000060bc00000, 0x000000060bc00000|100%| O|  |TAMS 0x000000060b800000, 0x000000060b800000| Untracked 
|  47|0x000000060bc00000, 0x000000060c000000, 0x000000060c000000|100%| O|  |TAMS 0x000000060bc00000, 0x000000060bc00000| Untracked 
|  48|0x000000060c000000, 0x000000060c400000, 0x000000060c400000|100%| O|  |TAMS 0x000000060c000000, 0x000000060c000000| Untracked 
|  49|0x000000060c400000, 0x000000060c800000, 0x000000060c800000|100%|HS|  |TAMS 0x000000060c400000, 0x000000060c400000| Complete 
|  50|0x000000060c800000, 0x000000060cc00000, 0x000000060cc00000|100%| O|  |TAMS 0x000000060c800000, 0x000000060c800000| Untracked 
|  51|0x000000060cc00000, 0x000000060d000000, 0x000000060d000000|100%| O|  |TAMS 0x000000060cc00000, 0x000000060cc00000| Untracked 
|  52|0x000000060d000000, 0x000000060d400000, 0x000000060d400000|100%| O|  |TAMS 0x000000060d000000, 0x000000060d000000| Untracked 
|  53|0x000000060d400000, 0x000000060d800000, 0x000000060d800000|100%| O|  |TAMS 0x000000060d400000, 0x000000060d400000| Untracked 
|  54|0x000000060d800000, 0x000000060dc00000, 0x000000060dc00000|100%| O|  |TAMS 0x000000060d800000, 0x000000060d800000| Untracked 
|  55|0x000000060dc00000, 0x000000060e000000, 0x000000060e000000|100%| O|  |TAMS 0x000000060dc00000, 0x000000060dc00000| Untracked 
|  56|0x000000060e000000, 0x000000060e400000, 0x000000060e400000|100%| O|  |TAMS 0x000000060e000000, 0x000000060e000000| Untracked 
|  57|0x000000060e400000, 0x000000060e800000, 0x000000060e800000|100%| O|  |TAMS 0x000000060e400000, 0x000000060e400000| Untracked 
|  58|0x000000060e800000, 0x000000060ec00000, 0x000000060ec00000|100%| O|  |TAMS 0x000000060e800000, 0x000000060e800000| Untracked 
|  59|0x000000060ec00000, 0x000000060f000000, 0x000000060f000000|100%| O|  |TAMS 0x000000060ec00000, 0x000000060ec00000| Untracked 
|  60|0x000000060f000000, 0x000000060f400000, 0x000000060f400000|100%| O|  |TAMS 0x000000060f000000, 0x000000060f000000| Untracked 
|  61|0x000000060f400000, 0x000000060f800000, 0x000000060f800000|100%| O|  |TAMS 0x000000060f400000, 0x000000060f400000| Untracked 
|  62|0x000000060f800000, 0x000000060fc00000, 0x000000060fc00000|100%| O|  |TAMS 0x000000060f800000, 0x000000060f800000| Untracked 
|  63|0x000000060fc00000, 0x0000000610000000, 0x0000000610000000|100%| O|  |TAMS 0x000000060fc00000, 0x000000060fc00000| Untracked 
|  64|0x0000000610000000, 0x0000000610400000, 0x0000000610400000|100%| O|  |TAMS 0x0000000610000000, 0x0000000610000000| Untracked 
|  65|0x0000000610400000, 0x0000000610800000, 0x0000000610800000|100%| O|  |TAMS 0x0000000610400000, 0x0000000610400000| Untracked 
|  66|0x0000000610800000, 0x0000000610bea800, 0x0000000610c00000| 97%| O|  |TAMS 0x0000000610800000, 0x0000000610800000| Untracked 
|  67|0x0000000610c00000, 0x0000000610c00000, 0x0000000611000000|  0%| F|  |TAMS 0x0000000610c00000, 0x0000000610c00000| Untracked 
|  68|0x0000000611000000, 0x0000000611000000, 0x0000000611400000|  0%| F|  |TAMS 0x0000000611000000, 0x0000000611000000| Untracked 
|  69|0x0000000611400000, 0x0000000611400000, 0x0000000611800000|  0%| F|  |TAMS 0x0000000611400000, 0x0000000611400000| Untracked 
|  70|0x0000000611800000, 0x0000000611800000, 0x0000000611c00000|  0%| F|  |TAMS 0x0000000611800000, 0x0000000611800000| Untracked 
|  71|0x0000000611c00000, 0x0000000611c00000, 0x0000000612000000|  0%| F|  |TAMS 0x0000000611c00000, 0x0000000611c00000| Untracked 
|  72|0x0000000612000000, 0x0000000612000000, 0x0000000612400000|  0%| F|  |TAMS 0x0000000612000000, 0x0000000612000000| Untracked 
|  73|0x0000000612400000, 0x0000000612400000, 0x0000000612800000|  0%| F|  |TAMS 0x0000000612400000, 0x0000000612400000| Untracked 
|  74|0x0000000612800000, 0x0000000612800000, 0x0000000612c00000|  0%| F|  |TAMS 0x0000000612800000, 0x0000000612800000| Untracked 
|  75|0x0000000612c00000, 0x0000000612c00000, 0x0000000613000000|  0%| F|  |TAMS 0x0000000612c00000, 0x0000000612c00000| Untracked 
|  76|0x0000000613000000, 0x0000000613000000, 0x0000000613400000|  0%| F|  |TAMS 0x0000000613000000, 0x0000000613000000| Untracked 
|  77|0x0000000613400000, 0x0000000613400000, 0x0000000613800000|  0%| F|  |TAMS 0x0000000613400000, 0x0000000613400000| Untracked 
|  78|0x0000000613800000, 0x0000000613800000, 0x0000000613c00000|  0%| F|  |TAMS 0x0000000613800000, 0x0000000613800000| Untracked 
|  79|0x0000000613c00000, 0x0000000613c00000, 0x0000000614000000|  0%| F|  |TAMS 0x0000000613c00000, 0x0000000613c00000| Untracked 
|  80|0x0000000614000000, 0x0000000614000000, 0x0000000614400000|  0%| F|  |TAMS 0x0000000614000000, 0x0000000614000000| Untracked 
|  81|0x0000000614400000, 0x0000000614400000, 0x0000000614800000|  0%| F|  |TAMS 0x0000000614400000, 0x0000000614400000| Untracked 
|  82|0x0000000614800000, 0x0000000614800000, 0x0000000614c00000|  0%| F|  |TAMS 0x0000000614800000, 0x0000000614800000| Untracked 
|  83|0x0000000614c00000, 0x0000000614c00000, 0x0000000615000000|  0%| F|  |TAMS 0x0000000614c00000, 0x0000000614c00000| Untracked 
|  84|0x0000000615000000, 0x0000000615000000, 0x0000000615400000|  0%| F|  |TAMS 0x0000000615000000, 0x0000000615000000| Untracked 
|  85|0x0000000615400000, 0x0000000615400000, 0x0000000615800000|  0%| F|  |TAMS 0x0000000615400000, 0x0000000615400000| Untracked 
|  86|0x0000000615800000, 0x0000000615800000, 0x0000000615c00000|  0%| F|  |TAMS 0x0000000615800000, 0x0000000615800000| Untracked 
|  87|0x0000000615c00000, 0x0000000615db8e30, 0x0000000616000000| 43%| S|CS|TAMS 0x0000000615c00000, 0x0000000615c00000| Complete 
|  88|0x0000000616000000, 0x0000000616400000, 0x0000000616400000|100%| S|CS|TAMS 0x0000000616000000, 0x0000000616000000| Complete 
|  89|0x0000000616400000, 0x0000000616800000, 0x0000000616800000|100%| S|CS|TAMS 0x0000000616400000, 0x0000000616400000| Complete 
|  90|0x0000000616800000, 0x0000000616800000, 0x0000000616c00000|  0%| F|  |TAMS 0x0000000616800000, 0x0000000616800000| Untracked 
|  91|0x0000000616c00000, 0x0000000616c00000, 0x0000000617000000|  0%| F|  |TAMS 0x0000000616c00000, 0x0000000616c00000| Untracked 
|  92|0x0000000617000000, 0x0000000617000000, 0x0000000617400000|  0%| F|  |TAMS 0x0000000617000000, 0x0000000617000000| Untracked 
|  93|0x0000000617400000, 0x0000000617400000, 0x0000000617800000|  0%| F|  |TAMS 0x0000000617400000, 0x0000000617400000| Untracked 
|  94|0x0000000617800000, 0x0000000617800000, 0x0000000617c00000|  0%| F|  |TAMS 0x0000000617800000, 0x0000000617800000| Untracked 
|  95|0x0000000617c00000, 0x0000000617c00000, 0x0000000618000000|  0%| F|  |TAMS 0x0000000617c00000, 0x0000000617c00000| Untracked 
|  96|0x0000000618000000, 0x0000000618000000, 0x0000000618400000|  0%| F|  |TAMS 0x0000000618000000, 0x0000000618000000| Untracked 
|  97|0x0000000618400000, 0x0000000618400000, 0x0000000618800000|  0%| F|  |TAMS 0x0000000618400000, 0x0000000618400000| Untracked 
|  98|0x0000000618800000, 0x0000000618800000, 0x0000000618c00000|  0%| F|  |TAMS 0x0000000618800000, 0x0000000618800000| Untracked 
|  99|0x0000000618c00000, 0x0000000618c00000, 0x0000000619000000|  0%| F|  |TAMS 0x0000000618c00000, 0x0000000618c00000| Untracked 
| 100|0x0000000619000000, 0x0000000619000000, 0x0000000619400000|  0%| F|  |TAMS 0x0000000619000000, 0x0000000619000000| Untracked 
| 101|0x0000000619400000, 0x0000000619400000, 0x0000000619800000|  0%| F|  |TAMS 0x0000000619400000, 0x0000000619400000| Untracked 
| 102|0x0000000619800000, 0x0000000619800000, 0x0000000619c00000|  0%| F|  |TAMS 0x0000000619800000, 0x0000000619800000| Untracked 
| 103|0x0000000619c00000, 0x0000000619c00000, 0x000000061a000000|  0%| F|  |TAMS 0x0000000619c00000, 0x0000000619c00000| Untracked 
| 104|0x000000061a000000, 0x000000061a000000, 0x000000061a400000|  0%| F|  |TAMS 0x000000061a000000, 0x000000061a000000| Untracked 
| 105|0x000000061a400000, 0x000000061a400000, 0x000000061a800000|  0%| F|  |TAMS 0x000000061a400000, 0x000000061a400000| Untracked 
| 106|0x000000061a800000, 0x000000061a800000, 0x000000061ac00000|  0%| F|  |TAMS 0x000000061a800000, 0x000000061a800000| Untracked 
| 107|0x000000061ac00000, 0x000000061ac00000, 0x000000061b000000|  0%| F|  |TAMS 0x000000061ac00000, 0x000000061ac00000| Untracked 
| 108|0x000000061b000000, 0x000000061b000000, 0x000000061b400000|  0%| F|  |TAMS 0x000000061b000000, 0x000000061b000000| Untracked 
| 109|0x000000061b400000, 0x000000061b400000, 0x000000061b800000|  0%| F|  |TAMS 0x000000061b400000, 0x000000061b400000| Untracked 
| 110|0x000000061b800000, 0x000000061b800000, 0x000000061bc00000|  0%| F|  |TAMS 0x000000061b800000, 0x000000061b800000| Untracked 
| 111|0x000000061bc00000, 0x000000061bc00000, 0x000000061c000000|  0%| F|  |TAMS 0x000000061bc00000, 0x000000061bc00000| Untracked 
| 112|0x000000061c000000, 0x000000061c000000, 0x000000061c400000|  0%| F|  |TAMS 0x000000061c000000, 0x000000061c000000| Untracked 
| 113|0x000000061c400000, 0x000000061c400000, 0x000000061c800000|  0%| F|  |TAMS 0x000000061c400000, 0x000000061c400000| Untracked 
| 114|0x000000061c800000, 0x000000061c800000, 0x000000061cc00000|  0%| F|  |TAMS 0x000000061c800000, 0x000000061c800000| Untracked 
| 115|0x000000061cc00000, 0x000000061cc00000, 0x000000061d000000|  0%| F|  |TAMS 0x000000061cc00000, 0x000000061cc00000| Untracked 
| 116|0x000000061d000000, 0x000000061d000000, 0x000000061d400000|  0%| F|  |TAMS 0x000000061d000000, 0x000000061d000000| Untracked 
| 117|0x000000061d400000, 0x000000061d400000, 0x000000061d800000|  0%| F|  |TAMS 0x000000061d400000, 0x000000061d400000| Untracked 
| 118|0x000000061d800000, 0x000000061db076e0, 0x000000061dc00000| 75%| E|  |TAMS 0x000000061d800000, 0x000000061d800000| Complete 

Card table byte_map: [0x00000131af1a0000,0x00000131b01a0000] _byte_map_base: 0x00000131ac1a0000

Marking Bits (Prev, Next): (CMBitMap*) 0x0000013186879150, (CMBitMap*) 0x0000013186879110
 Prev Bits: [0x00000131b91a0000, 0x00000131c11a0000)
 Next Bits: [0x00000131b11a0000, 0x00000131b91a0000)

Polling page: 0x0000013184600000

Metaspace:

Usage:
  Non-class:     96.93 MB used.
      Class:     15.60 MB used.
       Both:    112.53 MB used.

Virtual space:
  Non-class space:      128.00 MB reserved,      97.81 MB ( 76%) committed,  2 nodes.
      Class space:        1.00 GB reserved,      16.31 MB (  2%) committed,  1 nodes.
             Both:        1.12 GB reserved,     114.12 MB ( 10%) committed. 

Chunk freelists:
   Non-Class:  14.13 MB
       Class:  15.72 MB
        Both:  29.85 MB

MaxMetaspaceSize: 4.00 GB
CompressedClassSpaceSize: 1.00 GB
Initial GC threshold: 21.00 MB
Current GC threshold: 160.94 MB
CDS: on
MetaspaceReclaimPolicy: balanced
 - commit_granule_bytes: 65536.
 - commit_granule_words: 8192.
 - virtual_space_node_default_size: 8388608.
 - enlarge_chunks_in_place: 1.
 - new_chunks_are_fully_committed: 0.
 - uncommit_free_chunks: 1.
 - use_allocation_guard: 0.
 - handle_deallocations: 1.


Internal statistics:

num_allocs_failed_limit: 6.
num_arena_births: 2178.
num_arena_deaths: 0.
num_vsnodes_births: 3.
num_vsnodes_deaths: 0.
num_space_committed: 1825.
num_space_uncommitted: 0.
num_chunks_returned_to_freelist: 6.
num_chunks_taken_from_freelist: 7482.
num_chunk_merges: 6.
num_chunk_splits: 4688.
num_chunks_enlarged: 2806.
num_inconsistent_stats: 0.

CodeHeap 'non-profiled nmethods': size=259264Kb used=12965Kb max_used=12965Kb free=246298Kb
 bounds [0x000001319e360000, 0x000001319f010000, 0x00000131ae090000]
CodeHeap 'profiled nmethods': size=259264Kb used=29138Kb max_used=29138Kb free=230125Kb
 bounds [0x000001318e090000, 0x000001318fd10000, 0x000001319ddc0000]
CodeHeap 'non-nmethods': size=5760Kb used=2463Kb max_used=2505Kb free=3296Kb
 bounds [0x000001319ddc0000, 0x000001319e050000, 0x000001319e360000]
 total_blobs=16105 nmethods=15097 adapters=919
 compilation: enabled
              stopped_count=0, restarted_count=0
 full_count=0

Compilation events (20 events):
Event: 169.606 Thread 0x00000131c37a6210 nmethod 18227 0x000001319f009290 code [0x000001319f009420, 0x000001319f0095c8]
Event: 169.606 Thread 0x00000131c37a6210 18228       4       org.gradle.internal.execution.steps.IdentifyStep$$Lambda$520/0x00000131c54a5e98::apply (20 bytes)
Event: 169.616 Thread 0x00000131c37a73e0 18230       3       java.util.stream.AbstractPipeline$$Lambda$42/0x00000131c5063e40::get (8 bytes)
Event: 169.616 Thread 0x00000131c37a73e0 nmethod 18230 0x000001318fd00690 code [0x000001318fd00840, 0x000001318fd009e8]
Event: 169.745 Thread 0x00000131c37a73e0 18233       3       org.gradle.api.internal.artifacts.ivyservice.modulecache.artifacts.DefaultCachedArtifact::<init> (28 bytes)
Event: 169.746 Thread 0x00000131c37a73e0 nmethod 18233 0x000001318fd00b10 code [0x000001318fd00cc0, 0x000001318fd00fd8]
Event: 169.748 Thread 0x00000131c37a73e0 18234       3       org.gradle.api.internal.artifacts.ivyservice.modulecache.artifacts.DefaultModuleArtifactCache$CachedArtifactSerializer::read (116 bytes)
Event: 169.750 Thread 0x00000131c37a73e0 nmethod 18234 0x000001318fd01110 code [0x000001318fd013c0, 0x000001318fd024f8]
Event: 169.828 Thread 0x00000131c37a73e0 18235       3       com.google.common.collect.ImmutableSet::toImmutableSet (4 bytes)
Event: 169.828 Thread 0x00000131c37a73e0 nmethod 18235 0x000001318fd02b10 code [0x000001318fd02ca0, 0x000001318fd02df8]
Event: 169.828 Thread 0x00000131c37a73e0 18236       3       com.google.common.collect.CollectCollectors::toImmutableSet (4 bytes)
Event: 169.828 Thread 0x00000131c37a73e0 nmethod 18236 0x000001318f053d90 code [0x000001318f053f20, 0x000001318f054018]
Event: 169.846 Thread 0x00000131c37a73e0 18237       3       org.gradle.internal.vfs.impl.DefaultSnapshotHierarchy$$Lambda$552/0x00000131c54ba4c0::apply (10 bytes)
Event: 169.846 Thread 0x00000131c37a73e0 nmethod 18237 0x000001318fd02e90 code [0x000001318fd03040, 0x000001318fd03328]
Event: 169.851 Thread 0x00000131c37a73e0 18238       3       java.util.stream.ReduceOps$1ReducingSink::accept (19 bytes)
Event: 169.852 Thread 0x00000131c37a73e0 nmethod 18238 0x000001318fd03410 code [0x000001318fd035c0, 0x000001318fd03808]
Event: 169.879 Thread 0x00000131c37a73e0 18239       3       org.gradle.internal.snapshot.MissingFileSnapshot::getType (4 bytes)
Event: 169.879 Thread 0x00000131c37a73e0 nmethod 18239 0x000001318fd03910 code [0x000001318fd03aa0, 0x000001318fd03bb8]
Event: 169.900 Thread 0x00000131c37a73e0 18241       2       com.google.common.collect.CollectCollectors$$Lambda$583/0x00000131c54c7b88::apply (8 bytes)
Event: 169.901 Thread 0x00000131c37a73e0 nmethod 18241 0x000001318fd03c90 code [0x000001318fd03e40, 0x000001318fd03fe8]

GC Heap History (20 events):
Event: 78.069 GC heap before
{Heap before GC invocations=65 (full 0):
 garbage-first heap   total 335872K, used 262208K [0x0000000600000000, 0x0000000800000000)
  region size 4096K, 21 young (86016K), 1 survivors (4096K)
 Metaspace       used 98154K, committed 99200K, reserved 1179648K
  class space    used 13793K, committed 14272K, reserved 1048576K
}
Event: 78.084 GC heap after
{Heap after GC invocations=66 (full 0):
 garbage-first heap   total 405504K, used 190304K [0x0000000600000000, 0x0000000800000000)
  region size 4096K, 3 young (12288K), 3 survivors (12288K)
 Metaspace       used 98154K, committed 99200K, reserved 1179648K
  class space    used 13793K, committed 14272K, reserved 1048576K
}
Event: 79.765 GC heap before
{Heap before GC invocations=66 (full 0):
 garbage-first heap   total 405504K, used 304992K [0x0000000600000000, 0x0000000800000000)
  region size 4096K, 32 young (131072K), 3 survivors (12288K)
 Metaspace       used 98362K, committed 99520K, reserved 1179648K
  class space    used 13814K, committed 14336K, reserved 1048576K
}
Event: 79.786 GC heap after
{Heap after GC invocations=67 (full 0):
 garbage-first heap   total 405504K, used 195174K [0x0000000600000000, 0x0000000800000000)
  region size 4096K, 3 young (12288K), 3 survivors (12288K)
 Metaspace       used 98362K, committed 99520K, reserved 1179648K
  class space    used 13814K, committed 14336K, reserved 1048576K
}
Event: 81.660 GC heap before
{Heap before GC invocations=67 (full 0):
 garbage-first heap   total 405504K, used 322150K [0x0000000600000000, 0x0000000800000000)
  region size 4096K, 35 young (143360K), 3 survivors (12288K)
 Metaspace       used 98558K, committed 99648K, reserved 1179648K
  class space    used 13835K, committed 14336K, reserved 1048576K
}
Event: 81.688 GC heap after
{Heap after GC invocations=68 (full 0):
 garbage-first heap   total 405504K, used 200536K [0x0000000600000000, 0x0000000800000000)
  region size 4096K, 3 young (12288K), 3 survivors (12288K)
 Metaspace       used 98558K, committed 99648K, reserved 1179648K
  class space    used 13835K, committed 14336K, reserved 1048576K
}
Event: 85.602 GC heap before
{Heap before GC invocations=68 (full 0):
 garbage-first heap   total 405504K, used 327512K [0x0000000600000000, 0x0000000800000000)
  region size 4096K, 35 young (143360K), 3 survivors (12288K)
 Metaspace       used 98809K, committed 99968K, reserved 1179648K
  class space    used 13865K, committed 14400K, reserved 1048576K
}
Event: 85.632 GC heap after
{Heap after GC invocations=69 (full 0):
 garbage-first heap   total 405504K, used 205685K [0x0000000600000000, 0x0000000800000000)
  region size 4096K, 4 young (16384K), 4 survivors (16384K)
 Metaspace       used 98809K, committed 99968K, reserved 1179648K
  class space    used 13865K, committed 14400K, reserved 1048576K
}
Event: 86.951 GC heap before
{Heap before GC invocations=69 (full 0):
 garbage-first heap   total 405504K, used 320373K [0x0000000600000000, 0x0000000800000000)
  region size 4096K, 33 young (135168K), 4 survivors (16384K)
 Metaspace       used 98980K, committed 100160K, reserved 1179648K
  class space    used 13884K, committed 14400K, reserved 1048576K
}
Event: 86.980 GC heap after
{Heap after GC invocations=70 (full 0):
 garbage-first heap   total 405504K, used 210266K [0x0000000600000000, 0x0000000800000000)
  region size 4096K, 3 young (12288K), 3 survivors (12288K)
 Metaspace       used 98980K, committed 100160K, reserved 1179648K
  class space    used 13884K, committed 14400K, reserved 1048576K
}
Event: 92.115 GC heap before
{Heap before GC invocations=70 (full 0):
 garbage-first heap   total 405504K, used 337242K [0x0000000600000000, 0x0000000800000000)
  region size 4096K, 33 young (135168K), 3 survivors (12288K)
 Metaspace       used 99846K, committed 101184K, reserved 1179648K
  class space    used 13998K, committed 14592K, reserved 1048576K
}
Event: 92.153 GC heap after
{Heap after GC invocations=71 (full 0):
 garbage-first heap   total 405504K, used 231364K [0x0000000600000000, 0x0000000800000000)
  region size 4096K, 5 young (20480K), 5 survivors (20480K)
 Metaspace       used 99846K, committed 101184K, reserved 1179648K
  class space    used 13998K, committed 14592K, reserved 1048576K
}
Event: 93.832 GC heap before
{Heap before GC invocations=71 (full 0):
 garbage-first heap   total 405504K, used 329668K [0x0000000600000000, 0x0000000800000000)
  region size 4096K, 30 young (122880K), 5 survivors (20480K)
 Metaspace       used 100009K, committed 101312K, reserved 1179648K
  class space    used 14018K, committed 14592K, reserved 1048576K
}
Event: 93.879 GC heap after
{Heap after GC invocations=72 (full 0):
 garbage-first heap   total 405504K, used 239714K [0x0000000600000000, 0x0000000800000000)
  region size 4096K, 2 young (8192K), 2 survivors (8192K)
 Metaspace       used 100009K, committed 101312K, reserved 1179648K
  class space    used 14018K, committed 14592K, reserved 1048576K
}
Event: 95.835 GC heap before
{Heap before GC invocations=72 (full 0):
 garbage-first heap   total 405504K, used 333922K [0x0000000600000000, 0x0000000800000000)
  region size 4096K, 26 young (106496K), 2 survivors (8192K)
 Metaspace       used 100146K, committed 101440K, reserved 1179648K
  class space    used 14034K, committed 14592K, reserved 1048576K
}
Event: 95.854 GC heap after
{Heap after GC invocations=73 (full 0):
 garbage-first heap   total 487424K, used 242583K [0x0000000600000000, 0x0000000800000000)
  region size 4096K, 3 young (12288K), 3 survivors (12288K)
 Metaspace       used 100146K, committed 101440K, reserved 1179648K
  class space    used 14034K, committed 14592K, reserved 1048576K
}
Event: 100.555 GC heap before
{Heap before GC invocations=73 (full 0):
 garbage-first heap   total 487424K, used 385943K [0x0000000600000000, 0x0000000800000000)
  region size 4096K, 39 young (159744K), 3 survivors (12288K)
 Metaspace       used 106607K, committed 107968K, reserved 1179648K
  class space    used 14905K, committed 15488K, reserved 1048576K
}
Event: 100.613 GC heap after
{Heap after GC invocations=74 (full 0):
 garbage-first heap   total 487424K, used 256100K [0x0000000600000000, 0x0000000800000000)
  region size 4096K, 5 young (20480K), 5 survivors (20480K)
 Metaspace       used 106607K, committed 107968K, reserved 1179648K
  class space    used 14905K, committed 15488K, reserved 1048576K
}
Event: 104.125 GC heap before
{Heap before GC invocations=74 (full 0):
 garbage-first heap   total 487424K, used 391268K [0x0000000600000000, 0x0000000800000000)
  region size 4096K, 39 young (159744K), 5 survivors (20480K)
 Metaspace       used 112350K, committed 113984K, reserved 1179648K
  class space    used 15660K, committed 16384K, reserved 1048576K
}
Event: 104.192 GC heap after
{Heap after GC invocations=75 (full 0):
 garbage-first heap   total 487424K, used 273735K [0x0000000600000000, 0x0000000800000000)
  region size 4096K, 5 young (20480K), 5 survivors (20480K)
 Metaspace       used 112350K, committed 113984K, reserved 1179648K
  class space    used 15660K, committed 16384K, reserved 1048576K
}

Deoptimization events (20 events):
Event: 168.124 Thread 0x000001320b5a79b0 DEOPT PACKING pc=0x000001319e5ddf54 sp=0x0000001328ffb7a0
Event: 168.124 Thread 0x000001320b5a79b0 DEOPT UNPACKING pc=0x000001319de123a3 sp=0x0000001328ffb738 mode 2
Event: 168.143 Thread 0x000001320b49b7f0 Uncommon trap: trap_request=0xffffffbe fr.pc=0x000001319e5c958c relative=0x0000000000001aec
Event: 168.143 Thread 0x000001320b49b7f0 Uncommon trap: reason=profile_predicate action=maybe_recompile pc=0x000001319e5c958c method=com.google.common.collect.MapMakerInternalMap$Segment.expand()V @ 59 c2
Event: 168.144 Thread 0x000001320b49b7f0 DEOPT PACKING pc=0x000001319e5c958c sp=0x0000001328cf96e0
Event: 168.144 Thread 0x000001320b49b7f0 DEOPT UNPACKING pc=0x000001319de123a3 sp=0x0000001328cf9688 mode 2
Event: 168.409 Thread 0x000001320b5a79b0 Uncommon trap: trap_request=0xffffffde fr.pc=0x000001319ece65d0 relative=0x0000000000000370
Event: 168.409 Thread 0x000001320b5a79b0 Uncommon trap: reason=class_check action=maybe_recompile pc=0x000001319ece65d0 method=org.gradle.api.internal.artifacts.transform.TransformStep$$Lambda$1008/0x00000131c5678d80.apply(Ljava/lang/Object;)Ljava/lang/Object; @ 5 c2
Event: 168.409 Thread 0x000001320b5a79b0 DEOPT PACKING pc=0x000001319ece65d0 sp=0x0000001328ffe4f0
Event: 168.409 Thread 0x000001320b5a79b0 DEOPT UNPACKING pc=0x000001319de123a3 sp=0x0000001328ffe128 mode 2
Event: 169.199 Thread 0x000001320b5a6060 Uncommon trap: trap_request=0xffffff45 fr.pc=0x000001319e4f6908 relative=0x0000000000000528
Event: 169.199 Thread 0x000001320b5a6060 Uncommon trap: reason=unstable_if action=reinterpret pc=0x000001319e4f6908 method=java.util.concurrent.locks.ReentrantLock$Sync.tryLock()Z @ 34 c2
Event: 169.199 Thread 0x000001320b5a6060 DEOPT PACKING pc=0x000001319e4f6908 sp=0x00000013291feb50
Event: 169.199 Thread 0x000001320b5a6060 DEOPT UNPACKING pc=0x000001319de123a3 sp=0x00000013291fe910 mode 2
Event: 169.200 Thread 0x000001320b5a3cf0 Uncommon trap: trap_request=0xffffff45 fr.pc=0x000001319e6dc170 relative=0x0000000000000170
Event: 169.200 Thread 0x000001320b5a3cf0 Uncommon trap: reason=unstable_if action=reinterpret pc=0x000001319e6dc170 method=java.util.concurrent.locks.ReentrantLock$Sync.tryLock()Z @ 34 c2
Event: 169.200 Thread 0x000001320b5a3cf0 DEOPT PACKING pc=0x000001319e6dc170 sp=0x00000013295fe5e0
Event: 169.200 Thread 0x000001320b5a3cf0 DEOPT UNPACKING pc=0x000001319de123a3 sp=0x00000013295fe590 mode 2
Event: 169.751 Thread 0x000001320b49b7f0 DEOPT PACKING pc=0x000001318f1eefe3 sp=0x0000001328cfa8b0
Event: 169.751 Thread 0x000001320b49b7f0 DEOPT UNPACKING pc=0x000001319de12b43 sp=0x0000001328cf9dc0 mode 0

Classes unloaded (0 events):
No events

Classes redefined (0 events):
No events

Internal exceptions (20 events):
Event: 163.098 Thread 0x000001320b4a2240 Exception <a 'sun/nio/fs/WindowsException'{0x000000061bdd1180}> (0x000000061bdd1180) 
thrown [s\open\src\hotspot\share\prims\jni.cpp, line 516]
Event: 163.098 Thread 0x000001320b4a2240 Exception <a 'sun/nio/fs/WindowsException'{0x000000061bdd1568}> (0x000000061bdd1568) 
thrown [s\open\src\hotspot\share\prims\jni.cpp, line 516]
Event: 163.098 Thread 0x000001320b4a2240 Exception <a 'sun/nio/fs/WindowsException'{0x000000061bdd17c0}> (0x000000061bdd17c0) 
thrown [s\open\src\hotspot\share\prims\jni.cpp, line 516]
Event: 163.427 Thread 0x000001320b4a08f0 Exception <a 'sun/nio/fs/WindowsException'{0x000000061be4d578}> (0x000000061be4d578) 
thrown [s\open\src\hotspot\share\prims\jni.cpp, line 516]
Event: 163.427 Thread 0x000001320b4a08f0 Exception <a 'sun/nio/fs/WindowsException'{0x000000061be4ea20}> (0x000000061be4ea20) 
thrown [s\open\src\hotspot\share\prims\jni.cpp, line 516]
Event: 163.427 Thread 0x000001320b4a08f0 Exception <a 'sun/nio/fs/WindowsException'{0x000000061be4eab0}> (0x000000061be4eab0) 
thrown [s\open\src\hotspot\share\prims\jni.cpp, line 516]
Event: 163.428 Thread 0x000001320b4a08f0 Exception <a 'sun/nio/fs/WindowsException'{0x000000061be4ebf8}> (0x000000061be4ebf8) 
thrown [s\open\src\hotspot\share\prims\jni.cpp, line 516]
Event: 163.440 Thread 0x000001320b49b7f0 Exception <a 'sun/nio/fs/WindowsException'{0x000000061beb86e8}> (0x000000061beb86e8) 
thrown [s\open\src\hotspot\share\prims\jni.cpp, line 516]
Event: 163.440 Thread 0x000001320b49b7f0 Exception <a 'sun/nio/fs/WindowsException'{0x000000061beb9700}> (0x000000061beb9700) 
thrown [s\open\src\hotspot\share\prims\jni.cpp, line 516]
Event: 163.440 Thread 0x000001320b49b7f0 Exception <a 'sun/nio/fs/WindowsException'{0x000000061beb9b10}> (0x000000061beb9b10) 
thrown [s\open\src\hotspot\share\prims\jni.cpp, line 516]
Event: 163.440 Thread 0x000001320b49b7f0 Exception <a 'sun/nio/fs/WindowsException'{0x000000061beb9d88}> (0x000000061beb9d88) 
thrown [s\open\src\hotspot\share\prims\jni.cpp, line 516]
Event: 163.620 Thread 0x000001320b49d650 Exception <a 'sun/nio/fs/WindowsException'{0x000000061bedd990}> (0x000000061bedd990) 
thrown [s\open\src\hotspot\share\prims\jni.cpp, line 516]
Event: 163.620 Thread 0x000001320b49d650 Exception <a 'sun/nio/fs/WindowsException'{0x000000061bedeb10}> (0x000000061bedeb10) 
thrown [s\open\src\hotspot\share\prims\jni.cpp, line 516]
Event: 163.620 Thread 0x000001320b49d650 Exception <a 'sun/nio/fs/WindowsException'{0x000000061bedeba0}> (0x000000061bedeba0) 
thrown [s\open\src\hotspot\share\prims\jni.cpp, line 516]
Event: 163.620 Thread 0x000001320b49d650 Exception <a 'sun/nio/fs/WindowsException'{0x000000061beee308}> (0x000000061beee308) 
thrown [s\open\src\hotspot\share\prims\jni.cpp, line 516]
Event: 164.290 Thread 0x000001320b49b7f0 Exception <a 'java/lang/NoSuchMethodError'{0x000000061bb3a520}: 'int java.lang.invoke.DirectMethodHandle$Holder.invokeSpecial(java.lang.Object, java.lang.Object, int)'> (0x000000061bb3a520) 
thrown [s\open\src\hotspot\share\interpreter\linkResolver.cpp, line 759]
Event: 167.911 Thread 0x000001320b5a79b0 Implicit null exception at 0x000001319ed64a66 to 0x000001319ed659d0
Event: 167.912 Thread 0x000001320b5a6060 Implicit null exception at 0x000001319ed64a66 to 0x000001319ed659d0
Event: 167.912 Thread 0x000001320b49b7f0 Implicit null exception at 0x000001319ed64a66 to 0x000001319ed659d0
Event: 167.912 Thread 0x000001320b5a3cf0 Implicit null exception at 0x000001319ed64a66 to 0x000001319ed659d0

VM Operations (20 events):
Event: 161.353 Executing VM operation: Cleanup
Event: 161.353 Executing VM operation: Cleanup done
Event: 162.354 Executing VM operation: Cleanup
Event: 162.354 Executing VM operation: Cleanup done
Event: 162.741 Executing VM operation: HandshakeAllThreads
Event: 162.742 Executing VM operation: HandshakeAllThreads done
Event: 163.711 Executing VM operation: ICBufferFull
Event: 163.712 Executing VM operation: ICBufferFull done
Event: 164.715 Executing VM operation: Cleanup
Event: 164.715 Executing VM operation: Cleanup done
Event: 165.730 Executing VM operation: Cleanup
Event: 165.730 Executing VM operation: Cleanup done
Event: 166.746 Executing VM operation: Cleanup
Event: 166.746 Executing VM operation: Cleanup done
Event: 167.761 Executing VM operation: Cleanup
Event: 167.762 Executing VM operation: Cleanup done
Event: 168.769 Executing VM operation: Cleanup
Event: 168.771 Executing VM operation: Cleanup done
Event: 169.771 Executing VM operation: Cleanup
Event: 169.771 Executing VM operation: Cleanup done

Events (20 events):
Event: 160.323 loading class java/util/zip/Deflater$DeflaterZStreamRef done
Event: 160.384 loading class java/nio/StringCharBuffer
Event: 160.395 loading class java/nio/StringCharBuffer done
Event: 160.412 loading class java/io/CharArrayWriter
Event: 160.463 loading class java/io/CharArrayWriter done
Event: 160.487 Thread 0x000001320dd784d0 Thread added: 0x000001320dd784d0
Event: 160.704 Thread 0x000001320dd784d0 Thread exited: 0x000001320dd784d0
Event: 162.512 Thread 0x000001321612b200 Thread added: 0x000001321612b200
Event: 162.655 Thread 0x000001321612c640 Thread added: 0x000001321612c640
Event: 162.713 Thread 0x000001321612cb50 Thread added: 0x000001321612cb50
Event: 162.800 Thread 0x000001321612f3d0 Thread added: 0x000001321612f3d0
Event: 162.938 Thread 0x000001320dd72fd0 Thread added: 0x000001320dd72fd0
Event: 163.093 Thread 0x000001320dd72fd0 Thread exited: 0x000001320dd72fd0
Event: 163.435 Thread 0x000001320dd72fd0 Thread added: 0x000001320dd72fd0
Event: 163.616 Thread 0x000001320dd72fd0 Thread exited: 0x000001320dd72fd0
Event: 164.284 loading class java/io/SequenceInputStream
Event: 164.284 loading class java/io/SequenceInputStream done
Event: 164.290 loading class java/util/function/IntUnaryOperator
Event: 164.290 loading class java/util/function/IntUnaryOperator done
Event: 167.890 Thread 0x000001320dd73520 Thread added: 0x000001320dd73520


Dynamic libraries:
0x00007ff6cc960000 - 0x00007ff6cc970000 	C:\Program Files\Java\jdk-17\bin\java.exe
0x00007ffb042f0000 - 0x00007ffb044e8000 	C:\WINDOWS\SYSTEM32\ntdll.dll
0x00007ffb03d60000 - 0x00007ffb03e22000 	C:\WINDOWS\System32\KERNEL32.DLL
0x00007ffb01ba0000 - 0x00007ffb01e96000 	C:\WINDOWS\System32\KERNELBASE.dll
0x00007ffb01ea0000 - 0x00007ffb01fa0000 	C:\WINDOWS\System32\ucrtbase.dll
0x00007ffaf2590000 - 0x00007ffaf25ab000 	C:\Program Files\Java\jdk-17\bin\VCRUNTIME140.dll
0x00007ffaed9b0000 - 0x00007ffaed9c9000 	C:\Program Files\Java\jdk-17\bin\jli.dll
0x00007ffb03cb0000 - 0x00007ffb03d5f000 	C:\WINDOWS\System32\ADVAPI32.dll
0x00007ffb040b0000 - 0x00007ffb0414e000 	C:\WINDOWS\System32\msvcrt.dll
0x00007ffb03440000 - 0x00007ffb034df000 	C:\WINDOWS\System32\sechost.dll
0x00007ffb027b0000 - 0x00007ffb028d3000 	C:\WINDOWS\System32\RPCRT4.dll
0x00007ffb02250000 - 0x00007ffb02277000 	C:\WINDOWS\System32\bcrypt.dll
0x00007ffb025b0000 - 0x00007ffb0274d000 	C:\WINDOWS\System32\USER32.dll
0x00007ffaf0060000 - 0x00007ffaf02fa000 	C:\WINDOWS\WinSxS\amd64_microsoft.windows.common-controls_6595b64144ccf1df_6.0.19041.5794_none_60bcd33171f2783c\COMCTL32.dll
0x00007ffb02220000 - 0x00007ffb02242000 	C:\WINDOWS\System32\win32u.dll
0x00007ffb04150000 - 0x00007ffb0417b000 	C:\WINDOWS\System32\GDI32.dll
0x00007ffb02100000 - 0x00007ffb0221a000 	C:\WINDOWS\System32\gdi32full.dll
0x00007ffb02280000 - 0x00007ffb0231d000 	C:\WINDOWS\System32\msvcp_win.dll
0x00007ffaf7f60000 - 0x00007ffaf7f6a000 	C:\WINDOWS\SYSTEM32\VERSION.dll
0x00007ffb02580000 - 0x00007ffb025af000 	C:\WINDOWS\System32\IMM32.DLL
0x00007ffaf3200000 - 0x00007ffaf320c000 	C:\Program Files\Java\jdk-17\bin\vcruntime140_1.dll
0x00007ffac8c90000 - 0x00007ffac8d1e000 	C:\Program Files\Java\jdk-17\bin\msvcp140.dll
0x00007ffaabf00000 - 0x00007ffaacae0000 	C:\Program Files\Java\jdk-17\bin\server\jvm.dll
0x00007ffb02320000 - 0x00007ffb02328000 	C:\WINDOWS\System32\PSAPI.DLL
0x00007ffaf2dc0000 - 0x00007ffaf2de7000 	C:\WINDOWS\SYSTEM32\WINMM.dll
0x00007ffaf3180000 - 0x00007ffaf3189000 	C:\WINDOWS\SYSTEM32\WSOCK32.dll
0x00007ffb03eb0000 - 0x00007ffb03f1b000 	C:\WINDOWS\System32\ws2_32.DLL
0x00007ffb001b0000 - 0x00007ffb001c2000 	C:\WINDOWS\SYSTEM32\kernel.appcore.dll
0x00007ffaf2ba0000 - 0x00007ffaf2baa000 	C:\Program Files\Java\jdk-17\bin\jimage.dll
0x00007ffaf8890000 - 0x00007ffaf8a74000 	C:\WINDOWS\SYSTEM32\DBGHELP.DLL
0x00007ffaf3140000 - 0x00007ffaf3174000 	C:\WINDOWS\SYSTEM32\dbgcore.DLL
0x00007ffb02070000 - 0x00007ffb020f2000 	C:\WINDOWS\System32\bcryptPrimitives.dll
0x00007ffaf0900000 - 0x00007ffaf090e000 	C:\Program Files\Java\jdk-17\bin\instrument.dll
0x00007ffaec160000 - 0x00007ffaec185000 	C:\Program Files\Java\jdk-17\bin\java.dll
0x00007ffac56d0000 - 0x00007ffac57a7000 	C:\Program Files\Java\jdk-17\bin\jsvml.dll
0x00007ffb034e0000 - 0x00007ffb03c4e000 	C:\WINDOWS\System32\SHELL32.dll
0x00007ffaff3c0000 - 0x00007ffaffb63000 	C:\WINDOWS\SYSTEM32\windows.storage.dll
0x00007ffb02f20000 - 0x00007ffb03273000 	C:\WINDOWS\System32\combase.dll
0x00007ffb013c0000 - 0x00007ffb013eb000 	C:\WINDOWS\SYSTEM32\Wldp.dll
0x00007ffb03370000 - 0x00007ffb0343d000 	C:\WINDOWS\System32\OLEAUT32.dll
0x00007ffb04180000 - 0x00007ffb0422d000 	C:\WINDOWS\System32\SHCORE.dll
0x00007ffb03f20000 - 0x00007ffb03f75000 	C:\WINDOWS\System32\shlwapi.dll
0x00007ffb018c0000 - 0x00007ffb018e5000 	C:\WINDOWS\SYSTEM32\profapi.dll
0x00007ffaec140000 - 0x00007ffaec158000 	C:\Program Files\Java\jdk-17\bin\zip.dll
0x00007ffaed8b0000 - 0x00007ffaed8c9000 	C:\Program Files\Java\jdk-17\bin\net.dll
0x00007ffaf82e0000 - 0x00007ffaf83ea000 	C:\WINDOWS\SYSTEM32\WINHTTP.dll
0x00007ffb01120000 - 0x00007ffb0118c000 	C:\WINDOWS\system32\mswsock.dll
0x00007ffaed4f0000 - 0x00007ffaed506000 	C:\Program Files\Java\jdk-17\bin\nio.dll
0x00007ffaf29e0000 - 0x00007ffaf29f0000 	C:\Program Files\Java\jdk-17\bin\verify.dll
0x00007ffaec070000 - 0x00007ffaec097000 	C:\Users\FAST\.gradle\native\c067742578af261105cb4f569cf0c3c89f3d7b1fecec35dd04571415982c5e48\windows-amd64\native-platform.dll
0x00007ffac5580000 - 0x00007ffac56c4000 	C:\Users\FAST\.gradle\native\100fb08df4bc3b14c8652ba06237920a3bd2aa13389f12d3474272988ae205f9\windows-amd64\native-platform-file-events.dll
0x00007ffaf2550000 - 0x00007ffaf255a000 	C:\Program Files\Java\jdk-17\bin\management.dll
0x00007ffaf2510000 - 0x00007ffaf251b000 	C:\Program Files\Java\jdk-17\bin\management_ext.dll
0x00007ffb01310000 - 0x00007ffb01328000 	C:\WINDOWS\SYSTEM32\CRYPTSP.dll
0x00007ffb009d0000 - 0x00007ffb00a08000 	C:\WINDOWS\system32\rsaenh.dll
0x00007ffb01880000 - 0x00007ffb018ae000 	C:\WINDOWS\SYSTEM32\USERENV.dll
0x00007ffb01330000 - 0x00007ffb0133c000 	C:\WINDOWS\SYSTEM32\CRYPTBASE.dll
0x00007ffb00db0000 - 0x00007ffb00deb000 	C:\WINDOWS\SYSTEM32\IPHLPAPI.DLL
0x00007ffb02330000 - 0x00007ffb02338000 	C:\WINDOWS\System32\NSI.dll
0x00007ffaf8570000 - 0x00007ffaf8587000 	C:\WINDOWS\SYSTEM32\dhcpcsvc6.DLL
0x00007ffaf8640000 - 0x00007ffaf865d000 	C:\WINDOWS\SYSTEM32\dhcpcsvc.DLL
0x00007ffb00e00000 - 0x00007ffb00eca000 	C:\WINDOWS\SYSTEM32\DNSAPI.dll
0x00007ffaf0430000 - 0x00007ffaf043e000 	C:\Program Files\Java\jdk-17\bin\sunmscapi.dll
0x00007ffb01990000 - 0x00007ffb01aed000 	C:\WINDOWS\System32\CRYPT32.dll
0x00007ffb01430000 - 0x00007ffb01457000 	C:\WINDOWS\SYSTEM32\ncrypt.dll
0x00007ffb013f0000 - 0x00007ffb0142b000 	C:\WINDOWS\SYSTEM32\NTASN1.dll
0x00007ffaeeaf0000 - 0x00007ffaeeaf7000 	C:\WINDOWS\system32\wshunix.dll
0x00007ffaec860000 - 0x00007ffaec877000 	C:\WINDOWS\system32\napinsp.dll
0x00007ffae45f0000 - 0x00007ffae460b000 	C:\WINDOWS\system32\pnrpnsp.dll
0x00007ffafdda0000 - 0x00007ffafddb5000 	C:\WINDOWS\system32\wshbth.dll
0x00007ffafbff0000 - 0x00007ffafc00d000 	C:\WINDOWS\system32\NLAapi.dll
0x00007ffae4520000 - 0x00007ffae4532000 	C:\WINDOWS\System32\winrnr.dll
0x00007ffaef4d0000 - 0x00007ffaef4da000 	C:\Windows\System32\rasadhlp.dll
0x00007ffaefb70000 - 0x00007ffaefbf0000 	C:\WINDOWS\System32\fwpuclnt.dll

dbghelp: loaded successfully - version: 4.0.5 - missing functions: none
symbol engine: initialized successfully - sym options: 0x614 - pdb path: .;C:\Program Files\Java\jdk-17\bin;C:\WINDOWS\SYSTEM32;C:\WINDOWS\WinSxS\amd64_microsoft.windows.common-controls_6595b64144ccf1df_6.0.19041.5794_none_60bcd33171f2783c;C:\Program Files\Java\jdk-17\bin\server;C:\Users\FAST\.gradle\native\c067742578af261105cb4f569cf0c3c89f3d7b1fecec35dd04571415982c5e48\windows-amd64;C:\Users\FAST\.gradle\native\100fb08df4bc3b14c8652ba06237920a3bd2aa13389f12d3474272988ae205f9\windows-amd64

VM Arguments:
jvm_args: -XX:MaxMetaspaceSize=4G -XX:ReservedCodeCacheSize=512m -XX:+HeapDumpOnOutOfMemoryError --add-opens=java.base/java.util=ALL-UNNAMED --add-opens=java.base/java.lang=ALL-UNNAMED --add-opens=java.base/java.lang.invoke=ALL-UNNAMED --add-opens=java.prefs/java.util.prefs=ALL-UNNAMED --add-exports=jdk.compiler/com.sun.tools.javac.api=ALL-UNNAMED --add-exports=jdk.compiler/com.sun.tools.javac.util=ALL-UNNAMED --add-opens=java.base/java.nio.charset=ALL-UNNAMED --add-opens=java.base/java.net=ALL-UNNAMED --add-opens=java.base/java.util.concurrent.atomic=ALL-UNNAMED -Xmx8G -Dfile.encoding=windows-1256 -Duser.country=US -Duser.language=en -Duser.variant -javaagent:C:\Users\FAST\.gradle\wrapper\dists\gradle-8.10.2-all\7iv73wktx1xtkvlq19urqw1wm\gradle-8.10.2\lib\agents\gradle-instrumentation-agent-8.10.2.jar 
java_command: org.gradle.launcher.daemon.bootstrap.GradleDaemon 8.10.2
java_class_path (initial): C:\Users\FAST\.gradle\wrapper\dists\gradle-8.10.2-all\7iv73wktx1xtkvlq19urqw1wm\gradle-8.10.2\lib\gradle-daemon-main-8.10.2.jar
Launcher Type: SUN_STANDARD

[Global flags]
     intx CICompilerCount                          = 3                                         {product} {ergonomic}
     uint ConcGCThreads                            = 1                                         {product} {ergonomic}
     uint G1ConcRefinementThreads                  = 4                                         {product} {ergonomic}
   size_t G1HeapRegionSize                         = 4194304                                   {product} {ergonomic}
    uintx GCDrainStackTargetSize                   = 64                                        {product} {ergonomic}
     bool HeapDumpOnOutOfMemoryError               = true                                   {manageable} {command line}
   size_t InitialHeapSize                          = 134217728                                 {product} {ergonomic}
   size_t MarkStackSize                            = 4194304                                   {product} {ergonomic}
   size_t MaxHeapSize                              = 8589934592                                {product} {command line}
   size_t MaxMetaspaceSize                         = 4294967296                                {product} {command line}
   size_t MaxNewSize                               = 5150605312                                {product} {ergonomic}
   size_t MinHeapDeltaBytes                        = 4194304                                   {product} {ergonomic}
   size_t MinHeapSize                              = 8388608                                   {product} {ergonomic}
    uintx NonNMethodCodeHeapSize                   = 5832780                                {pd product} {ergonomic}
    uintx NonProfiledCodeHeapSize                  = 265519066                              {pd product} {ergonomic}
    uintx ProfiledCodeHeapSize                     = 265519066                              {pd product} {ergonomic}
    uintx ReservedCodeCacheSize                    = 536870912                              {pd product} {command line}
     bool SegmentedCodeCache                       = true                                      {product} {ergonomic}
   size_t SoftMaxHeapSize                          = 8589934592                             {manageable} {ergonomic}
   double SweeperThreshold                         = 0.234375                                  {product} {ergonomic}
     bool UseCompressedClassPointers               = true                           {product lp64_product} {ergonomic}
     bool UseCompressedOops                        = true                           {product lp64_product} {ergonomic}
     bool UseG1GC                                  = true                                      {product} {ergonomic}
     bool UseLargePagesIndividualAllocation        = false                                  {pd product} {ergonomic}

Logging:
Log output configuration:
 #0: stdout all=warning uptime,level,tags
 #1: stderr all=off uptime,level,tags

Environment Variables:
JAVA_HOME=C:\Program Files\Java\jdk-17
CLASSPATH=C:\Users\FAST\Desktop\kem\android\\gradle\wrapper\gradle-wrapper.jar
PATH=C:\Program Files\Java\jdk-17\bin;C:\Users\FAST\AppData\Local\Programs\Python\Python313\Lib;C:\Users\FAST\AppData\Local\Programs\Python\Python313\Scripts;C:\Program Files\Java\jdk-17\bin;C:\Program Files\Java\jdk-17\bin;C:\Users\FAST\AppData\Local\Programs\Python\Python310\Scripts\;C:\Users\FAST\AppData\Local\Programs\Python\Python310\;C:\Program Files\Common Files\Oracle\Java\javapath;C:\WINDOWS\system32;C:\WINDOWS;C:\WINDOWS\System32\Wbem;C:\WINDOWS\System32\WindowsPowerShell\v1.0\;C:\WINDOWS\System32\OpenSSH\;C:\Program Files (x86)\NVIDIA Corporation\PhysX\Common;C:\WINDOWS\system32;C:\WINDOWS;C:\WINDOWS\System32\Wbem;C:\WINDOWS\System32\WindowsPowerShell\v1.0\;C:\WINDOWS\System32\OpenSSH\;C:\Android;C:\Windows\System32;GRADLE_HOME%\bin%;C:\Program Files\Mullvad VPN\resources;C:\Program Files\dotnet\;C:\apktool;C:\Program Files\playit_gg\bin\;C:\Users\FAST\AppData\Local\Programs\Python\Python310\Scripts\;C:\Users\FAST\AppData\Local\Programs\Python\Python310\;C:\Users\FAST\AppData\Local\Programs\Python\Python313\Scripts\;C:\Users\FAST\AppData\Local\Programs\Python\Python313\;C:\Users\FAST\AppData\Local\Programs\Python\Python313\Lib\site-packages;C:\Users\FAST\AppData\Local\Programs\Python\Python313\Lib\site-packages\pyarmor;C:\Program Files\Java\jdk-17\bin;C:\Users\FAST\AppData\Local\Microsoft\WindowsApps;C:\Users\FAST\AppData\Local\Programs\Microsoft VS Code\bin;C:\flutter\bin;C:\Gradle\bin;C:\flutter;C:\flutter\bin\cache\dart-sdk;C:\flutter\bin\cache\dart-sdk\bin;D:\AndroidSDK;D:\AndroidSDK\platform-tools;D:\javafx-sdk-21.0.2\lib;C:\apktool;;C:\flutter\bin\mingit\cmd
USERNAME=FAST
OS=Windows_NT
PROCESSOR_IDENTIFIER=Intel64 Family 6 Model 61 Stepping 4, GenuineIntel



---------------  S Y S T E M  ---------------

OS:
 Windows 10 , 64 bit Build 19041 (10.0.19041.5794)
OS uptime: 0 days 2:13 hours

CPU: total 4 (initial active 4) (2 cores per cpu, 2 threads per core) family 6 model 61 stepping 4 microcode 0x2d, cx8, cmov, fxsr, ht, mmx, 3dnowpref, sse, sse2, sse3, ssse3, sse4.1, sse4.2, popcnt, lzcnt, tsc, tscinvbit, avx, avx2, aes, erms, clmul, bmi1, bmi2, rtm, adx, fma, vzeroupper, clflush

Memory: 4k page, system-wide physical 8067M (3955M free)
TotalPageFile size 97219M (AvailPageFile size 91871M)
current process WorkingSet (physical memory assigned to process): 816M, peak: 820M
current process commit charge ("private bytes"): 864M, peak: 868M

vm_info: Java HotSpot(TM) 64-Bit Server VM (17.0.12+8-LTS-286) for windows-amd64 JRE (17.0.12+8-LTS-286), built on Jun  5 2024 06:46:59 by "mach5one" with MS VC++ 17.6 (VS2022)

END.
